{"numFailedTestSuites":1,"numFailedTests":23,"numPassedTestSuites":7,"numPassedTests":118,"numPendingTestSuites":0,"numPendingTests":0,"numRuntimeErrorTestSuites":1,"numTodoTests":0,"numTotalTestSuites":8,"numTotalTests":141,"openHandles":[],"snapshot":{"added":0,"didUpdate":false,"failure":false,"filesAdded":0,"filesRemoved":0,"filesRemovedList":[],"filesUnmatched":0,"filesUpdated":0,"matched":0,"total":0,"unchecked":0,"uncheckedKeysByFile":[],"unmatched":0,"updated":0},"startTime":1761623555059,"success":false,"testResults":[{"assertionResults":[{"ancestorTitles":["Admin Socket.IO Integration Tests","Admin Namespace Authentication"],"duration":2,"failureDetails":[{"message":"thrown: \"Exceeded timeout of 30000 ms for a hook.\nAdd a timeout value to this test to increase the timeout, if this is a long-running test. See https://jestjs.io/docs/api#testname-fn-timeout.\""}],"failureMessages":["Error: thrown: \"Exceeded timeout of 30000 ms for a hook.\nAdd a timeout value to this test to increase the timeout, if this is a long-running test. See https://jestjs.io/docs/api#testname-fn-timeout.\"\n    at C:\\Verbfy\\backend\\src\\__tests__\\integration\\adminSocketIO.test.ts:24:29\n    at _dispatchDescribe (C:\\Verbfy\\backend\\node_modules\\jest-circus\\build\\index.js:91:26)\n    at describe (C:\\Verbfy\\backend\\node_modules\\jest-circus\\build\\index.js:55:5)\n    at Object.<anonymous> (C:\\Verbfy\\backend\\src\\__tests__\\integration\\adminSocketIO.test.ts:14:24)\n    at Runtime._execModule (C:\\Verbfy\\backend\\node_modules\\jest-runtime\\build\\index.js:1439:24)\n    at Runtime._loadModule (C:\\Verbfy\\backend\\node_modules\\jest-runtime\\build\\index.js:1022:12)\n    at Runtime.requireModule (C:\\Verbfy\\backend\\node_modules\\jest-runtime\\build\\index.js:882:12)\n    at jestAdapter (C:\\Verbfy\\backend\\node_modules\\jest-circus\\build\\legacy-code-todo-rewrite\\jestAdapter.js:77:13)\n    at runTestInternal (C:\\Verbfy\\backend\\node_modules\\jest-runner\\build\\runTest.js:367:16)\n    at runTest (C:\\Verbfy\\backend\\node_modules\\jest-runner\\build\\runTest.js:444:34)"],"fullName":"Admin Socket.IO Integration Tests Admin Namespace Authentication should allow admin users to connect to admin namespace","invocations":1,"location":null,"numPassingAsserts":0,"retryReasons":[],"status":"failed","title":"should allow admin users to connect to admin namespace"},{"ancestorTitles":["Admin Socket.IO Integration Tests","Admin Namespace Authentication"],"duration":1,"failureDetails":[{"message":"thrown: \"Exceeded timeout of 30000 ms for a hook.\nAdd a timeout value to this test to increase the timeout, if this is a long-running test. See https://jestjs.io/docs/api#testname-fn-timeout.\""}],"failureMessages":["Error: thrown: \"Exceeded timeout of 30000 ms for a hook.\nAdd a timeout value to this test to increase the timeout, if this is a long-running test. See https://jestjs.io/docs/api#testname-fn-timeout.\"\n    at C:\\Verbfy\\backend\\src\\__tests__\\integration\\adminSocketIO.test.ts:24:29\n    at _dispatchDescribe (C:\\Verbfy\\backend\\node_modules\\jest-circus\\build\\index.js:91:26)\n    at describe (C:\\Verbfy\\backend\\node_modules\\jest-circus\\build\\index.js:55:5)\n    at Object.<anonymous> (C:\\Verbfy\\backend\\src\\__tests__\\integration\\adminSocketIO.test.ts:14:24)\n    at Runtime._execModule (C:\\Verbfy\\backend\\node_modules\\jest-runtime\\build\\index.js:1439:24)\n    at Runtime._loadModule (C:\\Verbfy\\backend\\node_modules\\jest-runtime\\build\\index.js:1022:12)\n    at Runtime.requireModule (C:\\Verbfy\\backend\\node_modules\\jest-runtime\\build\\index.js:882:12)\n    at jestAdapter (C:\\Verbfy\\backend\\node_modules\\jest-circus\\build\\legacy-code-todo-rewrite\\jestAdapter.js:77:13)\n    at runTestInternal (C:\\Verbfy\\backend\\node_modules\\jest-runner\\build\\runTest.js:367:16)\n    at runTest (C:\\Verbfy\\backend\\node_modules\\jest-runner\\build\\runTest.js:444:34)"],"fullName":"Admin Socket.IO Integration Tests Admin Namespace Authentication should reject non-admin users from admin namespace","invocations":1,"location":null,"numPassingAsserts":0,"retryReasons":[],"status":"failed","title":"should reject non-admin users from admin namespace"},{"ancestorTitles":["Admin Socket.IO Integration Tests","Admin Namespace Authentication"],"duration":0,"failureDetails":[{"message":"thrown: \"Exceeded timeout of 30000 ms for a hook.\nAdd a timeout value to this test to increase the timeout, if this is a long-running test. See https://jestjs.io/docs/api#testname-fn-timeout.\""}],"failureMessages":["Error: thrown: \"Exceeded timeout of 30000 ms for a hook.\nAdd a timeout value to this test to increase the timeout, if this is a long-running test. See https://jestjs.io/docs/api#testname-fn-timeout.\"\n    at C:\\Verbfy\\backend\\src\\__tests__\\integration\\adminSocketIO.test.ts:24:29\n    at _dispatchDescribe (C:\\Verbfy\\backend\\node_modules\\jest-circus\\build\\index.js:91:26)\n    at describe (C:\\Verbfy\\backend\\node_modules\\jest-circus\\build\\index.js:55:5)\n    at Object.<anonymous> (C:\\Verbfy\\backend\\src\\__tests__\\integration\\adminSocketIO.test.ts:14:24)\n    at Runtime._execModule (C:\\Verbfy\\backend\\node_modules\\jest-runtime\\build\\index.js:1439:24)\n    at Runtime._loadModule (C:\\Verbfy\\backend\\node_modules\\jest-runtime\\build\\index.js:1022:12)\n    at Runtime.requireModule (C:\\Verbfy\\backend\\node_modules\\jest-runtime\\build\\index.js:882:12)\n    at jestAdapter (C:\\Verbfy\\backend\\node_modules\\jest-circus\\build\\legacy-code-todo-rewrite\\jestAdapter.js:77:13)\n    at runTestInternal (C:\\Verbfy\\backend\\node_modules\\jest-runner\\build\\runTest.js:367:16)\n    at runTest (C:\\Verbfy\\backend\\node_modules\\jest-runner\\build\\runTest.js:444:34)"],"fullName":"Admin Socket.IO Integration Tests Admin Namespace Authentication should reject connections without valid token","invocations":1,"location":null,"numPassingAsserts":0,"retryReasons":[],"status":"failed","title":"should reject connections without valid token"},{"ancestorTitles":["Admin Socket.IO Integration Tests","Admin Namespace Authentication"],"duration":0,"failureDetails":[{"message":"thrown: \"Exceeded timeout of 30000 ms for a hook.\nAdd a timeout value to this test to increase the timeout, if this is a long-running test. See https://jestjs.io/docs/api#testname-fn-timeout.\""}],"failureMessages":["Error: thrown: \"Exceeded timeout of 30000 ms for a hook.\nAdd a timeout value to this test to increase the timeout, if this is a long-running test. See https://jestjs.io/docs/api#testname-fn-timeout.\"\n    at C:\\Verbfy\\backend\\src\\__tests__\\integration\\adminSocketIO.test.ts:24:29\n    at _dispatchDescribe (C:\\Verbfy\\backend\\node_modules\\jest-circus\\build\\index.js:91:26)\n    at describe (C:\\Verbfy\\backend\\node_modules\\jest-circus\\build\\index.js:55:5)\n    at Object.<anonymous> (C:\\Verbfy\\backend\\src\\__tests__\\integration\\adminSocketIO.test.ts:14:24)\n    at Runtime._execModule (C:\\Verbfy\\backend\\node_modules\\jest-runtime\\build\\index.js:1439:24)\n    at Runtime._loadModule (C:\\Verbfy\\backend\\node_modules\\jest-runtime\\build\\index.js:1022:12)\n    at Runtime.requireModule (C:\\Verbfy\\backend\\node_modules\\jest-runtime\\build\\index.js:882:12)\n    at jestAdapter (C:\\Verbfy\\backend\\node_modules\\jest-circus\\build\\legacy-code-todo-rewrite\\jestAdapter.js:77:13)\n    at runTestInternal (C:\\Verbfy\\backend\\node_modules\\jest-runner\\build\\runTest.js:367:16)\n    at runTest (C:\\Verbfy\\backend\\node_modules\\jest-runner\\build\\runTest.js:444:34)"],"fullName":"Admin Socket.IO Integration Tests Admin Namespace Authentication should reject connections without token","invocations":1,"location":null,"numPassingAsserts":0,"retryReasons":[],"status":"failed","title":"should reject connections without token"},{"ancestorTitles":["Admin Socket.IO Integration Tests","System Health Notifications"],"duration":0,"failureDetails":[{"message":"thrown: \"Exceeded timeout of 30000 ms for a hook.\nAdd a timeout value to this test to increase the timeout, if this is a long-running test. See https://jestjs.io/docs/api#testname-fn-timeout.\""}],"failureMessages":["Error: thrown: \"Exceeded timeout of 30000 ms for a hook.\nAdd a timeout value to this test to increase the timeout, if this is a long-running test. See https://jestjs.io/docs/api#testname-fn-timeout.\"\n    at C:\\Verbfy\\backend\\src\\__tests__\\integration\\adminSocketIO.test.ts:24:29\n    at _dispatchDescribe (C:\\Verbfy\\backend\\node_modules\\jest-circus\\build\\index.js:91:26)\n    at describe (C:\\Verbfy\\backend\\node_modules\\jest-circus\\build\\index.js:55:5)\n    at Object.<anonymous> (C:\\Verbfy\\backend\\src\\__tests__\\integration\\adminSocketIO.test.ts:14:24)\n    at Runtime._execModule (C:\\Verbfy\\backend\\node_modules\\jest-runtime\\build\\index.js:1439:24)\n    at Runtime._loadModule (C:\\Verbfy\\backend\\node_modules\\jest-runtime\\build\\index.js:1022:12)\n    at Runtime.requireModule (C:\\Verbfy\\backend\\node_modules\\jest-runtime\\build\\index.js:882:12)\n    at jestAdapter (C:\\Verbfy\\backend\\node_modules\\jest-circus\\build\\legacy-code-todo-rewrite\\jestAdapter.js:77:13)\n    at runTestInternal (C:\\Verbfy\\backend\\node_modules\\jest-runner\\build\\runTest.js:367:16)\n    at runTest (C:\\Verbfy\\backend\\node_modules\\jest-runner\\build\\runTest.js:444:34)"],"fullName":"Admin Socket.IO Integration Tests System Health Notifications should emit system health notifications to admin clients","invocations":1,"location":null,"numPassingAsserts":0,"retryReasons":[],"status":"failed","title":"should emit system health notifications to admin clients"},{"ancestorTitles":["Admin Socket.IO Integration Tests","System Health Notifications"],"duration":1,"failureDetails":[{"message":"thrown: \"Exceeded timeout of 30000 ms for a hook.\nAdd a timeout value to this test to increase the timeout, if this is a long-running test. See https://jestjs.io/docs/api#testname-fn-timeout.\""}],"failureMessages":["Error: thrown: \"Exceeded timeout of 30000 ms for a hook.\nAdd a timeout value to this test to increase the timeout, if this is a long-running test. See https://jestjs.io/docs/api#testname-fn-timeout.\"\n    at C:\\Verbfy\\backend\\src\\__tests__\\integration\\adminSocketIO.test.ts:24:29\n    at _dispatchDescribe (C:\\Verbfy\\backend\\node_modules\\jest-circus\\build\\index.js:91:26)\n    at describe (C:\\Verbfy\\backend\\node_modules\\jest-circus\\build\\index.js:55:5)\n    at Object.<anonymous> (C:\\Verbfy\\backend\\src\\__tests__\\integration\\adminSocketIO.test.ts:14:24)\n    at Runtime._execModule (C:\\Verbfy\\backend\\node_modules\\jest-runtime\\build\\index.js:1439:24)\n    at Runtime._loadModule (C:\\Verbfy\\backend\\node_modules\\jest-runtime\\build\\index.js:1022:12)\n    at Runtime.requireModule (C:\\Verbfy\\backend\\node_modules\\jest-runtime\\build\\index.js:882:12)\n    at jestAdapter (C:\\Verbfy\\backend\\node_modules\\jest-circus\\build\\legacy-code-todo-rewrite\\jestAdapter.js:77:13)\n    at runTestInternal (C:\\Verbfy\\backend\\node_modules\\jest-runner\\build\\runTest.js:367:16)\n    at runTest (C:\\Verbfy\\backend\\node_modules\\jest-runner\\build\\runTest.js:444:34)"],"fullName":"Admin Socket.IO Integration Tests System Health Notifications should handle critical system health alerts","invocations":1,"location":null,"numPassingAsserts":0,"retryReasons":[],"status":"failed","title":"should handle critical system health alerts"},{"ancestorTitles":["Admin Socket.IO Integration Tests","Security Alert Notifications"],"duration":0,"failureDetails":[{"message":"thrown: \"Exceeded timeout of 30000 ms for a hook.\nAdd a timeout value to this test to increase the timeout, if this is a long-running test. See https://jestjs.io/docs/api#testname-fn-timeout.\""}],"failureMessages":["Error: thrown: \"Exceeded timeout of 30000 ms for a hook.\nAdd a timeout value to this test to increase the timeout, if this is a long-running test. See https://jestjs.io/docs/api#testname-fn-timeout.\"\n    at C:\\Verbfy\\backend\\src\\__tests__\\integration\\adminSocketIO.test.ts:24:29\n    at _dispatchDescribe (C:\\Verbfy\\backend\\node_modules\\jest-circus\\build\\index.js:91:26)\n    at describe (C:\\Verbfy\\backend\\node_modules\\jest-circus\\build\\index.js:55:5)\n    at Object.<anonymous> (C:\\Verbfy\\backend\\src\\__tests__\\integration\\adminSocketIO.test.ts:14:24)\n    at Runtime._execModule (C:\\Verbfy\\backend\\node_modules\\jest-runtime\\build\\index.js:1439:24)\n    at Runtime._loadModule (C:\\Verbfy\\backend\\node_modules\\jest-runtime\\build\\index.js:1022:12)\n    at Runtime.requireModule (C:\\Verbfy\\backend\\node_modules\\jest-runtime\\build\\index.js:882:12)\n    at jestAdapter (C:\\Verbfy\\backend\\node_modules\\jest-circus\\build\\legacy-code-todo-rewrite\\jestAdapter.js:77:13)\n    at runTestInternal (C:\\Verbfy\\backend\\node_modules\\jest-runner\\build\\runTest.js:367:16)\n    at runTest (C:\\Verbfy\\backend\\node_modules\\jest-runner\\build\\runTest.js:444:34)"],"fullName":"Admin Socket.IO Integration Tests Security Alert Notifications should emit security alerts to admin clients","invocations":1,"location":null,"numPassingAsserts":0,"retryReasons":[],"status":"failed","title":"should emit security alerts to admin clients"},{"ancestorTitles":["Admin Socket.IO Integration Tests","Security Alert Notifications"],"duration":0,"failureDetails":[{"message":"thrown: \"Exceeded timeout of 30000 ms for a hook.\nAdd a timeout value to this test to increase the timeout, if this is a long-running test. See https://jestjs.io/docs/api#testname-fn-timeout.\""}],"failureMessages":["Error: thrown: \"Exceeded timeout of 30000 ms for a hook.\nAdd a timeout value to this test to increase the timeout, if this is a long-running test. See https://jestjs.io/docs/api#testname-fn-timeout.\"\n    at C:\\Verbfy\\backend\\src\\__tests__\\integration\\adminSocketIO.test.ts:24:29\n    at _dispatchDescribe (C:\\Verbfy\\backend\\node_modules\\jest-circus\\build\\index.js:91:26)\n    at describe (C:\\Verbfy\\backend\\node_modules\\jest-circus\\build\\index.js:55:5)\n    at Object.<anonymous> (C:\\Verbfy\\backend\\src\\__tests__\\integration\\adminSocketIO.test.ts:14:24)\n    at Runtime._execModule (C:\\Verbfy\\backend\\node_modules\\jest-runtime\\build\\index.js:1439:24)\n    at Runtime._loadModule (C:\\Verbfy\\backend\\node_modules\\jest-runtime\\build\\index.js:1022:12)\n    at Runtime.requireModule (C:\\Verbfy\\backend\\node_modules\\jest-runtime\\build\\index.js:882:12)\n    at jestAdapter (C:\\Verbfy\\backend\\node_modules\\jest-circus\\build\\legacy-code-todo-rewrite\\jestAdapter.js:77:13)\n    at runTestInternal (C:\\Verbfy\\backend\\node_modules\\jest-runner\\build\\runTest.js:367:16)\n    at runTest (C:\\Verbfy\\backend\\node_modules\\jest-runner\\build\\runTest.js:444:34)"],"fullName":"Admin Socket.IO Integration Tests Security Alert Notifications should handle different types of security alerts","invocations":1,"location":null,"numPassingAsserts":0,"retryReasons":[],"status":"failed","title":"should handle different types of security alerts"},{"ancestorTitles":["Admin Socket.IO Integration Tests","User Activity Notifications"],"duration":0,"failureDetails":[{"message":"thrown: \"Exceeded timeout of 30000 ms for a hook.\nAdd a timeout value to this test to increase the timeout, if this is a long-running test. See https://jestjs.io/docs/api#testname-fn-timeout.\""}],"failureMessages":["Error: thrown: \"Exceeded timeout of 30000 ms for a hook.\nAdd a timeout value to this test to increase the timeout, if this is a long-running test. See https://jestjs.io/docs/api#testname-fn-timeout.\"\n    at C:\\Verbfy\\backend\\src\\__tests__\\integration\\adminSocketIO.test.ts:24:29\n    at _dispatchDescribe (C:\\Verbfy\\backend\\node_modules\\jest-circus\\build\\index.js:91:26)\n    at describe (C:\\Verbfy\\backend\\node_modules\\jest-circus\\build\\index.js:55:5)\n    at Object.<anonymous> (C:\\Verbfy\\backend\\src\\__tests__\\integration\\adminSocketIO.test.ts:14:24)\n    at Runtime._execModule (C:\\Verbfy\\backend\\node_modules\\jest-runtime\\build\\index.js:1439:24)\n    at Runtime._loadModule (C:\\Verbfy\\backend\\node_modules\\jest-runtime\\build\\index.js:1022:12)\n    at Runtime.requireModule (C:\\Verbfy\\backend\\node_modules\\jest-runtime\\build\\index.js:882:12)\n    at jestAdapter (C:\\Verbfy\\backend\\node_modules\\jest-circus\\build\\legacy-code-todo-rewrite\\jestAdapter.js:77:13)\n    at runTestInternal (C:\\Verbfy\\backend\\node_modules\\jest-runner\\build\\runTest.js:367:16)\n    at runTest (C:\\Verbfy\\backend\\node_modules\\jest-runner\\build\\runTest.js:444:34)"],"fullName":"Admin Socket.IO Integration Tests User Activity Notifications should emit user activity notifications","invocations":1,"location":null,"numPassingAsserts":0,"retryReasons":[],"status":"failed","title":"should emit user activity notifications"},{"ancestorTitles":["Admin Socket.IO Integration Tests","User Activity Notifications"],"duration":0,"failureDetails":[{"message":"thrown: \"Exceeded timeout of 30000 ms for a hook.\nAdd a timeout value to this test to increase the timeout, if this is a long-running test. See https://jestjs.io/docs/api#testname-fn-timeout.\""}],"failureMessages":["Error: thrown: \"Exceeded timeout of 30000 ms for a hook.\nAdd a timeout value to this test to increase the timeout, if this is a long-running test. See https://jestjs.io/docs/api#testname-fn-timeout.\"\n    at C:\\Verbfy\\backend\\src\\__tests__\\integration\\adminSocketIO.test.ts:24:29\n    at _dispatchDescribe (C:\\Verbfy\\backend\\node_modules\\jest-circus\\build\\index.js:91:26)\n    at describe (C:\\Verbfy\\backend\\node_modules\\jest-circus\\build\\index.js:55:5)\n    at Object.<anonymous> (C:\\Verbfy\\backend\\src\\__tests__\\integration\\adminSocketIO.test.ts:14:24)\n    at Runtime._execModule (C:\\Verbfy\\backend\\node_modules\\jest-runtime\\build\\index.js:1439:24)\n    at Runtime._loadModule (C:\\Verbfy\\backend\\node_modules\\jest-runtime\\build\\index.js:1022:12)\n    at Runtime.requireModule (C:\\Verbfy\\backend\\node_modules\\jest-runtime\\build\\index.js:882:12)\n    at jestAdapter (C:\\Verbfy\\backend\\node_modules\\jest-circus\\build\\legacy-code-todo-rewrite\\jestAdapter.js:77:13)\n    at runTestInternal (C:\\Verbfy\\backend\\node_modules\\jest-runner\\build\\runTest.js:367:16)\n    at runTest (C:\\Verbfy\\backend\\node_modules\\jest-runner\\build\\runTest.js:444:34)"],"fullName":"Admin Socket.IO Integration Tests User Activity Notifications should handle different user actions","invocations":1,"location":null,"numPassingAsserts":0,"retryReasons":[],"status":"failed","title":"should handle different user actions"},{"ancestorTitles":["Admin Socket.IO Integration Tests","Payment Notifications"],"duration":0,"failureDetails":[{"message":"thrown: \"Exceeded timeout of 30000 ms for a hook.\nAdd a timeout value to this test to increase the timeout, if this is a long-running test. See https://jestjs.io/docs/api#testname-fn-timeout.\""}],"failureMessages":["Error: thrown: \"Exceeded timeout of 30000 ms for a hook.\nAdd a timeout value to this test to increase the timeout, if this is a long-running test. See https://jestjs.io/docs/api#testname-fn-timeout.\"\n    at C:\\Verbfy\\backend\\src\\__tests__\\integration\\adminSocketIO.test.ts:24:29\n    at _dispatchDescribe (C:\\Verbfy\\backend\\node_modules\\jest-circus\\build\\index.js:91:26)\n    at describe (C:\\Verbfy\\backend\\node_modules\\jest-circus\\build\\index.js:55:5)\n    at Object.<anonymous> (C:\\Verbfy\\backend\\src\\__tests__\\integration\\adminSocketIO.test.ts:14:24)\n    at Runtime._execModule (C:\\Verbfy\\backend\\node_modules\\jest-runtime\\build\\index.js:1439:24)\n    at Runtime._loadModule (C:\\Verbfy\\backend\\node_modules\\jest-runtime\\build\\index.js:1022:12)\n    at Runtime.requireModule (C:\\Verbfy\\backend\\node_modules\\jest-runtime\\build\\index.js:882:12)\n    at jestAdapter (C:\\Verbfy\\backend\\node_modules\\jest-circus\\build\\legacy-code-todo-rewrite\\jestAdapter.js:77:13)\n    at runTestInternal (C:\\Verbfy\\backend\\node_modules\\jest-runner\\build\\runTest.js:367:16)\n    at runTest (C:\\Verbfy\\backend\\node_modules\\jest-runner\\build\\runTest.js:444:34)"],"fullName":"Admin Socket.IO Integration Tests Payment Notifications should emit payment notifications","invocations":1,"location":null,"numPassingAsserts":0,"retryReasons":[],"status":"failed","title":"should emit payment notifications"},{"ancestorTitles":["Admin Socket.IO Integration Tests","Payment Notifications"],"duration":0,"failureDetails":[{"message":"thrown: \"Exceeded timeout of 30000 ms for a hook.\nAdd a timeout value to this test to increase the timeout, if this is a long-running test. See https://jestjs.io/docs/api#testname-fn-timeout.\""}],"failureMessages":["Error: thrown: \"Exceeded timeout of 30000 ms for a hook.\nAdd a timeout value to this test to increase the timeout, if this is a long-running test. See https://jestjs.io/docs/api#testname-fn-timeout.\"\n    at C:\\Verbfy\\backend\\src\\__tests__\\integration\\adminSocketIO.test.ts:24:29\n    at _dispatchDescribe (C:\\Verbfy\\backend\\node_modules\\jest-circus\\build\\index.js:91:26)\n    at describe (C:\\Verbfy\\backend\\node_modules\\jest-circus\\build\\index.js:55:5)\n    at Object.<anonymous> (C:\\Verbfy\\backend\\src\\__tests__\\integration\\adminSocketIO.test.ts:14:24)\n    at Runtime._execModule (C:\\Verbfy\\backend\\node_modules\\jest-runtime\\build\\index.js:1439:24)\n    at Runtime._loadModule (C:\\Verbfy\\backend\\node_modules\\jest-runtime\\build\\index.js:1022:12)\n    at Runtime.requireModule (C:\\Verbfy\\backend\\node_modules\\jest-runtime\\build\\index.js:882:12)\n    at jestAdapter (C:\\Verbfy\\backend\\node_modules\\jest-circus\\build\\legacy-code-todo-rewrite\\jestAdapter.js:77:13)\n    at runTestInternal (C:\\Verbfy\\backend\\node_modules\\jest-runner\\build\\runTest.js:367:16)\n    at runTest (C:\\Verbfy\\backend\\node_modules\\jest-runner\\build\\runTest.js:444:34)"],"fullName":"Admin Socket.IO Integration Tests Payment Notifications should handle payment failures","invocations":1,"location":null,"numPassingAsserts":0,"retryReasons":[],"status":"failed","title":"should handle payment failures"},{"ancestorTitles":["Admin Socket.IO Integration Tests","Teacher Notifications"],"duration":0,"failureDetails":[{"message":"thrown: \"Exceeded timeout of 30000 ms for a hook.\nAdd a timeout value to this test to increase the timeout, if this is a long-running test. See https://jestjs.io/docs/api#testname-fn-timeout.\""}],"failureMessages":["Error: thrown: \"Exceeded timeout of 30000 ms for a hook.\nAdd a timeout value to this test to increase the timeout, if this is a long-running test. See https://jestjs.io/docs/api#testname-fn-timeout.\"\n    at C:\\Verbfy\\backend\\src\\__tests__\\integration\\adminSocketIO.test.ts:24:29\n    at _dispatchDescribe (C:\\Verbfy\\backend\\node_modules\\jest-circus\\build\\index.js:91:26)\n    at describe (C:\\Verbfy\\backend\\node_modules\\jest-circus\\build\\index.js:55:5)\n    at Object.<anonymous> (C:\\Verbfy\\backend\\src\\__tests__\\integration\\adminSocketIO.test.ts:14:24)\n    at Runtime._execModule (C:\\Verbfy\\backend\\node_modules\\jest-runtime\\build\\index.js:1439:24)\n    at Runtime._loadModule (C:\\Verbfy\\backend\\node_modules\\jest-runtime\\build\\index.js:1022:12)\n    at Runtime.requireModule (C:\\Verbfy\\backend\\node_modules\\jest-runtime\\build\\index.js:882:12)\n    at jestAdapter (C:\\Verbfy\\backend\\node_modules\\jest-circus\\build\\legacy-code-todo-rewrite\\jestAdapter.js:77:13)\n    at runTestInternal (C:\\Verbfy\\backend\\node_modules\\jest-runner\\build\\runTest.js:367:16)\n    at runTest (C:\\Verbfy\\backend\\node_modules\\jest-runner\\build\\runTest.js:444:34)"],"fullName":"Admin Socket.IO Integration Tests Teacher Notifications should emit teacher application notifications","invocations":1,"location":null,"numPassingAsserts":0,"retryReasons":[],"status":"failed","title":"should emit teacher application notifications"},{"ancestorTitles":["Admin Socket.IO Integration Tests","Teacher Notifications"],"duration":0,"failureDetails":[{"message":"thrown: \"Exceeded timeout of 30000 ms for a hook.\nAdd a timeout value to this test to increase the timeout, if this is a long-running test. See https://jestjs.io/docs/api#testname-fn-timeout.\""}],"failureMessages":["Error: thrown: \"Exceeded timeout of 30000 ms for a hook.\nAdd a timeout value to this test to increase the timeout, if this is a long-running test. See https://jestjs.io/docs/api#testname-fn-timeout.\"\n    at C:\\Verbfy\\backend\\src\\__tests__\\integration\\adminSocketIO.test.ts:24:29\n    at _dispatchDescribe (C:\\Verbfy\\backend\\node_modules\\jest-circus\\build\\index.js:91:26)\n    at describe (C:\\Verbfy\\backend\\node_modules\\jest-circus\\build\\index.js:55:5)\n    at Object.<anonymous> (C:\\Verbfy\\backend\\src\\__tests__\\integration\\adminSocketIO.test.ts:14:24)\n    at Runtime._execModule (C:\\Verbfy\\backend\\node_modules\\jest-runtime\\build\\index.js:1439:24)\n    at Runtime._loadModule (C:\\Verbfy\\backend\\node_modules\\jest-runtime\\build\\index.js:1022:12)\n    at Runtime.requireModule (C:\\Verbfy\\backend\\node_modules\\jest-runtime\\build\\index.js:882:12)\n    at jestAdapter (C:\\Verbfy\\backend\\node_modules\\jest-circus\\build\\legacy-code-todo-rewrite\\jestAdapter.js:77:13)\n    at runTestInternal (C:\\Verbfy\\backend\\node_modules\\jest-runner\\build\\runTest.js:367:16)\n    at runTest (C:\\Verbfy\\backend\\node_modules\\jest-runner\\build\\runTest.js:444:34)"],"fullName":"Admin Socket.IO Integration Tests Teacher Notifications should handle teacher status updates","invocations":1,"location":null,"numPassingAsserts":0,"retryReasons":[],"status":"failed","title":"should handle teacher status updates"},{"ancestorTitles":["Admin Socket.IO Integration Tests","Multiple Admin Clients"],"duration":0,"failureDetails":[{"message":"thrown: \"Exceeded timeout of 30000 ms for a hook.\nAdd a timeout value to this test to increase the timeout, if this is a long-running test. See https://jestjs.io/docs/api#testname-fn-timeout.\""}],"failureMessages":["Error: thrown: \"Exceeded timeout of 30000 ms for a hook.\nAdd a timeout value to this test to increase the timeout, if this is a long-running test. See https://jestjs.io/docs/api#testname-fn-timeout.\"\n    at C:\\Verbfy\\backend\\src\\__tests__\\integration\\adminSocketIO.test.ts:24:29\n    at _dispatchDescribe (C:\\Verbfy\\backend\\node_modules\\jest-circus\\build\\index.js:91:26)\n    at describe (C:\\Verbfy\\backend\\node_modules\\jest-circus\\build\\index.js:55:5)\n    at Object.<anonymous> (C:\\Verbfy\\backend\\src\\__tests__\\integration\\adminSocketIO.test.ts:14:24)\n    at Runtime._execModule (C:\\Verbfy\\backend\\node_modules\\jest-runtime\\build\\index.js:1439:24)\n    at Runtime._loadModule (C:\\Verbfy\\backend\\node_modules\\jest-runtime\\build\\index.js:1022:12)\n    at Runtime.requireModule (C:\\Verbfy\\backend\\node_modules\\jest-runtime\\build\\index.js:882:12)\n    at jestAdapter (C:\\Verbfy\\backend\\node_modules\\jest-circus\\build\\legacy-code-todo-rewrite\\jestAdapter.js:77:13)\n    at runTestInternal (C:\\Verbfy\\backend\\node_modules\\jest-runner\\build\\runTest.js:367:16)\n    at runTest (C:\\Verbfy\\backend\\node_modules\\jest-runner\\build\\runTest.js:444:34)"],"fullName":"Admin Socket.IO Integration Tests Multiple Admin Clients should broadcast notifications to all connected admin clients","invocations":1,"location":null,"numPassingAsserts":0,"retryReasons":[],"status":"failed","title":"should broadcast notifications to all connected admin clients"},{"ancestorTitles":["Admin Socket.IO Integration Tests","Connection Management"],"duration":0,"failureDetails":[{"message":"thrown: \"Exceeded timeout of 30000 ms for a hook.\nAdd a timeout value to this test to increase the timeout, if this is a long-running test. See https://jestjs.io/docs/api#testname-fn-timeout.\""}],"failureMessages":["Error: thrown: \"Exceeded timeout of 30000 ms for a hook.\nAdd a timeout value to this test to increase the timeout, if this is a long-running test. See https://jestjs.io/docs/api#testname-fn-timeout.\"\n    at C:\\Verbfy\\backend\\src\\__tests__\\integration\\adminSocketIO.test.ts:24:29\n    at _dispatchDescribe (C:\\Verbfy\\backend\\node_modules\\jest-circus\\build\\index.js:91:26)\n    at describe (C:\\Verbfy\\backend\\node_modules\\jest-circus\\build\\index.js:55:5)\n    at Object.<anonymous> (C:\\Verbfy\\backend\\src\\__tests__\\integration\\adminSocketIO.test.ts:14:24)\n    at Runtime._execModule (C:\\Verbfy\\backend\\node_modules\\jest-runtime\\build\\index.js:1439:24)\n    at Runtime._loadModule (C:\\Verbfy\\backend\\node_modules\\jest-runtime\\build\\index.js:1022:12)\n    at Runtime.requireModule (C:\\Verbfy\\backend\\node_modules\\jest-runtime\\build\\index.js:882:12)\n    at jestAdapter (C:\\Verbfy\\backend\\node_modules\\jest-circus\\build\\legacy-code-todo-rewrite\\jestAdapter.js:77:13)\n    at runTestInternal (C:\\Verbfy\\backend\\node_modules\\jest-runner\\build\\runTest.js:367:16)\n    at runTest (C:\\Verbfy\\backend\\node_modules\\jest-runner\\build\\runTest.js:444:34)"],"fullName":"Admin Socket.IO Integration Tests Connection Management should handle client disconnection gracefully","invocations":1,"location":null,"numPassingAsserts":0,"retryReasons":[],"status":"failed","title":"should handle client disconnection gracefully"},{"ancestorTitles":["Admin Socket.IO Integration Tests","Connection Management"],"duration":0,"failureDetails":[{"message":"thrown: \"Exceeded timeout of 30000 ms for a hook.\nAdd a timeout value to this test to increase the timeout, if this is a long-running test. See https://jestjs.io/docs/api#testname-fn-timeout.\""}],"failureMessages":["Error: thrown: \"Exceeded timeout of 30000 ms for a hook.\nAdd a timeout value to this test to increase the timeout, if this is a long-running test. See https://jestjs.io/docs/api#testname-fn-timeout.\"\n    at C:\\Verbfy\\backend\\src\\__tests__\\integration\\adminSocketIO.test.ts:24:29\n    at _dispatchDescribe (C:\\Verbfy\\backend\\node_modules\\jest-circus\\build\\index.js:91:26)\n    at describe (C:\\Verbfy\\backend\\node_modules\\jest-circus\\build\\index.js:55:5)\n    at Object.<anonymous> (C:\\Verbfy\\backend\\src\\__tests__\\integration\\adminSocketIO.test.ts:14:24)\n    at Runtime._execModule (C:\\Verbfy\\backend\\node_modules\\jest-runtime\\build\\index.js:1439:24)\n    at Runtime._loadModule (C:\\Verbfy\\backend\\node_modules\\jest-runtime\\build\\index.js:1022:12)\n    at Runtime.requireModule (C:\\Verbfy\\backend\\node_modules\\jest-runtime\\build\\index.js:882:12)\n    at jestAdapter (C:\\Verbfy\\backend\\node_modules\\jest-circus\\build\\legacy-code-todo-rewrite\\jestAdapter.js:77:13)\n    at runTestInternal (C:\\Verbfy\\backend\\node_modules\\jest-runner\\build\\runTest.js:367:16)\n    at runTest (C:\\Verbfy\\backend\\node_modules\\jest-runner\\build\\runTest.js:444:34)"],"fullName":"Admin Socket.IO Integration Tests Connection Management should handle server-side disconnection","invocations":1,"location":null,"numPassingAsserts":0,"retryReasons":[],"status":"failed","title":"should handle server-side disconnection"},{"ancestorTitles":["Admin Socket.IO Integration Tests","Connection Management"],"duration":0,"failureDetails":[{"message":"thrown: \"Exceeded timeout of 30000 ms for a hook.\nAdd a timeout value to this test to increase the timeout, if this is a long-running test. See https://jestjs.io/docs/api#testname-fn-timeout.\""}],"failureMessages":["Error: thrown: \"Exceeded timeout of 30000 ms for a hook.\nAdd a timeout value to this test to increase the timeout, if this is a long-running test. See https://jestjs.io/docs/api#testname-fn-timeout.\"\n    at C:\\Verbfy\\backend\\src\\__tests__\\integration\\adminSocketIO.test.ts:24:29\n    at _dispatchDescribe (C:\\Verbfy\\backend\\node_modules\\jest-circus\\build\\index.js:91:26)\n    at describe (C:\\Verbfy\\backend\\node_modules\\jest-circus\\build\\index.js:55:5)\n    at Object.<anonymous> (C:\\Verbfy\\backend\\src\\__tests__\\integration\\adminSocketIO.test.ts:14:24)\n    at Runtime._execModule (C:\\Verbfy\\backend\\node_modules\\jest-runtime\\build\\index.js:1439:24)\n    at Runtime._loadModule (C:\\Verbfy\\backend\\node_modules\\jest-runtime\\build\\index.js:1022:12)\n    at Runtime.requireModule (C:\\Verbfy\\backend\\node_modules\\jest-runtime\\build\\index.js:882:12)\n    at jestAdapter (C:\\Verbfy\\backend\\node_modules\\jest-circus\\build\\legacy-code-todo-rewrite\\jestAdapter.js:77:13)\n    at runTestInternal (C:\\Verbfy\\backend\\node_modules\\jest-runner\\build\\runTest.js:367:16)\n    at runTest (C:\\Verbfy\\backend\\node_modules\\jest-runner\\build\\runTest.js:444:34)"],"fullName":"Admin Socket.IO Integration Tests Connection Management should handle reconnection attempts","invocations":1,"location":null,"numPassingAsserts":0,"retryReasons":[],"status":"failed","title":"should handle reconnection attempts"},{"ancestorTitles":["Admin Socket.IO Integration Tests","Error Handling"],"duration":1,"failureDetails":[{"message":"thrown: \"Exceeded timeout of 30000 ms for a hook.\nAdd a timeout value to this test to increase the timeout, if this is a long-running test. See https://jestjs.io/docs/api#testname-fn-timeout.\""}],"failureMessages":["Error: thrown: \"Exceeded timeout of 30000 ms for a hook.\nAdd a timeout value to this test to increase the timeout, if this is a long-running test. See https://jestjs.io/docs/api#testname-fn-timeout.\"\n    at C:\\Verbfy\\backend\\src\\__tests__\\integration\\adminSocketIO.test.ts:24:29\n    at _dispatchDescribe (C:\\Verbfy\\backend\\node_modules\\jest-circus\\build\\index.js:91:26)\n    at describe (C:\\Verbfy\\backend\\node_modules\\jest-circus\\build\\index.js:55:5)\n    at Object.<anonymous> (C:\\Verbfy\\backend\\src\\__tests__\\integration\\adminSocketIO.test.ts:14:24)\n    at Runtime._execModule (C:\\Verbfy\\backend\\node_modules\\jest-runtime\\build\\index.js:1439:24)\n    at Runtime._loadModule (C:\\Verbfy\\backend\\node_modules\\jest-runtime\\build\\index.js:1022:12)\n    at Runtime.requireModule (C:\\Verbfy\\backend\\node_modules\\jest-runtime\\build\\index.js:882:12)\n    at jestAdapter (C:\\Verbfy\\backend\\node_modules\\jest-circus\\build\\legacy-code-todo-rewrite\\jestAdapter.js:77:13)\n    at runTestInternal (C:\\Verbfy\\backend\\node_modules\\jest-runner\\build\\runTest.js:367:16)\n    at runTest (C:\\Verbfy\\backend\\node_modules\\jest-runner\\build\\runTest.js:444:34)"],"fullName":"Admin Socket.IO Integration Tests Error Handling should handle malformed authentication tokens","invocations":1,"location":null,"numPassingAsserts":0,"retryReasons":[],"status":"failed","title":"should handle malformed authentication tokens"},{"ancestorTitles":["Admin Socket.IO Integration Tests","Error Handling"],"duration":0,"failureDetails":[{"message":"thrown: \"Exceeded timeout of 30000 ms for a hook.\nAdd a timeout value to this test to increase the timeout, if this is a long-running test. See https://jestjs.io/docs/api#testname-fn-timeout.\""}],"failureMessages":["Error: thrown: \"Exceeded timeout of 30000 ms for a hook.\nAdd a timeout value to this test to increase the timeout, if this is a long-running test. See https://jestjs.io/docs/api#testname-fn-timeout.\"\n    at C:\\Verbfy\\backend\\src\\__tests__\\integration\\adminSocketIO.test.ts:24:29\n    at _dispatchDescribe (C:\\Verbfy\\backend\\node_modules\\jest-circus\\build\\index.js:91:26)\n    at describe (C:\\Verbfy\\backend\\node_modules\\jest-circus\\build\\index.js:55:5)\n    at Object.<anonymous> (C:\\Verbfy\\backend\\src\\__tests__\\integration\\adminSocketIO.test.ts:14:24)\n    at Runtime._execModule (C:\\Verbfy\\backend\\node_modules\\jest-runtime\\build\\index.js:1439:24)\n    at Runtime._loadModule (C:\\Verbfy\\backend\\node_modules\\jest-runtime\\build\\index.js:1022:12)\n    at Runtime.requireModule (C:\\Verbfy\\backend\\node_modules\\jest-runtime\\build\\index.js:882:12)\n    at jestAdapter (C:\\Verbfy\\backend\\node_modules\\jest-circus\\build\\legacy-code-todo-rewrite\\jestAdapter.js:77:13)\n    at runTestInternal (C:\\Verbfy\\backend\\node_modules\\jest-runner\\build\\runTest.js:367:16)\n    at runTest (C:\\Verbfy\\backend\\node_modules\\jest-runner\\build\\runTest.js:444:34)"],"fullName":"Admin Socket.IO Integration Tests Error Handling should handle expired tokens","invocations":1,"location":null,"numPassingAsserts":0,"retryReasons":[],"status":"failed","title":"should handle expired tokens"},{"ancestorTitles":["Admin Socket.IO Integration Tests","Error Handling"],"duration":0,"failureDetails":[{"message":"thrown: \"Exceeded timeout of 30000 ms for a hook.\nAdd a timeout value to this test to increase the timeout, if this is a long-running test. See https://jestjs.io/docs/api#testname-fn-timeout.\""}],"failureMessages":["Error: thrown: \"Exceeded timeout of 30000 ms for a hook.\nAdd a timeout value to this test to increase the timeout, if this is a long-running test. See https://jestjs.io/docs/api#testname-fn-timeout.\"\n    at C:\\Verbfy\\backend\\src\\__tests__\\integration\\adminSocketIO.test.ts:24:29\n    at _dispatchDescribe (C:\\Verbfy\\backend\\node_modules\\jest-circus\\build\\index.js:91:26)\n    at describe (C:\\Verbfy\\backend\\node_modules\\jest-circus\\build\\index.js:55:5)\n    at Object.<anonymous> (C:\\Verbfy\\backend\\src\\__tests__\\integration\\adminSocketIO.test.ts:14:24)\n    at Runtime._execModule (C:\\Verbfy\\backend\\node_modules\\jest-runtime\\build\\index.js:1439:24)\n    at Runtime._loadModule (C:\\Verbfy\\backend\\node_modules\\jest-runtime\\build\\index.js:1022:12)\n    at Runtime.requireModule (C:\\Verbfy\\backend\\node_modules\\jest-runtime\\build\\index.js:882:12)\n    at jestAdapter (C:\\Verbfy\\backend\\node_modules\\jest-circus\\build\\legacy-code-todo-rewrite\\jestAdapter.js:77:13)\n    at runTestInternal (C:\\Verbfy\\backend\\node_modules\\jest-runner\\build\\runTest.js:367:16)\n    at runTest (C:\\Verbfy\\backend\\node_modules\\jest-runner\\build\\runTest.js:444:34)"],"fullName":"Admin Socket.IO Integration Tests Error Handling should handle database errors during authentication","invocations":1,"location":null,"numPassingAsserts":0,"retryReasons":[],"status":"failed","title":"should handle database errors during authentication"},{"ancestorTitles":["Admin Socket.IO Integration Tests","Performance and Load Testing"],"duration":0,"failureDetails":[{"message":"thrown: \"Exceeded timeout of 30000 ms for a hook.\nAdd a timeout value to this test to increase the timeout, if this is a long-running test. See https://jestjs.io/docs/api#testname-fn-timeout.\""}],"failureMessages":["Error: thrown: \"Exceeded timeout of 30000 ms for a hook.\nAdd a timeout value to this test to increase the timeout, if this is a long-running test. See https://jestjs.io/docs/api#testname-fn-timeout.\"\n    at C:\\Verbfy\\backend\\src\\__tests__\\integration\\adminSocketIO.test.ts:24:29\n    at _dispatchDescribe (C:\\Verbfy\\backend\\node_modules\\jest-circus\\build\\index.js:91:26)\n    at describe (C:\\Verbfy\\backend\\node_modules\\jest-circus\\build\\index.js:55:5)\n    at Object.<anonymous> (C:\\Verbfy\\backend\\src\\__tests__\\integration\\adminSocketIO.test.ts:14:24)\n    at Runtime._execModule (C:\\Verbfy\\backend\\node_modules\\jest-runtime\\build\\index.js:1439:24)\n    at Runtime._loadModule (C:\\Verbfy\\backend\\node_modules\\jest-runtime\\build\\index.js:1022:12)\n    at Runtime.requireModule (C:\\Verbfy\\backend\\node_modules\\jest-runtime\\build\\index.js:882:12)\n    at jestAdapter (C:\\Verbfy\\backend\\node_modules\\jest-circus\\build\\legacy-code-todo-rewrite\\jestAdapter.js:77:13)\n    at runTestInternal (C:\\Verbfy\\backend\\node_modules\\jest-runner\\build\\runTest.js:367:16)\n    at runTest (C:\\Verbfy\\backend\\node_modules\\jest-runner\\build\\runTest.js:444:34)"],"fullName":"Admin Socket.IO Integration Tests Performance and Load Testing should handle multiple simultaneous connections","invocations":1,"location":null,"numPassingAsserts":0,"retryReasons":[],"status":"failed","title":"should handle multiple simultaneous connections"},{"ancestorTitles":["Admin Socket.IO Integration Tests","Performance and Load Testing"],"duration":0,"failureDetails":[{"message":"thrown: \"Exceeded timeout of 30000 ms for a hook.\nAdd a timeout value to this test to increase the timeout, if this is a long-running test. See https://jestjs.io/docs/api#testname-fn-timeout.\""}],"failureMessages":["Error: thrown: \"Exceeded timeout of 30000 ms for a hook.\nAdd a timeout value to this test to increase the timeout, if this is a long-running test. See https://jestjs.io/docs/api#testname-fn-timeout.\"\n    at C:\\Verbfy\\backend\\src\\__tests__\\integration\\adminSocketIO.test.ts:24:29\n    at _dispatchDescribe (C:\\Verbfy\\backend\\node_modules\\jest-circus\\build\\index.js:91:26)\n    at describe (C:\\Verbfy\\backend\\node_modules\\jest-circus\\build\\index.js:55:5)\n    at Object.<anonymous> (C:\\Verbfy\\backend\\src\\__tests__\\integration\\adminSocketIO.test.ts:14:24)\n    at Runtime._execModule (C:\\Verbfy\\backend\\node_modules\\jest-runtime\\build\\index.js:1439:24)\n    at Runtime._loadModule (C:\\Verbfy\\backend\\node_modules\\jest-runtime\\build\\index.js:1022:12)\n    at Runtime.requireModule (C:\\Verbfy\\backend\\node_modules\\jest-runtime\\build\\index.js:882:12)\n    at jestAdapter (C:\\Verbfy\\backend\\node_modules\\jest-circus\\build\\legacy-code-todo-rewrite\\jestAdapter.js:77:13)\n    at runTestInternal (C:\\Verbfy\\backend\\node_modules\\jest-runner\\build\\runTest.js:367:16)\n    at runTest (C:\\Verbfy\\backend\\node_modules\\jest-runner\\build\\runTest.js:444:34)"],"fullName":"Admin Socket.IO Integration Tests Performance and Load Testing should handle rapid notification emissions","invocations":1,"location":null,"numPassingAsserts":0,"retryReasons":[],"status":"failed","title":"should handle rapid notification emissions"}],"coverage":{},"endTime":1761623627331,"message":"\u001b[1m\u001b[31m  \u001b[1m● \u001b[22m\u001b[1mAdmin Socket.IO Integration Tests › Admin Namespace Authentication › should allow admin users to connect to admin namespace\u001b[39m\u001b[22m\n\n    thrown: \"Exceeded timeout of 30000 ms for a hook.\n    Add a timeout value to this test to increase the timeout, if this is a long-running test. See https://jestjs.io/docs/api#testname-fn-timeout.\"\n\u001b[2m\u001b[22m\n\u001b[2m    \u001b[0m \u001b[90m 22 |\u001b[39m\u001b[22m\n\u001b[2m     \u001b[90m 23 |\u001b[39m   beforeAll(\u001b[36masync\u001b[39m () \u001b[33m=>\u001b[39m {\u001b[22m\n\u001b[2m    \u001b[31m\u001b[1m>\u001b[22m\u001b[2m\u001b[39m\u001b[90m 24 |\u001b[39m     \u001b[90m// Database connection is handled in Jest setup\u001b[39m\u001b[22m\n\u001b[2m     \u001b[90m    |\u001b[39m                             \u001b[31m\u001b[1m^\u001b[22m\u001b[2m\u001b[39m\u001b[22m\n\u001b[2m     \u001b[90m 25 |\u001b[39m\u001b[22m\n\u001b[2m     \u001b[90m 26 |\u001b[39m     \u001b[90m// Create HTTP server\u001b[39m\u001b[22m\n\u001b[2m     \u001b[90m 27 |\u001b[39m     httpServer \u001b[33m=\u001b[39m createServer()\u001b[33m;\u001b[39m\u001b[0m\u001b[22m\n\u001b[2m\u001b[22m\n\u001b[2m      \u001b[2mat \u001b[22m\u001b[2m\u001b[0m\u001b[36msrc/__tests__/integration/adminSocketIO.test.ts\u001b[39m\u001b[0m\u001b[2m:24:29\u001b[22m\u001b[2m\u001b[22m\n\u001b[2m      \u001b[2mat Object.<anonymous> (\u001b[22m\u001b[2m\u001b[0m\u001b[36msrc/__tests__/integration/adminSocketIO.test.ts\u001b[39m\u001b[0m\u001b[2m:14:24)\u001b[22m\u001b[2m\u001b[22m\n\n\u001b[1m\u001b[31m  \u001b[1m● \u001b[22m\u001b[1mAdmin Socket.IO Integration Tests › Admin Namespace Authentication › should reject non-admin users from admin namespace\u001b[39m\u001b[22m\n\n    thrown: \"Exceeded timeout of 30000 ms for a hook.\n    Add a timeout value to this test to increase the timeout, if this is a long-running test. See https://jestjs.io/docs/api#testname-fn-timeout.\"\n\u001b[2m\u001b[22m\n\u001b[2m    \u001b[0m \u001b[90m 22 |\u001b[39m\u001b[22m\n\u001b[2m     \u001b[90m 23 |\u001b[39m   beforeAll(\u001b[36masync\u001b[39m () \u001b[33m=>\u001b[39m {\u001b[22m\n\u001b[2m    \u001b[31m\u001b[1m>\u001b[22m\u001b[2m\u001b[39m\u001b[90m 24 |\u001b[39m     \u001b[90m// Database connection is handled in Jest setup\u001b[39m\u001b[22m\n\u001b[2m     \u001b[90m    |\u001b[39m                             \u001b[31m\u001b[1m^\u001b[22m\u001b[2m\u001b[39m\u001b[22m\n\u001b[2m     \u001b[90m 25 |\u001b[39m\u001b[22m\n\u001b[2m     \u001b[90m 26 |\u001b[39m     \u001b[90m// Create HTTP server\u001b[39m\u001b[22m\n\u001b[2m     \u001b[90m 27 |\u001b[39m     httpServer \u001b[33m=\u001b[39m createServer()\u001b[33m;\u001b[39m\u001b[0m\u001b[22m\n\u001b[2m\u001b[22m\n\u001b[2m      \u001b[2mat \u001b[22m\u001b[2m\u001b[0m\u001b[36msrc/__tests__/integration/adminSocketIO.test.ts\u001b[39m\u001b[0m\u001b[2m:24:29\u001b[22m\u001b[2m\u001b[22m\n\u001b[2m      \u001b[2mat Object.<anonymous> (\u001b[22m\u001b[2m\u001b[0m\u001b[36msrc/__tests__/integration/adminSocketIO.test.ts\u001b[39m\u001b[0m\u001b[2m:14:24)\u001b[22m\u001b[2m\u001b[22m\n\n\u001b[1m\u001b[31m  \u001b[1m● \u001b[22m\u001b[1mAdmin Socket.IO Integration Tests › Admin Namespace Authentication › should reject connections without valid token\u001b[39m\u001b[22m\n\n    thrown: \"Exceeded timeout of 30000 ms for a hook.\n    Add a timeout value to this test to increase the timeout, if this is a long-running test. See https://jestjs.io/docs/api#testname-fn-timeout.\"\n\u001b[2m\u001b[22m\n\u001b[2m    \u001b[0m \u001b[90m 22 |\u001b[39m\u001b[22m\n\u001b[2m     \u001b[90m 23 |\u001b[39m   beforeAll(\u001b[36masync\u001b[39m () \u001b[33m=>\u001b[39m {\u001b[22m\n\u001b[2m    \u001b[31m\u001b[1m>\u001b[22m\u001b[2m\u001b[39m\u001b[90m 24 |\u001b[39m     \u001b[90m// Database connection is handled in Jest setup\u001b[39m\u001b[22m\n\u001b[2m     \u001b[90m    |\u001b[39m                             \u001b[31m\u001b[1m^\u001b[22m\u001b[2m\u001b[39m\u001b[22m\n\u001b[2m     \u001b[90m 25 |\u001b[39m\u001b[22m\n\u001b[2m     \u001b[90m 26 |\u001b[39m     \u001b[90m// Create HTTP server\u001b[39m\u001b[22m\n\u001b[2m     \u001b[90m 27 |\u001b[39m     httpServer \u001b[33m=\u001b[39m createServer()\u001b[33m;\u001b[39m\u001b[0m\u001b[22m\n\u001b[2m\u001b[22m\n\u001b[2m      \u001b[2mat \u001b[22m\u001b[2m\u001b[0m\u001b[36msrc/__tests__/integration/adminSocketIO.test.ts\u001b[39m\u001b[0m\u001b[2m:24:29\u001b[22m\u001b[2m\u001b[22m\n\u001b[2m      \u001b[2mat Object.<anonymous> (\u001b[22m\u001b[2m\u001b[0m\u001b[36msrc/__tests__/integration/adminSocketIO.test.ts\u001b[39m\u001b[0m\u001b[2m:14:24)\u001b[22m\u001b[2m\u001b[22m\n\n\u001b[1m\u001b[31m  \u001b[1m● \u001b[22m\u001b[1mAdmin Socket.IO Integration Tests › Admin Namespace Authentication › should reject connections without token\u001b[39m\u001b[22m\n\n    thrown: \"Exceeded timeout of 30000 ms for a hook.\n    Add a timeout value to this test to increase the timeout, if this is a long-running test. See https://jestjs.io/docs/api#testname-fn-timeout.\"\n\u001b[2m\u001b[22m\n\u001b[2m    \u001b[0m \u001b[90m 22 |\u001b[39m\u001b[22m\n\u001b[2m     \u001b[90m 23 |\u001b[39m   beforeAll(\u001b[36masync\u001b[39m () \u001b[33m=>\u001b[39m {\u001b[22m\n\u001b[2m    \u001b[31m\u001b[1m>\u001b[22m\u001b[2m\u001b[39m\u001b[90m 24 |\u001b[39m     \u001b[90m// Database connection is handled in Jest setup\u001b[39m\u001b[22m\n\u001b[2m     \u001b[90m    |\u001b[39m                             \u001b[31m\u001b[1m^\u001b[22m\u001b[2m\u001b[39m\u001b[22m\n\u001b[2m     \u001b[90m 25 |\u001b[39m\u001b[22m\n\u001b[2m     \u001b[90m 26 |\u001b[39m     \u001b[90m// Create HTTP server\u001b[39m\u001b[22m\n\u001b[2m     \u001b[90m 27 |\u001b[39m     httpServer \u001b[33m=\u001b[39m createServer()\u001b[33m;\u001b[39m\u001b[0m\u001b[22m\n\u001b[2m\u001b[22m\n\u001b[2m      \u001b[2mat \u001b[22m\u001b[2m\u001b[0m\u001b[36msrc/__tests__/integration/adminSocketIO.test.ts\u001b[39m\u001b[0m\u001b[2m:24:29\u001b[22m\u001b[2m\u001b[22m\n\u001b[2m      \u001b[2mat Object.<anonymous> (\u001b[22m\u001b[2m\u001b[0m\u001b[36msrc/__tests__/integration/adminSocketIO.test.ts\u001b[39m\u001b[0m\u001b[2m:14:24)\u001b[22m\u001b[2m\u001b[22m\n\n\u001b[1m\u001b[31m  \u001b[1m● \u001b[22m\u001b[1mAdmin Socket.IO Integration Tests › System Health Notifications › should emit system health notifications to admin clients\u001b[39m\u001b[22m\n\n    thrown: \"Exceeded timeout of 30000 ms for a hook.\n    Add a timeout value to this test to increase the timeout, if this is a long-running test. See https://jestjs.io/docs/api#testname-fn-timeout.\"\n\u001b[2m\u001b[22m\n\u001b[2m    \u001b[0m \u001b[90m 22 |\u001b[39m\u001b[22m\n\u001b[2m     \u001b[90m 23 |\u001b[39m   beforeAll(\u001b[36masync\u001b[39m () \u001b[33m=>\u001b[39m {\u001b[22m\n\u001b[2m    \u001b[31m\u001b[1m>\u001b[22m\u001b[2m\u001b[39m\u001b[90m 24 |\u001b[39m     \u001b[90m// Database connection is handled in Jest setup\u001b[39m\u001b[22m\n\u001b[2m     \u001b[90m    |\u001b[39m                             \u001b[31m\u001b[1m^\u001b[22m\u001b[2m\u001b[39m\u001b[22m\n\u001b[2m     \u001b[90m 25 |\u001b[39m\u001b[22m\n\u001b[2m     \u001b[90m 26 |\u001b[39m     \u001b[90m// Create HTTP server\u001b[39m\u001b[22m\n\u001b[2m     \u001b[90m 27 |\u001b[39m     httpServer \u001b[33m=\u001b[39m createServer()\u001b[33m;\u001b[39m\u001b[0m\u001b[22m\n\u001b[2m\u001b[22m\n\u001b[2m      \u001b[2mat \u001b[22m\u001b[2m\u001b[0m\u001b[36msrc/__tests__/integration/adminSocketIO.test.ts\u001b[39m\u001b[0m\u001b[2m:24:29\u001b[22m\u001b[2m\u001b[22m\n\u001b[2m      \u001b[2mat Object.<anonymous> (\u001b[22m\u001b[2m\u001b[0m\u001b[36msrc/__tests__/integration/adminSocketIO.test.ts\u001b[39m\u001b[0m\u001b[2m:14:24)\u001b[22m\u001b[2m\u001b[22m\n\n\u001b[1m\u001b[31m  \u001b[1m● \u001b[22m\u001b[1mAdmin Socket.IO Integration Tests › System Health Notifications › should handle critical system health alerts\u001b[39m\u001b[22m\n\n    thrown: \"Exceeded timeout of 30000 ms for a hook.\n    Add a timeout value to this test to increase the timeout, if this is a long-running test. See https://jestjs.io/docs/api#testname-fn-timeout.\"\n\u001b[2m\u001b[22m\n\u001b[2m    \u001b[0m \u001b[90m 22 |\u001b[39m\u001b[22m\n\u001b[2m     \u001b[90m 23 |\u001b[39m   beforeAll(\u001b[36masync\u001b[39m () \u001b[33m=>\u001b[39m {\u001b[22m\n\u001b[2m    \u001b[31m\u001b[1m>\u001b[22m\u001b[2m\u001b[39m\u001b[90m 24 |\u001b[39m     \u001b[90m// Database connection is handled in Jest setup\u001b[39m\u001b[22m\n\u001b[2m     \u001b[90m    |\u001b[39m                             \u001b[31m\u001b[1m^\u001b[22m\u001b[2m\u001b[39m\u001b[22m\n\u001b[2m     \u001b[90m 25 |\u001b[39m\u001b[22m\n\u001b[2m     \u001b[90m 26 |\u001b[39m     \u001b[90m// Create HTTP server\u001b[39m\u001b[22m\n\u001b[2m     \u001b[90m 27 |\u001b[39m     httpServer \u001b[33m=\u001b[39m createServer()\u001b[33m;\u001b[39m\u001b[0m\u001b[22m\n\u001b[2m\u001b[22m\n\u001b[2m      \u001b[2mat \u001b[22m\u001b[2m\u001b[0m\u001b[36msrc/__tests__/integration/adminSocketIO.test.ts\u001b[39m\u001b[0m\u001b[2m:24:29\u001b[22m\u001b[2m\u001b[22m\n\u001b[2m      \u001b[2mat Object.<anonymous> (\u001b[22m\u001b[2m\u001b[0m\u001b[36msrc/__tests__/integration/adminSocketIO.test.ts\u001b[39m\u001b[0m\u001b[2m:14:24)\u001b[22m\u001b[2m\u001b[22m\n\n\u001b[1m\u001b[31m  \u001b[1m● \u001b[22m\u001b[1mAdmin Socket.IO Integration Tests › Security Alert Notifications › should emit security alerts to admin clients\u001b[39m\u001b[22m\n\n    thrown: \"Exceeded timeout of 30000 ms for a hook.\n    Add a timeout value to this test to increase the timeout, if this is a long-running test. See https://jestjs.io/docs/api#testname-fn-timeout.\"\n\u001b[2m\u001b[22m\n\u001b[2m    \u001b[0m \u001b[90m 22 |\u001b[39m\u001b[22m\n\u001b[2m     \u001b[90m 23 |\u001b[39m   beforeAll(\u001b[36masync\u001b[39m () \u001b[33m=>\u001b[39m {\u001b[22m\n\u001b[2m    \u001b[31m\u001b[1m>\u001b[22m\u001b[2m\u001b[39m\u001b[90m 24 |\u001b[39m     \u001b[90m// Database connection is handled in Jest setup\u001b[39m\u001b[22m\n\u001b[2m     \u001b[90m    |\u001b[39m                             \u001b[31m\u001b[1m^\u001b[22m\u001b[2m\u001b[39m\u001b[22m\n\u001b[2m     \u001b[90m 25 |\u001b[39m\u001b[22m\n\u001b[2m     \u001b[90m 26 |\u001b[39m     \u001b[90m// Create HTTP server\u001b[39m\u001b[22m\n\u001b[2m     \u001b[90m 27 |\u001b[39m     httpServer \u001b[33m=\u001b[39m createServer()\u001b[33m;\u001b[39m\u001b[0m\u001b[22m\n\u001b[2m\u001b[22m\n\u001b[2m      \u001b[2mat \u001b[22m\u001b[2m\u001b[0m\u001b[36msrc/__tests__/integration/adminSocketIO.test.ts\u001b[39m\u001b[0m\u001b[2m:24:29\u001b[22m\u001b[2m\u001b[22m\n\u001b[2m      \u001b[2mat Object.<anonymous> (\u001b[22m\u001b[2m\u001b[0m\u001b[36msrc/__tests__/integration/adminSocketIO.test.ts\u001b[39m\u001b[0m\u001b[2m:14:24)\u001b[22m\u001b[2m\u001b[22m\n\n\u001b[1m\u001b[31m  \u001b[1m● \u001b[22m\u001b[1mAdmin Socket.IO Integration Tests › Security Alert Notifications › should handle different types of security alerts\u001b[39m\u001b[22m\n\n    thrown: \"Exceeded timeout of 30000 ms for a hook.\n    Add a timeout value to this test to increase the timeout, if this is a long-running test. See https://jestjs.io/docs/api#testname-fn-timeout.\"\n\u001b[2m\u001b[22m\n\u001b[2m    \u001b[0m \u001b[90m 22 |\u001b[39m\u001b[22m\n\u001b[2m     \u001b[90m 23 |\u001b[39m   beforeAll(\u001b[36masync\u001b[39m () \u001b[33m=>\u001b[39m {\u001b[22m\n\u001b[2m    \u001b[31m\u001b[1m>\u001b[22m\u001b[2m\u001b[39m\u001b[90m 24 |\u001b[39m     \u001b[90m// Database connection is handled in Jest setup\u001b[39m\u001b[22m\n\u001b[2m     \u001b[90m    |\u001b[39m                             \u001b[31m\u001b[1m^\u001b[22m\u001b[2m\u001b[39m\u001b[22m\n\u001b[2m     \u001b[90m 25 |\u001b[39m\u001b[22m\n\u001b[2m     \u001b[90m 26 |\u001b[39m     \u001b[90m// Create HTTP server\u001b[39m\u001b[22m\n\u001b[2m     \u001b[90m 27 |\u001b[39m     httpServer \u001b[33m=\u001b[39m createServer()\u001b[33m;\u001b[39m\u001b[0m\u001b[22m\n\u001b[2m\u001b[22m\n\u001b[2m      \u001b[2mat \u001b[22m\u001b[2m\u001b[0m\u001b[36msrc/__tests__/integration/adminSocketIO.test.ts\u001b[39m\u001b[0m\u001b[2m:24:29\u001b[22m\u001b[2m\u001b[22m\n\u001b[2m      \u001b[2mat Object.<anonymous> (\u001b[22m\u001b[2m\u001b[0m\u001b[36msrc/__tests__/integration/adminSocketIO.test.ts\u001b[39m\u001b[0m\u001b[2m:14:24)\u001b[22m\u001b[2m\u001b[22m\n\n\u001b[1m\u001b[31m  \u001b[1m● \u001b[22m\u001b[1mAdmin Socket.IO Integration Tests › User Activity Notifications › should emit user activity notifications\u001b[39m\u001b[22m\n\n    thrown: \"Exceeded timeout of 30000 ms for a hook.\n    Add a timeout value to this test to increase the timeout, if this is a long-running test. See https://jestjs.io/docs/api#testname-fn-timeout.\"\n\u001b[2m\u001b[22m\n\u001b[2m    \u001b[0m \u001b[90m 22 |\u001b[39m\u001b[22m\n\u001b[2m     \u001b[90m 23 |\u001b[39m   beforeAll(\u001b[36masync\u001b[39m () \u001b[33m=>\u001b[39m {\u001b[22m\n\u001b[2m    \u001b[31m\u001b[1m>\u001b[22m\u001b[2m\u001b[39m\u001b[90m 24 |\u001b[39m     \u001b[90m// Database connection is handled in Jest setup\u001b[39m\u001b[22m\n\u001b[2m     \u001b[90m    |\u001b[39m                             \u001b[31m\u001b[1m^\u001b[22m\u001b[2m\u001b[39m\u001b[22m\n\u001b[2m     \u001b[90m 25 |\u001b[39m\u001b[22m\n\u001b[2m     \u001b[90m 26 |\u001b[39m     \u001b[90m// Create HTTP server\u001b[39m\u001b[22m\n\u001b[2m     \u001b[90m 27 |\u001b[39m     httpServer \u001b[33m=\u001b[39m createServer()\u001b[33m;\u001b[39m\u001b[0m\u001b[22m\n\u001b[2m\u001b[22m\n\u001b[2m      \u001b[2mat \u001b[22m\u001b[2m\u001b[0m\u001b[36msrc/__tests__/integration/adminSocketIO.test.ts\u001b[39m\u001b[0m\u001b[2m:24:29\u001b[22m\u001b[2m\u001b[22m\n\u001b[2m      \u001b[2mat Object.<anonymous> (\u001b[22m\u001b[2m\u001b[0m\u001b[36msrc/__tests__/integration/adminSocketIO.test.ts\u001b[39m\u001b[0m\u001b[2m:14:24)\u001b[22m\u001b[2m\u001b[22m\n\n\u001b[1m\u001b[31m  \u001b[1m● \u001b[22m\u001b[1mAdmin Socket.IO Integration Tests › User Activity Notifications › should handle different user actions\u001b[39m\u001b[22m\n\n    thrown: \"Exceeded timeout of 30000 ms for a hook.\n    Add a timeout value to this test to increase the timeout, if this is a long-running test. See https://jestjs.io/docs/api#testname-fn-timeout.\"\n\u001b[2m\u001b[22m\n\u001b[2m    \u001b[0m \u001b[90m 22 |\u001b[39m\u001b[22m\n\u001b[2m     \u001b[90m 23 |\u001b[39m   beforeAll(\u001b[36masync\u001b[39m () \u001b[33m=>\u001b[39m {\u001b[22m\n\u001b[2m    \u001b[31m\u001b[1m>\u001b[22m\u001b[2m\u001b[39m\u001b[90m 24 |\u001b[39m     \u001b[90m// Database connection is handled in Jest setup\u001b[39m\u001b[22m\n\u001b[2m     \u001b[90m    |\u001b[39m                             \u001b[31m\u001b[1m^\u001b[22m\u001b[2m\u001b[39m\u001b[22m\n\u001b[2m     \u001b[90m 25 |\u001b[39m\u001b[22m\n\u001b[2m     \u001b[90m 26 |\u001b[39m     \u001b[90m// Create HTTP server\u001b[39m\u001b[22m\n\u001b[2m     \u001b[90m 27 |\u001b[39m     httpServer \u001b[33m=\u001b[39m createServer()\u001b[33m;\u001b[39m\u001b[0m\u001b[22m\n\u001b[2m\u001b[22m\n\u001b[2m      \u001b[2mat \u001b[22m\u001b[2m\u001b[0m\u001b[36msrc/__tests__/integration/adminSocketIO.test.ts\u001b[39m\u001b[0m\u001b[2m:24:29\u001b[22m\u001b[2m\u001b[22m\n\u001b[2m      \u001b[2mat Object.<anonymous> (\u001b[22m\u001b[2m\u001b[0m\u001b[36msrc/__tests__/integration/adminSocketIO.test.ts\u001b[39m\u001b[0m\u001b[2m:14:24)\u001b[22m\u001b[2m\u001b[22m\n\n\u001b[1m\u001b[31m  \u001b[1m● \u001b[22m\u001b[1mAdmin Socket.IO Integration Tests › Payment Notifications › should emit payment notifications\u001b[39m\u001b[22m\n\n    thrown: \"Exceeded timeout of 30000 ms for a hook.\n    Add a timeout value to this test to increase the timeout, if this is a long-running test. See https://jestjs.io/docs/api#testname-fn-timeout.\"\n\u001b[2m\u001b[22m\n\u001b[2m    \u001b[0m \u001b[90m 22 |\u001b[39m\u001b[22m\n\u001b[2m     \u001b[90m 23 |\u001b[39m   beforeAll(\u001b[36masync\u001b[39m () \u001b[33m=>\u001b[39m {\u001b[22m\n\u001b[2m    \u001b[31m\u001b[1m>\u001b[22m\u001b[2m\u001b[39m\u001b[90m 24 |\u001b[39m     \u001b[90m// Database connection is handled in Jest setup\u001b[39m\u001b[22m\n\u001b[2m     \u001b[90m    |\u001b[39m                             \u001b[31m\u001b[1m^\u001b[22m\u001b[2m\u001b[39m\u001b[22m\n\u001b[2m     \u001b[90m 25 |\u001b[39m\u001b[22m\n\u001b[2m     \u001b[90m 26 |\u001b[39m     \u001b[90m// Create HTTP server\u001b[39m\u001b[22m\n\u001b[2m     \u001b[90m 27 |\u001b[39m     httpServer \u001b[33m=\u001b[39m createServer()\u001b[33m;\u001b[39m\u001b[0m\u001b[22m\n\u001b[2m\u001b[22m\n\u001b[2m      \u001b[2mat \u001b[22m\u001b[2m\u001b[0m\u001b[36msrc/__tests__/integration/adminSocketIO.test.ts\u001b[39m\u001b[0m\u001b[2m:24:29\u001b[22m\u001b[2m\u001b[22m\n\u001b[2m      \u001b[2mat Object.<anonymous> (\u001b[22m\u001b[2m\u001b[0m\u001b[36msrc/__tests__/integration/adminSocketIO.test.ts\u001b[39m\u001b[0m\u001b[2m:14:24)\u001b[22m\u001b[2m\u001b[22m\n\n\u001b[1m\u001b[31m  \u001b[1m● \u001b[22m\u001b[1mAdmin Socket.IO Integration Tests › Payment Notifications › should handle payment failures\u001b[39m\u001b[22m\n\n    thrown: \"Exceeded timeout of 30000 ms for a hook.\n    Add a timeout value to this test to increase the timeout, if this is a long-running test. See https://jestjs.io/docs/api#testname-fn-timeout.\"\n\u001b[2m\u001b[22m\n\u001b[2m    \u001b[0m \u001b[90m 22 |\u001b[39m\u001b[22m\n\u001b[2m     \u001b[90m 23 |\u001b[39m   beforeAll(\u001b[36masync\u001b[39m () \u001b[33m=>\u001b[39m {\u001b[22m\n\u001b[2m    \u001b[31m\u001b[1m>\u001b[22m\u001b[2m\u001b[39m\u001b[90m 24 |\u001b[39m     \u001b[90m// Database connection is handled in Jest setup\u001b[39m\u001b[22m\n\u001b[2m     \u001b[90m    |\u001b[39m                             \u001b[31m\u001b[1m^\u001b[22m\u001b[2m\u001b[39m\u001b[22m\n\u001b[2m     \u001b[90m 25 |\u001b[39m\u001b[22m\n\u001b[2m     \u001b[90m 26 |\u001b[39m     \u001b[90m// Create HTTP server\u001b[39m\u001b[22m\n\u001b[2m     \u001b[90m 27 |\u001b[39m     httpServer \u001b[33m=\u001b[39m createServer()\u001b[33m;\u001b[39m\u001b[0m\u001b[22m\n\u001b[2m\u001b[22m\n\u001b[2m      \u001b[2mat \u001b[22m\u001b[2m\u001b[0m\u001b[36msrc/__tests__/integration/adminSocketIO.test.ts\u001b[39m\u001b[0m\u001b[2m:24:29\u001b[22m\u001b[2m\u001b[22m\n\u001b[2m      \u001b[2mat Object.<anonymous> (\u001b[22m\u001b[2m\u001b[0m\u001b[36msrc/__tests__/integration/adminSocketIO.test.ts\u001b[39m\u001b[0m\u001b[2m:14:24)\u001b[22m\u001b[2m\u001b[22m\n\n\u001b[1m\u001b[31m  \u001b[1m● \u001b[22m\u001b[1mAdmin Socket.IO Integration Tests › Teacher Notifications › should emit teacher application notifications\u001b[39m\u001b[22m\n\n    thrown: \"Exceeded timeout of 30000 ms for a hook.\n    Add a timeout value to this test to increase the timeout, if this is a long-running test. See https://jestjs.io/docs/api#testname-fn-timeout.\"\n\u001b[2m\u001b[22m\n\u001b[2m    \u001b[0m \u001b[90m 22 |\u001b[39m\u001b[22m\n\u001b[2m     \u001b[90m 23 |\u001b[39m   beforeAll(\u001b[36masync\u001b[39m () \u001b[33m=>\u001b[39m {\u001b[22m\n\u001b[2m    \u001b[31m\u001b[1m>\u001b[22m\u001b[2m\u001b[39m\u001b[90m 24 |\u001b[39m     \u001b[90m// Database connection is handled in Jest setup\u001b[39m\u001b[22m\n\u001b[2m     \u001b[90m    |\u001b[39m                             \u001b[31m\u001b[1m^\u001b[22m\u001b[2m\u001b[39m\u001b[22m\n\u001b[2m     \u001b[90m 25 |\u001b[39m\u001b[22m\n\u001b[2m     \u001b[90m 26 |\u001b[39m     \u001b[90m// Create HTTP server\u001b[39m\u001b[22m\n\u001b[2m     \u001b[90m 27 |\u001b[39m     httpServer \u001b[33m=\u001b[39m createServer()\u001b[33m;\u001b[39m\u001b[0m\u001b[22m\n\u001b[2m\u001b[22m\n\u001b[2m      \u001b[2mat \u001b[22m\u001b[2m\u001b[0m\u001b[36msrc/__tests__/integration/adminSocketIO.test.ts\u001b[39m\u001b[0m\u001b[2m:24:29\u001b[22m\u001b[2m\u001b[22m\n\u001b[2m      \u001b[2mat Object.<anonymous> (\u001b[22m\u001b[2m\u001b[0m\u001b[36msrc/__tests__/integration/adminSocketIO.test.ts\u001b[39m\u001b[0m\u001b[2m:14:24)\u001b[22m\u001b[2m\u001b[22m\n\n\u001b[1m\u001b[31m  \u001b[1m● \u001b[22m\u001b[1mAdmin Socket.IO Integration Tests › Teacher Notifications › should handle teacher status updates\u001b[39m\u001b[22m\n\n    thrown: \"Exceeded timeout of 30000 ms for a hook.\n    Add a timeout value to this test to increase the timeout, if this is a long-running test. See https://jestjs.io/docs/api#testname-fn-timeout.\"\n\u001b[2m\u001b[22m\n\u001b[2m    \u001b[0m \u001b[90m 22 |\u001b[39m\u001b[22m\n\u001b[2m     \u001b[90m 23 |\u001b[39m   beforeAll(\u001b[36masync\u001b[39m () \u001b[33m=>\u001b[39m {\u001b[22m\n\u001b[2m    \u001b[31m\u001b[1m>\u001b[22m\u001b[2m\u001b[39m\u001b[90m 24 |\u001b[39m     \u001b[90m// Database connection is handled in Jest setup\u001b[39m\u001b[22m\n\u001b[2m     \u001b[90m    |\u001b[39m                             \u001b[31m\u001b[1m^\u001b[22m\u001b[2m\u001b[39m\u001b[22m\n\u001b[2m     \u001b[90m 25 |\u001b[39m\u001b[22m\n\u001b[2m     \u001b[90m 26 |\u001b[39m     \u001b[90m// Create HTTP server\u001b[39m\u001b[22m\n\u001b[2m     \u001b[90m 27 |\u001b[39m     httpServer \u001b[33m=\u001b[39m createServer()\u001b[33m;\u001b[39m\u001b[0m\u001b[22m\n\u001b[2m\u001b[22m\n\u001b[2m      \u001b[2mat \u001b[22m\u001b[2m\u001b[0m\u001b[36msrc/__tests__/integration/adminSocketIO.test.ts\u001b[39m\u001b[0m\u001b[2m:24:29\u001b[22m\u001b[2m\u001b[22m\n\u001b[2m      \u001b[2mat Object.<anonymous> (\u001b[22m\u001b[2m\u001b[0m\u001b[36msrc/__tests__/integration/adminSocketIO.test.ts\u001b[39m\u001b[0m\u001b[2m:14:24)\u001b[22m\u001b[2m\u001b[22m\n\n\u001b[1m\u001b[31m  \u001b[1m● \u001b[22m\u001b[1mAdmin Socket.IO Integration Tests › Multiple Admin Clients › should broadcast notifications to all connected admin clients\u001b[39m\u001b[22m\n\n    thrown: \"Exceeded timeout of 30000 ms for a hook.\n    Add a timeout value to this test to increase the timeout, if this is a long-running test. See https://jestjs.io/docs/api#testname-fn-timeout.\"\n\u001b[2m\u001b[22m\n\u001b[2m    \u001b[0m \u001b[90m 22 |\u001b[39m\u001b[22m\n\u001b[2m     \u001b[90m 23 |\u001b[39m   beforeAll(\u001b[36masync\u001b[39m () \u001b[33m=>\u001b[39m {\u001b[22m\n\u001b[2m    \u001b[31m\u001b[1m>\u001b[22m\u001b[2m\u001b[39m\u001b[90m 24 |\u001b[39m     \u001b[90m// Database connection is handled in Jest setup\u001b[39m\u001b[22m\n\u001b[2m     \u001b[90m    |\u001b[39m                             \u001b[31m\u001b[1m^\u001b[22m\u001b[2m\u001b[39m\u001b[22m\n\u001b[2m     \u001b[90m 25 |\u001b[39m\u001b[22m\n\u001b[2m     \u001b[90m 26 |\u001b[39m     \u001b[90m// Create HTTP server\u001b[39m\u001b[22m\n\u001b[2m     \u001b[90m 27 |\u001b[39m     httpServer \u001b[33m=\u001b[39m createServer()\u001b[33m;\u001b[39m\u001b[0m\u001b[22m\n\u001b[2m\u001b[22m\n\u001b[2m      \u001b[2mat \u001b[22m\u001b[2m\u001b[0m\u001b[36msrc/__tests__/integration/adminSocketIO.test.ts\u001b[39m\u001b[0m\u001b[2m:24:29\u001b[22m\u001b[2m\u001b[22m\n\u001b[2m      \u001b[2mat Object.<anonymous> (\u001b[22m\u001b[2m\u001b[0m\u001b[36msrc/__tests__/integration/adminSocketIO.test.ts\u001b[39m\u001b[0m\u001b[2m:14:24)\u001b[22m\u001b[2m\u001b[22m\n\n\u001b[1m\u001b[31m  \u001b[1m● \u001b[22m\u001b[1mAdmin Socket.IO Integration Tests › Connection Management › should handle client disconnection gracefully\u001b[39m\u001b[22m\n\n    thrown: \"Exceeded timeout of 30000 ms for a hook.\n    Add a timeout value to this test to increase the timeout, if this is a long-running test. See https://jestjs.io/docs/api#testname-fn-timeout.\"\n\u001b[2m\u001b[22m\n\u001b[2m    \u001b[0m \u001b[90m 22 |\u001b[39m\u001b[22m\n\u001b[2m     \u001b[90m 23 |\u001b[39m   beforeAll(\u001b[36masync\u001b[39m () \u001b[33m=>\u001b[39m {\u001b[22m\n\u001b[2m    \u001b[31m\u001b[1m>\u001b[22m\u001b[2m\u001b[39m\u001b[90m 24 |\u001b[39m     \u001b[90m// Database connection is handled in Jest setup\u001b[39m\u001b[22m\n\u001b[2m     \u001b[90m    |\u001b[39m                             \u001b[31m\u001b[1m^\u001b[22m\u001b[2m\u001b[39m\u001b[22m\n\u001b[2m     \u001b[90m 25 |\u001b[39m\u001b[22m\n\u001b[2m     \u001b[90m 26 |\u001b[39m     \u001b[90m// Create HTTP server\u001b[39m\u001b[22m\n\u001b[2m     \u001b[90m 27 |\u001b[39m     httpServer \u001b[33m=\u001b[39m createServer()\u001b[33m;\u001b[39m\u001b[0m\u001b[22m\n\u001b[2m\u001b[22m\n\u001b[2m      \u001b[2mat \u001b[22m\u001b[2m\u001b[0m\u001b[36msrc/__tests__/integration/adminSocketIO.test.ts\u001b[39m\u001b[0m\u001b[2m:24:29\u001b[22m\u001b[2m\u001b[22m\n\u001b[2m      \u001b[2mat Object.<anonymous> (\u001b[22m\u001b[2m\u001b[0m\u001b[36msrc/__tests__/integration/adminSocketIO.test.ts\u001b[39m\u001b[0m\u001b[2m:14:24)\u001b[22m\u001b[2m\u001b[22m\n\n\u001b[1m\u001b[31m  \u001b[1m● \u001b[22m\u001b[1mAdmin Socket.IO Integration Tests › Connection Management › should handle server-side disconnection\u001b[39m\u001b[22m\n\n    thrown: \"Exceeded timeout of 30000 ms for a hook.\n    Add a timeout value to this test to increase the timeout, if this is a long-running test. See https://jestjs.io/docs/api#testname-fn-timeout.\"\n\u001b[2m\u001b[22m\n\u001b[2m    \u001b[0m \u001b[90m 22 |\u001b[39m\u001b[22m\n\u001b[2m     \u001b[90m 23 |\u001b[39m   beforeAll(\u001b[36masync\u001b[39m () \u001b[33m=>\u001b[39m {\u001b[22m\n\u001b[2m    \u001b[31m\u001b[1m>\u001b[22m\u001b[2m\u001b[39m\u001b[90m 24 |\u001b[39m     \u001b[90m// Database connection is handled in Jest setup\u001b[39m\u001b[22m\n\u001b[2m     \u001b[90m    |\u001b[39m                             \u001b[31m\u001b[1m^\u001b[22m\u001b[2m\u001b[39m\u001b[22m\n\u001b[2m     \u001b[90m 25 |\u001b[39m\u001b[22m\n\u001b[2m     \u001b[90m 26 |\u001b[39m     \u001b[90m// Create HTTP server\u001b[39m\u001b[22m\n\u001b[2m     \u001b[90m 27 |\u001b[39m     httpServer \u001b[33m=\u001b[39m createServer()\u001b[33m;\u001b[39m\u001b[0m\u001b[22m\n\u001b[2m\u001b[22m\n\u001b[2m      \u001b[2mat \u001b[22m\u001b[2m\u001b[0m\u001b[36msrc/__tests__/integration/adminSocketIO.test.ts\u001b[39m\u001b[0m\u001b[2m:24:29\u001b[22m\u001b[2m\u001b[22m\n\u001b[2m      \u001b[2mat Object.<anonymous> (\u001b[22m\u001b[2m\u001b[0m\u001b[36msrc/__tests__/integration/adminSocketIO.test.ts\u001b[39m\u001b[0m\u001b[2m:14:24)\u001b[22m\u001b[2m\u001b[22m\n\n\u001b[1m\u001b[31m  \u001b[1m● \u001b[22m\u001b[1mAdmin Socket.IO Integration Tests › Connection Management › should handle reconnection attempts\u001b[39m\u001b[22m\n\n    thrown: \"Exceeded timeout of 30000 ms for a hook.\n    Add a timeout value to this test to increase the timeout, if this is a long-running test. See https://jestjs.io/docs/api#testname-fn-timeout.\"\n\u001b[2m\u001b[22m\n\u001b[2m    \u001b[0m \u001b[90m 22 |\u001b[39m\u001b[22m\n\u001b[2m     \u001b[90m 23 |\u001b[39m   beforeAll(\u001b[36masync\u001b[39m () \u001b[33m=>\u001b[39m {\u001b[22m\n\u001b[2m    \u001b[31m\u001b[1m>\u001b[22m\u001b[2m\u001b[39m\u001b[90m 24 |\u001b[39m     \u001b[90m// Database connection is handled in Jest setup\u001b[39m\u001b[22m\n\u001b[2m     \u001b[90m    |\u001b[39m                             \u001b[31m\u001b[1m^\u001b[22m\u001b[2m\u001b[39m\u001b[22m\n\u001b[2m     \u001b[90m 25 |\u001b[39m\u001b[22m\n\u001b[2m     \u001b[90m 26 |\u001b[39m     \u001b[90m// Create HTTP server\u001b[39m\u001b[22m\n\u001b[2m     \u001b[90m 27 |\u001b[39m     httpServer \u001b[33m=\u001b[39m createServer()\u001b[33m;\u001b[39m\u001b[0m\u001b[22m\n\u001b[2m\u001b[22m\n\u001b[2m      \u001b[2mat \u001b[22m\u001b[2m\u001b[0m\u001b[36msrc/__tests__/integration/adminSocketIO.test.ts\u001b[39m\u001b[0m\u001b[2m:24:29\u001b[22m\u001b[2m\u001b[22m\n\u001b[2m      \u001b[2mat Object.<anonymous> (\u001b[22m\u001b[2m\u001b[0m\u001b[36msrc/__tests__/integration/adminSocketIO.test.ts\u001b[39m\u001b[0m\u001b[2m:14:24)\u001b[22m\u001b[2m\u001b[22m\n\n\u001b[1m\u001b[31m  \u001b[1m● \u001b[22m\u001b[1mAdmin Socket.IO Integration Tests › Error Handling › should handle malformed authentication tokens\u001b[39m\u001b[22m\n\n    thrown: \"Exceeded timeout of 30000 ms for a hook.\n    Add a timeout value to this test to increase the timeout, if this is a long-running test. See https://jestjs.io/docs/api#testname-fn-timeout.\"\n\u001b[2m\u001b[22m\n\u001b[2m    \u001b[0m \u001b[90m 22 |\u001b[39m\u001b[22m\n\u001b[2m     \u001b[90m 23 |\u001b[39m   beforeAll(\u001b[36masync\u001b[39m () \u001b[33m=>\u001b[39m {\u001b[22m\n\u001b[2m    \u001b[31m\u001b[1m>\u001b[22m\u001b[2m\u001b[39m\u001b[90m 24 |\u001b[39m     \u001b[90m// Database connection is handled in Jest setup\u001b[39m\u001b[22m\n\u001b[2m     \u001b[90m    |\u001b[39m                             \u001b[31m\u001b[1m^\u001b[22m\u001b[2m\u001b[39m\u001b[22m\n\u001b[2m     \u001b[90m 25 |\u001b[39m\u001b[22m\n\u001b[2m     \u001b[90m 26 |\u001b[39m     \u001b[90m// Create HTTP server\u001b[39m\u001b[22m\n\u001b[2m     \u001b[90m 27 |\u001b[39m     httpServer \u001b[33m=\u001b[39m createServer()\u001b[33m;\u001b[39m\u001b[0m\u001b[22m\n\u001b[2m\u001b[22m\n\u001b[2m      \u001b[2mat \u001b[22m\u001b[2m\u001b[0m\u001b[36msrc/__tests__/integration/adminSocketIO.test.ts\u001b[39m\u001b[0m\u001b[2m:24:29\u001b[22m\u001b[2m\u001b[22m\n\u001b[2m      \u001b[2mat Object.<anonymous> (\u001b[22m\u001b[2m\u001b[0m\u001b[36msrc/__tests__/integration/adminSocketIO.test.ts\u001b[39m\u001b[0m\u001b[2m:14:24)\u001b[22m\u001b[2m\u001b[22m\n\n\u001b[1m\u001b[31m  \u001b[1m● \u001b[22m\u001b[1mAdmin Socket.IO Integration Tests › Error Handling › should handle expired tokens\u001b[39m\u001b[22m\n\n    thrown: \"Exceeded timeout of 30000 ms for a hook.\n    Add a timeout value to this test to increase the timeout, if this is a long-running test. See https://jestjs.io/docs/api#testname-fn-timeout.\"\n\u001b[2m\u001b[22m\n\u001b[2m    \u001b[0m \u001b[90m 22 |\u001b[39m\u001b[22m\n\u001b[2m     \u001b[90m 23 |\u001b[39m   beforeAll(\u001b[36masync\u001b[39m () \u001b[33m=>\u001b[39m {\u001b[22m\n\u001b[2m    \u001b[31m\u001b[1m>\u001b[22m\u001b[2m\u001b[39m\u001b[90m 24 |\u001b[39m     \u001b[90m// Database connection is handled in Jest setup\u001b[39m\u001b[22m\n\u001b[2m     \u001b[90m    |\u001b[39m                             \u001b[31m\u001b[1m^\u001b[22m\u001b[2m\u001b[39m\u001b[22m\n\u001b[2m     \u001b[90m 25 |\u001b[39m\u001b[22m\n\u001b[2m     \u001b[90m 26 |\u001b[39m     \u001b[90m// Create HTTP server\u001b[39m\u001b[22m\n\u001b[2m     \u001b[90m 27 |\u001b[39m     httpServer \u001b[33m=\u001b[39m createServer()\u001b[33m;\u001b[39m\u001b[0m\u001b[22m\n\u001b[2m\u001b[22m\n\u001b[2m      \u001b[2mat \u001b[22m\u001b[2m\u001b[0m\u001b[36msrc/__tests__/integration/adminSocketIO.test.ts\u001b[39m\u001b[0m\u001b[2m:24:29\u001b[22m\u001b[2m\u001b[22m\n\u001b[2m      \u001b[2mat Object.<anonymous> (\u001b[22m\u001b[2m\u001b[0m\u001b[36msrc/__tests__/integration/adminSocketIO.test.ts\u001b[39m\u001b[0m\u001b[2m:14:24)\u001b[22m\u001b[2m\u001b[22m\n\n\u001b[1m\u001b[31m  \u001b[1m● \u001b[22m\u001b[1mAdmin Socket.IO Integration Tests › Error Handling › should handle database errors during authentication\u001b[39m\u001b[22m\n\n    thrown: \"Exceeded timeout of 30000 ms for a hook.\n    Add a timeout value to this test to increase the timeout, if this is a long-running test. See https://jestjs.io/docs/api#testname-fn-timeout.\"\n\u001b[2m\u001b[22m\n\u001b[2m    \u001b[0m \u001b[90m 22 |\u001b[39m\u001b[22m\n\u001b[2m     \u001b[90m 23 |\u001b[39m   beforeAll(\u001b[36masync\u001b[39m () \u001b[33m=>\u001b[39m {\u001b[22m\n\u001b[2m    \u001b[31m\u001b[1m>\u001b[22m\u001b[2m\u001b[39m\u001b[90m 24 |\u001b[39m     \u001b[90m// Database connection is handled in Jest setup\u001b[39m\u001b[22m\n\u001b[2m     \u001b[90m    |\u001b[39m                             \u001b[31m\u001b[1m^\u001b[22m\u001b[2m\u001b[39m\u001b[22m\n\u001b[2m     \u001b[90m 25 |\u001b[39m\u001b[22m\n\u001b[2m     \u001b[90m 26 |\u001b[39m     \u001b[90m// Create HTTP server\u001b[39m\u001b[22m\n\u001b[2m     \u001b[90m 27 |\u001b[39m     httpServer \u001b[33m=\u001b[39m createServer()\u001b[33m;\u001b[39m\u001b[0m\u001b[22m\n\u001b[2m\u001b[22m\n\u001b[2m      \u001b[2mat \u001b[22m\u001b[2m\u001b[0m\u001b[36msrc/__tests__/integration/adminSocketIO.test.ts\u001b[39m\u001b[0m\u001b[2m:24:29\u001b[22m\u001b[2m\u001b[22m\n\u001b[2m      \u001b[2mat Object.<anonymous> (\u001b[22m\u001b[2m\u001b[0m\u001b[36msrc/__tests__/integration/adminSocketIO.test.ts\u001b[39m\u001b[0m\u001b[2m:14:24)\u001b[22m\u001b[2m\u001b[22m\n\n\u001b[1m\u001b[31m  \u001b[1m● \u001b[22m\u001b[1mAdmin Socket.IO Integration Tests › Performance and Load Testing › should handle multiple simultaneous connections\u001b[39m\u001b[22m\n\n    thrown: \"Exceeded timeout of 30000 ms for a hook.\n    Add a timeout value to this test to increase the timeout, if this is a long-running test. See https://jestjs.io/docs/api#testname-fn-timeout.\"\n\u001b[2m\u001b[22m\n\u001b[2m    \u001b[0m \u001b[90m 22 |\u001b[39m\u001b[22m\n\u001b[2m     \u001b[90m 23 |\u001b[39m   beforeAll(\u001b[36masync\u001b[39m () \u001b[33m=>\u001b[39m {\u001b[22m\n\u001b[2m    \u001b[31m\u001b[1m>\u001b[22m\u001b[2m\u001b[39m\u001b[90m 24 |\u001b[39m     \u001b[90m// Database connection is handled in Jest setup\u001b[39m\u001b[22m\n\u001b[2m     \u001b[90m    |\u001b[39m                             \u001b[31m\u001b[1m^\u001b[22m\u001b[2m\u001b[39m\u001b[22m\n\u001b[2m     \u001b[90m 25 |\u001b[39m\u001b[22m\n\u001b[2m     \u001b[90m 26 |\u001b[39m     \u001b[90m// Create HTTP server\u001b[39m\u001b[22m\n\u001b[2m     \u001b[90m 27 |\u001b[39m     httpServer \u001b[33m=\u001b[39m createServer()\u001b[33m;\u001b[39m\u001b[0m\u001b[22m\n\u001b[2m\u001b[22m\n\u001b[2m      \u001b[2mat \u001b[22m\u001b[2m\u001b[0m\u001b[36msrc/__tests__/integration/adminSocketIO.test.ts\u001b[39m\u001b[0m\u001b[2m:24:29\u001b[22m\u001b[2m\u001b[22m\n\u001b[2m      \u001b[2mat Object.<anonymous> (\u001b[22m\u001b[2m\u001b[0m\u001b[36msrc/__tests__/integration/adminSocketIO.test.ts\u001b[39m\u001b[0m\u001b[2m:14:24)\u001b[22m\u001b[2m\u001b[22m\n\n\u001b[1m\u001b[31m  \u001b[1m● \u001b[22m\u001b[1mAdmin Socket.IO Integration Tests › Performance and Load Testing › should handle rapid notification emissions\u001b[39m\u001b[22m\n\n    thrown: \"Exceeded timeout of 30000 ms for a hook.\n    Add a timeout value to this test to increase the timeout, if this is a long-running test. See https://jestjs.io/docs/api#testname-fn-timeout.\"\n\u001b[2m\u001b[22m\n\u001b[2m    \u001b[0m \u001b[90m 22 |\u001b[39m\u001b[22m\n\u001b[2m     \u001b[90m 23 |\u001b[39m   beforeAll(\u001b[36masync\u001b[39m () \u001b[33m=>\u001b[39m {\u001b[22m\n\u001b[2m    \u001b[31m\u001b[1m>\u001b[22m\u001b[2m\u001b[39m\u001b[90m 24 |\u001b[39m     \u001b[90m// Database connection is handled in Jest setup\u001b[39m\u001b[22m\n\u001b[2m     \u001b[90m    |\u001b[39m                             \u001b[31m\u001b[1m^\u001b[22m\u001b[2m\u001b[39m\u001b[22m\n\u001b[2m     \u001b[90m 25 |\u001b[39m\u001b[22m\n\u001b[2m     \u001b[90m 26 |\u001b[39m     \u001b[90m// Create HTTP server\u001b[39m\u001b[22m\n\u001b[2m     \u001b[90m 27 |\u001b[39m     httpServer \u001b[33m=\u001b[39m createServer()\u001b[33m;\u001b[39m\u001b[0m\u001b[22m\n\u001b[2m\u001b[22m\n\u001b[2m      \u001b[2mat \u001b[22m\u001b[2m\u001b[0m\u001b[36msrc/__tests__/integration/adminSocketIO.test.ts\u001b[39m\u001b[0m\u001b[2m:24:29\u001b[22m\u001b[2m\u001b[22m\n\u001b[2m      \u001b[2mat Object.<anonymous> (\u001b[22m\u001b[2m\u001b[0m\u001b[36msrc/__tests__/integration/adminSocketIO.test.ts\u001b[39m\u001b[0m\u001b[2m:14:24)\u001b[22m\u001b[2m\u001b[22m\n\n\n  \u001b[1m● \u001b[22mTest suite failed to run\n\n    listen EADDRINUSE: address already in use :::3001\n\n    \u001b[0m \u001b[90m 37 |\u001b[39m     \u001b[90m// Initialize admin notification service\u001b[39m\n     \u001b[90m 38 |\u001b[39m     adminNotificationService\u001b[33m.\u001b[39msetSocketServer(io)\u001b[33m;\u001b[39m\n    \u001b[31m\u001b[1m>\u001b[22m\u001b[39m\u001b[90m 39 |\u001b[39m\n     \u001b[90m    |\u001b[39m \u001b[31m\u001b[1m^\u001b[22m\u001b[39m\n     \u001b[90m 40 |\u001b[39m     \u001b[90m// Start server\u001b[39m\n     \u001b[90m 41 |\u001b[39m     \u001b[36mawait\u001b[39m \u001b[36mnew\u001b[39m \u001b[33mPromise\u001b[39m\u001b[33m<\u001b[39m\u001b[36mvoid\u001b[39m\u001b[33m>\u001b[39m((resolve) \u001b[33m=>\u001b[39m {\n     \u001b[90m 42 |\u001b[39m       httpServer\u001b[33m.\u001b[39mlisten(port\u001b[33m,\u001b[39m resolve)\u001b[33m;\u001b[39m\u001b[0m\n\n      \u001b[2mat \u001b[22m\u001b[0m\u001b[36msrc/__tests__/integration/adminSocketIO.test.ts\u001b[39m\u001b[0m\u001b[2m:39:24\u001b[22m\n      \u001b[2mat Object.<anonymous> (\u001b[22m\u001b[0m\u001b[36msrc/__tests__/integration/adminSocketIO.test.ts\u001b[39m\u001b[0m\u001b[2m:38:15)\u001b[22m\n","name":"C:\\Verbfy\\backend\\src\\__tests__\\integration\\adminSocketIO.test.ts","startTime":1761623627331,"status":"failed","summary":""},{"assertionResults":[{"ancestorTitles":["Admin Auth Controller","POST /admin/auth/login"],"duration":786,"failureDetails":[],"failureMessages":[],"fullName":"Admin Auth Controller POST /admin/auth/login should login admin user successfully","invocations":1,"location":null,"numPassingAsserts":6,"retryReasons":[],"status":"passed","title":"should login admin user succ
[...]
cestorTitles":["API Endpoints Integration","User Management Endpoints"],"duration":129,"failureDetails":[],"failureMessages":[],"fullName":"API Endpoints Integration User Management Endpoints should get users list (admin only)","invocations":1,"location":null,"numPassingAsserts":2,"retryReasons":[],"status":"passed","title":"should get users list (admin only)"},{"ancestorTitles":["API Endpoints Integration","Materials Endpoints"],"duration":79,"failureDetails":[],"failureMessages":[],"fullName":"API Endpoints Integration Materials Endpoints should get materials list","invocations":1,"location":null,"numPassingAsserts":3,"retryReasons":[],"status":"passed","title":"should get materials list"},{"ancestorTitles":["API Endpoints Integration","Materials Endpoints"],"duration":70,"failureDetails":[],"failureMessages":[],"fullName":"API Endpoints Integration Materials Endpoints should create new material","invocations":1,"location":null,"numPassingAsserts":3,"retryReasons":[],"status":"passed","title":"should create new material"},{"ancestorTitles":["API Endpoints Integration","Materials Endpoints"],"duration":73,"failureDetails":[],"failureMessages":[],"fullName":"API Endpoints Integration Materials Endpoints should update material","invocations":1,"location":null,"numPassingAsserts":2,"retryReasons":[],"status":"passed","title":"should update material"},{"ancestorTitles":["API Endpoints Integration","Materials Endpoints"],"duration":73,"failureDetails":[],"failureMessages":[],"fullName":"API Endpoints Integration Materials Endpoints should delete material","invocations":1,"location":null,"numPassingAsserts":1,"retryReasons":[],"status":"passed","title":"should delete material"},{"ancestorTitles":["API Endpoints Integration","Lessons Endpoints"],"duration":82,"failureDetails":[],"failureMessages":[],"fullName":"API Endpoints Integration Lessons Endpoints should get lessons list","invocations":1,"location":null,"numPassingAsserts":3,"retryReasons":[],"status":"passed","title":"should get lessons list"},{"ancestorTitles":["API Endpoints Integration","Lessons Endpoints"],"duration":76,"failureDetails":[],"failureMessages":[],"fullName":"API Endpoints Integration Lessons Endpoints should create new lesson","invocations":1,"location":null,"numPassingAsserts":3,"retryReasons":[],"status":"passed","title":"should create new lesson"},{"ancestorTitles":["API Endpoints Integration","Lessons Endpoints"],"duration":76,"failureDetails":[],"failureMessages":[],"fullName":"API Endpoints Integration Lessons Endpoints should start lesson session","invocations":1,"location":null,"numPassingAsserts":3,"retryReasons":[],"status":"passed","title":"should start lesson session"},{"ancestorTitles":["API Endpoints Integration","Error Handling"],"duration":66,"failureDetails":[],"failureMessages":[],"fullName":"API Endpoints Integration Error Handling should handle 404 for non-existent routes","invocations":1,"location":null,"numPassingAsserts":1,"retryReasons":[],"status":"passed","title":"should handle 404 for non-existent routes"},{"ancestorTitles":["API Endpoints Integration","Error Handling"],"duration":64,"failureDetails":[],"failureMessages":[],"fullName":"API Endpoints Integration Error Handling should handle 500 for server errors","invocations":1,"location":null,"numPassingAsserts":1,"retryReasons":[],"status":"passed","title":"should handle 500 for server errors"},{"ancestorTitles":["API Endpoints Integration","Error Handling"],"duration":66,"failureDetails":[],"failureMessages":[],"fullName":"API Endpoints Integration Error Handling should handle validation errors","invocations":1,"location":null,"numPassingAsserts":1,"retryReasons":[],"status":"passed","title":"should handle validation errors"},{"ancestorTitles":["API Endpoints Integration","Authentication and Authorization"],"duration":66,"failureDetails":[],"failureMessages":[],"fullName":"API Endpoints Integration Authentication and Authorization should require authentication for protected routes","invocations":1,"location":null,"numPassingAsserts":1,"retryReasons":[],"status":"passed","title":"should require authentication for protected routes"},{"ancestorTitles":["API Endpoints Integration","Authentication and Authorization"],"duration":67,"failureDetails":[],"failureMessages":[],"fullName":"API Endpoints Integration Authentication and Authorization should handle invalid tokens","invocations":1,"location":null,"numPassingAsserts":1,"retryReasons":[],"status":"passed","title":"should handle invalid tokens"},{"ancestorTitles":["API Endpoints Integration","Authentication and Authorization"],"duration":126,"failureDetails":[],"failureMessages":[],"fullName":"API Endpoints Integration Authentication and Authorization should enforce role-based access","invocations":1,"location":null,"numPassingAsserts":1,"retryReasons":[],"status":"passed","title":"should enforce role-based access"}],"endTime":1761623621751,"message":"","name":"C:\\Verbfy\\backend\\src\\__tests__\\integration\\api-endpoints.test.ts","startTime":1761623619256,"status":"passed","summary":""},{"assertionResults":[{"ancestorTitles":["Auth email flows"],"duration":67,"failureDetails":[],"failureMessages":[],"fullName":"Auth email flows forgot password responds OK even for unknown email","invocations":1,"location":null,"numPassingAsserts":2,"retryReasons":[],"status":"passed","title":"forgot password responds OK even for unknown email"},{"ancestorTitles":["Auth email flows"],"duration":50,"failureDetails":[],"failureMessages":[],"fullName":"Auth email flows verify email with invalid token fails","invocations":1,"location":null,"numPassingAsserts":1,"retryReasons":[],"status":"passed","title":"verify email with invalid token fails"}],"endTime":1761623623459,"message":"","name":"C:\\Verbfy\\backend\\src\\__tests__\\controllers\\auth-email.test.ts","startTime":1761623621756,"status":"passed","summary":""},{"assertionResults":[{"ancestorTitles":["Auth Controller","POST /auth/register"],"duration":99,"failureDetails":[],"failureMessages":[],"fullName":"Auth Controller POST /auth/register should register a new user successfully","invocations":1,"location":null,"numPassingAsserts":8,"retryReasons":[],"status":"passed","title":"should register a new user successfully"},{"ancestorTitles":["Auth Controller","POST /auth/register"],"duration":78,"failureDetails":[],"failureMessages":[],"fullName":"Auth Controller POST /auth/register should not register user with existing email","invocations":1,"location":null,"numPassingAsserts":2,"retryReasons":[],"status":"passed","title":"should not register user with existing email"},{"ancestorTitles":["Auth Controller","POST /auth/register"],"duration":9,"failureDetails":[],"failureMessages":[],"fullName":"Auth Controller POST /auth/register should validate required fields","invocations":1,"location":null,"numPassingAsserts":1,"retryReasons":[],"status":"passed","title":"should validate required fields"},{"ancestorTitles":["Auth Controller","POST /auth/register"],"duration":9,"failureDetails":[],"failureMessages":[],"fullName":"Auth Controller POST /auth/register should validate email format","invocations":1,"location":null,"numPassingAsserts":1,"retryReasons":[],"status":"passed","title":"should validate email format"},{"ancestorTitles":["Auth Controller","POST /auth/register"],"duration":8,"failureDetails":[],"failureMessages":[],"fullName":"Auth Controller POST /auth/register should validate password strength","invocations":1,"location":null,"numPassingAsserts":1,"retryReasons":[],"status":"passed","title":"should validate password strength"},{"ancestorTitles":["Auth Controller","POST /auth/login"],"duration":129,"failureDetails":[],"failureMessages":[],"fullName":"Auth Controller POST /auth/login should login user with correct credentials","invocations":1,"location":null,"numPassingAsserts":5,"retryReasons":[],"status":"passed","title":"should login user with correct credentials"},{"ancestorTitles":["Auth Controller","POST /auth/login"],"duration":125,"failureDetails":[],"failureMessages":[],"fullName":"Auth Controller POST /auth/login should not login with incorrect password","invocations":1,"location":null,"numPassingAsserts":2,"retryReasons":[],"status":"passed","title":"should not login with incorrect password"},{"ancestorTitles":["Auth Controller","POST /auth/login"],"duration":65,"failureDetails":[],"failureMessages":[],"fullName":"Auth Controller POST /auth/login should not login with non-existent email","invocations":1,"location":null,"numPassingAsserts":2,"retryReasons":[],"status":"passed","title":"should not login with non-existent email"},{"ancestorTitles":["Auth Controller","POST /auth/login"],"duration":64,"failureDetails":[],"failureMessages":[],"fullName":"Auth Controller POST /auth/login should validate required fields","invocations":1,"location":null,"numPassingAsserts":1,"retryReasons":[],"status":"passed","title":"should validate required fields"},{"ancestorTitles":["Auth Controller","GET /auth/profile"],"duration":75,"failureDetails":[],"failureMessages":[],"fullName":"Auth Controller GET /auth/profile should get user profile with valid token","invocations":1,"location":null,"numPassingAsserts":5,"retryReasons":[],"status":"passed","title":"should get user profile with valid token"},{"ancestorTitles":["Auth Controller","GET /auth/profile"],"duration":65,"failureDetails":[],"failureMessages":[],"fullName":"Auth Controller GET /auth/profile should not get profile without token","invocations":1,"location":null,"numPassingAsserts":1,"retryReasons":[],"status":"passed","title":"should not get profile without token"},{"ancestorTitles":["Auth Controller","GET /auth/profile"],"duration":67,"failureDetails":[],"failureMessages":[],"fullName":"Auth Controller GET /auth/profile should not get profile with invalid token","invocations":1,"location":null,"numPassingAsserts":1,"retryReasons":[],"status":"passed","title":"should not get profile with invalid token"},{"ancestorTitles":["Auth Controller","POST /auth/logout"],"duration":6,"failureDetails":[],"failureMessages":[],"fullName":"Auth Controller POST /auth/logout should logout successfully","invocations":1,"location":null,"numPassingAsserts":2,"retryReasons":[],"status":"passed","title":"should logout successfully"}],"endTime":1761623625098,"message":"","name":"C:\\Verbfy\\backend\\src\\__tests__\\controllers\\authController.test.ts","startTime":1761623623465,"status":"passed","summary":""},{"assertionResults":[{"ancestorTitles":["Admin Controller","GET /admin/overview"],"duration":71,"failureDetails":[],"failureMessages":[],"fullName":"Admin Controller GET /admin/overview should return dashboard data for admin users","invocations":1,"location":null,"numPassingAsserts":5,"retryReasons":[],"status":"passed","title":"should return dashboard data for admin users"},{"ancestorTitles":["Admin Controller","GET /admin/overview"],"duration":24,"failureDetails":[],"failureMessages":[],"fullName":"Admin Controller GET /admin/overview should deny access to non-admin users","invocations":1,"location":null,"numPassingAsserts":0,"retryReasons":[],"status":"passed","title":"should deny access to non-admin users"},{"ancestorTitles":["Admin Controller","GET /admin/overview"],"duration":15,"failureDetails":[],"failureMessages":[],"fullName":"Admin Controller GET /admin/overview should deny access without authentication","invocations":1,"location":null,"numPassingAsserts":0,"retryReasons":[],"status":"passed","title":"should deny access without authentication"},{"ancestorTitles":["Admin Controller","PATCH /admin/users/:id/role"],"duration":32,"failureDetails":[],"failureMessages":[],"fullName":"Admin Controller PATCH /admin/users/:id/role should update user role successfully and emit notification","invocations":1,"location":null,"numPassingAsserts":2,"retryReasons":[],"status":"passed","title":"should update user role successfully and emit notification"},{"ancestorTitles":["Admin Controller","PATCH /admin/users/:id/role"],"duration":14,"failureDetails":[],"failureMessages":[],"fullName":"Admin Controller PATCH /admin/users/:id/role should reject invalid roles","invocations":1,"location":null,"numPassingAsserts":0,"retryReasons":[],"status":"passed","title":"should reject invalid roles"},{"ancestorTitles":["Admin Controller","PATCH /admin/users/:id/role"],"duration":17,"failureDetails":[],"failureMessages":[],"fullName":"Admin Controller PATCH /admin/users/:id/role should return 404 for non-existent user","invocations":1,"location":null,"numPassingAsserts":0,"retryReasons":[],"status":"passed","title":"should return 404 for non-existent user"},{"ancestorTitles":["Admin Controller","PATCH /admin/users/:id/role"],"duration":16,"failureDetails":[],"failureMessages":[],"fullName":"Admin Controller PATCH /admin/users/:id/role should deny access to non-admin users","invocations":1,"location":null,"numPassingAsserts":0,"retryReasons":[],"status":"passed","title":"should deny access to non-admin users"},{"ancestorTitles":["Admin Controller","PATCH /admin/users/:id/status"],"duration":26,"failureDetails":[],"failureMessages":[],"fullName":"Admin Controller PATCH /admin/users/:id/status should update user status successfully and emit notification","invocations":1,"location":null,"numPassingAsserts":2,"retryReasons":[],"status":"passed","title":"should update user status successfully and emit notification"},{"ancestorTitles":["Admin Controller","PATCH /admin/users/:id/status"],"duration":18,"failureDetails":[],"failureMessages":[],"fullName":"Admin Controller PATCH /admin/users/:id/status should reject invalid status values","invocations":1,"location":null,"numPassingAsserts":0,"retryReasons":[],"status":"passed","title":"should reject invalid status values"},{"ancestorTitles":["Admin Controller","PATCH /admin/users/:id/status"],"duration":18,"failureDetails":[],"failureMessages":[],"fullName":"Admin Controller PATCH /admin/users/:id/status should return 404 for non-existent user","invocations":1,"location":null,"numPassingAsserts":0,"retryReasons":[],"status":"passed","title":"should return 404 for non-existent user"},{"ancestorTitles":["Admin Controller","DELETE /admin/users/:id"],"duration":29,"failureDetails":[],"failureMessages":[],"fullName":"Admin Controller DELETE /admin/users/:id should delete user successfully and emit notification","invocations":1,"location":null,"numPassingAsserts":2,"retryReasons":[],"status":"passed","title":"should delete user successfully and emit notification"},{"ancestorTitles":["Admin Controller","DELETE /admin/users/:id"],"duration":18,"failureDetails":[],"failureMessages":[],"fullName":"Admin Controller DELETE /admin/users/:id should return 404 for non-existent user","invocations":1,"location":null,"numPassingAsserts":0,"retryReasons":[],"status":"passed","title":"should return 404 for non-existent user"},{"ancestorTitles":["Admin Controller","DELETE /admin/users/:id"],"duration":14,"failureDetails":[],"failureMessages":[],"fullName":"Admin Controller DELETE /admin/users/:id should deny access to non-admin users","invocations":1,"location":null,"numPassingAsserts":0,"retryReasons":[],"status":"passed","title":"should deny access to non-admin users"},{"ancestorTitles":["Admin Controller","PATCH /admin/teachers/:id/approve"],"duration":30,"failureDetails":[],"failureMessages":[],"fullName":"Admin Controller PATCH /admin/teachers/:id/approve should approve teacher successfully and emit notification","invocations":1,"location":null,"numPassingAsserts":3,"retryReasons":[],"status":"passed","title":"should approve teacher successfully and emit notification"},{"ancestorTitles":["Admin Controller","PATCH /admin/teachers/:id/approve"],"duration":19,"failureDetails":[],"failureMessages":[],"fullName":"Admin Controller PATCH /admin/teachers/:id/approve should return 404 for non-existent teacher","invocations":1,"location":null,"numPassingAsserts":0,"retryReasons":[],"status":"passed","title":"should return 404 for non-existent teacher"},{"ancestorTitles":["Admin Controller","PATCH /admin/teachers/:id/reject"],"duration":32,"failureDetails":[],"failureMessages":[],"fullName":"Admin Controller PATCH /admin/teachers/:id/reject should reject teacher successfully and emit notification","invocations":1,"location":null,"numPassingAsserts":4,"retryReasons":[],"status":"passed","title":"should reject teacher successfully and emit notification"},{"ancestorTitles":["Admin Controller","PATCH /admin/teachers/:id/reject"],"duration":25,"failureDetails":[],"failureMessages":[],"fullName":"Admin Controller PATCH /admin/teachers/:id/reject should require rejection reason","invocations":1,"location":null,"numPassingAsserts":0,"retryReasons":[],"status":"passed","title":"should require rejection reason"},{"ancestorTitles":["Admin Controller","GET /admin/system/health"],"duration":30,"failureDetails":[],"failureMessages":[],"fullName":"Admin Controller GET /admin/system/health should return system health information","invocations":1,"location":null,"numPassingAsserts":7,"retryReasons":[],"status":"passed","title":"should return system health information"},{"ancestorTitles":["Admin Controller","GET /admin/system/health"],"duration":15,"failureDetails":[],"failureMessages":[],"fullName":"Admin Controller GET /admin/system/health should deny access to non-admin users","invocations":1,"location":null,"numPassingAsserts":0,"retryReasons":[],"status":"passed","title":"should deny access to non-admin users"},{"ancestorTitles":["Admin Controller","Error Handling"],"duration":15,"failureDetails":[],"failureMessages":[],"fullName":"Admin Controller Error Handling should handle invalid ObjectId format","invocations":1,"location":null,"numPassingAsserts":0,"retryReasons":[],"status":"passed","title":"should handle invalid ObjectId format"},{"ancestorTitles":["Admin Controller","Error Handling"],"duration":24,"failureDetails":[],"failureMessages":[],"fullName":"Admin Controller Error Handling should handle missing required fields","invocations":1,"location":null,"numPassingAsserts":0,"retryReasons":[],"status":"passed","title":"should handle missing required fields"},{"ancestorTitles":["Admin Controller","Authorization"],"duration":14,"failureDetails":[],"failureMessages":[],"fullName":"Admin Controller Authorization should require valid JWT token","invocations":1,"location":null,"numPassingAsserts":0,"retryReasons":[],"status":"passed","title":"should require valid JWT token"},{"ancestorTitles":["Admin Controller","Authorization"],"duration":45,"failureDetails":[],"failureMessages":[],"fullName":"Admin Controller Authorization should require admin role for all admin endpoints","invocations":1,"location":null,"numPassingAsserts":0,"retryReasons":[],"status":"passed","title":"should require admin role for all admin endpoints"}],"endTime":1761623626637,"message":"","name":"C:\\Verbfy\\backend\\src\\__tests__\\controllers\\adminController.test.ts","startTime":1761623625102,"status":"passed","summary":""},{"assertionResults":[{"ancestorTitles":["AdminNotificationService","emitSystemHealth"],"duration":2,"failureDetails":[],"failureMessages":[],"fullName":"AdminNotificationService emitSystemHealth should emit system health notification to admin namespace","invocations":1,"location":null,"numPassingAsserts":2,"retryReasons":[],"status":"passed","title":"should emit system health notification to admin namespace"},{"ancestorTitles":["AdminNotificationService","emitSystemHealth"],"duration":1,"failureDetails":[],"failureMessages":[],"fullName":"AdminNotificationService emitSystemHealth should emit to all connected admin clients","invocations":1,"location":null,"numPassingAsserts":1,"retryReasons":[],"status":"passed","title":"should emit to all connected admin clients"}],"endTime":1761623627314,"message":"","name":"C:\\Verbfy\\backend\\src\\__tests__\\services\\adminNotificationService.test.ts","startTime":1761623626643,"status":"passed","summary":""}],"wasInterrupted":false}
