{"numFailedTestSuites":0,"numFailedTests":0,"numPassedTestSuites":1,"numPassedTests":16,"numPendingTestSuites":0,"numPendingTests":0,"numRuntimeErrorTestSuites":0,"numTodoTests":0,"numTotalTestSuites":1,"numTotalTests":16,"openHandles":[],"snapshot":{"added":0,"didUpdate":false,"failure":false,"filesAdded":0,"filesRemoved":0,"filesRemovedList":[],"filesUnmatched":0,"filesUpdated":0,"matched":0,"total":0,"unchecked":0,"uncheckedKeysByFile":[],"unmatched":0,"updated":0},"startTime":1759538778628,"success":true,"testResults":[{"assertionResults":[{"ancestorTitles":["API Endpoints Integration","User Management Endpoints"],"duration":190,"failureDetails":[],"failureMessages":[],"fullName":"API Endpoints Integration User Management Endpoints should get user profile","invocations":1,"location":null,"numPassingAsserts":3,"retryReasons":[],"status":"passed","title":"should get user profile"},{"ancestorTitles":["API Endpoints Integration","User Management Endpoints"],"duration":122,"failureDetails":[],"failureMessages":[],"fullName":"API Endpoints Integration User Management Endpoints should update user profile","invocations":1,"location":null,"numPassingAsserts":2,"retryReasons":[],"status":"passed","title":"should update user profile"},{"ancestorTitles":["API Endpoints Integration","User Management Endpoints"],"duration":181,"failureDetails":[],"failureMessages":[],"fullName":"API Endpoints Integration User Management Endpoints should get users list (admin only)","invocations":1,"location":null,"numPassingAsserts":2,"retryReasons":[],"status":"passed","title":"should get users list (admin only)"},{"ancestorTitles":["API Endpoints Integration","Materials Endpoints"],"duration":115,"failureDetails":[],"failureMessages":[],"fullName":"API Endpoints Integration Materials Endpoints should get materials list","invocations":1,"location":null,"numPassingAsserts":3,"retryReasons":[],"status":"passed","title":"should get materials list"},{"ancestorTitles":["API Endpoints Integration","Materials Endpoints"],"duration":94,"failureDetails":[],"failureMessages":[],"fullName":"API Endpoints Integration Materials Endpoints should create new material","invocations":1,"location":null,"numPassingAsserts":3,"retryReasons":[],"status":"passed","title":"should create new material"},{"ancestorTitles":["API Endpoints Integration","Materials Endpoints"],"duration":110,"failureDetails":[],"failureMessages":[],"fullName":"API Endpoints Integration Materials Endpoints should update material","invocations":1,"location":null,"numPassingAsserts":2,"retryReasons":[],"status":"passed","title":"should update material"},{"ancestorTitles":["API Endpoints Integration","Materials Endpoints"],"duration":111,"failureDetails":[],"failureMessages":[],"fullName":"API Endpoints Integration Materials Endpoints should delete material","invocations":1,"location":null,"numPassingAsserts":1,"retryReasons":[],"status":"passed","title":"should delete material"},{"ancestorTitles":["API Endpoints Integration","Lessons Endpoints"],"duration":120,"failureDetails":[],"failureMessages":[],"fullName":"API Endpoints Integration Lessons Endpoints should get lessons list","invocations":1,"location":null,"numPassingAsserts":3,"retryReasons":[],"status":"passed","title":"should get lessons list"},{"ancestorTitles":["API Endpoints Integration","Lessons Endpoints"],"duration":100,"failureDetails":[],"failureMessages":[],"fullName":"API Endpoints Integration Lessons Endpoints should create new lesson","invocations":1,"location":null,"numPassingAsserts":3,"retryReasons":[],"status":"passed","title":"should create new lesson"},{"ancestorTitles":["API Endpoints Integration","Lessons Endpoints"],"duration":105,"failureDetails":[],"failureMessages":[],"fullName":"API Endpoints Integration Lessons Endpoints should start lesson session","invocations":1,"location":null,"numPassingAsserts":3,"retryReasons":[],"status":"passed","title":"should start lesson session"},{"ancestorTitles":["API Endpoints Integration","Error Handling"],"duration":102,"failureDetails":[],"failureMessages":[],"fullName":"API Endpoints Integration Error Handling should handle 404 for non-existent routes","invocations":1,"location":null,"numPassingAsserts":1,"retryReasons":[],"status":"passed","title":"should handle 404 for non-existent routes"},{"ancestorTitles":["API Endpoints Integration","Error Handling"],"duration":97,"failureDetails":[],"failureMessages":[],"fullName":"API Endpoints Integration Error Handling should handle 500 for server errors","invocations":1,"location":null,"numPassingAsserts":1,"retryReasons":[],"status":"passed","title":"should handle 500 for server errors"},{"ancestorTitles":["API Endpoints Integration","Error Handling"],"duration":94,"failureDetails":[],"failureMessages":[],"fullName":"API Endpoints Integration Error Handling should handle validation errors","invocations":1,"location":null,"numPassingAsserts":1,"retryReasons":[],"status":"passed","title":"should handle validation errors"},{"ancestorTitles":["API Endpoints Integration","Authentication and Authorization"],"duration":108,"failureDetails":[],"failureMessages":[],"fullName":"API Endpoints Integration Authentication and Authorization should require authentication for protected routes","invocations":1,"location":null,"numPassingAsserts":1,"retryReasons":[],"status":"passed","title":"should require authentication for protected routes"},{"ancestorTitles":["API Endpoints Integration","Authentication and Authorization"],"duration":105,"failureDetails":[],"failureMessages":[],"fullName":"API Endpoints Integration Authentication and Authorization should handle invalid tokens","invocations":1,"location":null,"numPassingAsserts":1,"retryReasons":[],"status":"passed","title":"should handle invalid tokens"},{"ancestorTitles":["API Endpoints Integration","Authentication and Authorization"],"duration":178,"failureDetails":[],"failureMessages":[],"fullName":"API Endpoints Integration Authentication and Authorization should enforce role-based access","invocations":1,"location":null,"numPassingAsserts":1,"retryReasons":[],"status":"passed","title":"should enforce role-based access"}],"endTime":1759538784070,"message":"","name":"C:\\Verbfy\\backend\\src\\__tests__\\integration\\api-endpoints.test.ts","startTime":1759538779098,"status":"passed","summary":""}],"wasInterrupted":false}
