TN:
SF:pages\admin\login.tsx
FN:11,AdminLoginPage
FN:21,(anonymous_6)
FN:31,(anonymous_7)
FN:155,(anonymous_8)
FN:177,(anonymous_9)
FN:183,(anonymous_10)
FNF:6
FNH:2
FNDA:2,AdminLoginPage
FNDA:1,(anonymous_6)
FNDA:0,(anonymous_7)
FNDA:0,(anonymous_8)
FNDA:0,(anonymous_9)
FNDA:0,(anonymous_10)
DA:1,1
DA:2,1
DA:3,1
DA:4,1
DA:5,1
DA:6,1
DA:7,1
DA:9,1
DA:11,1
DA:12,2
DA:13,1
DA:14,1
DA:15,1
DA:16,1
DA:17,1
DA:18,1
DA:21,1
DA:22,1
DA:23,0
DA:24,0
DA:26,0
DA:31,1
DA:32,0
DA:33,0
DA:34,0
DA:35,0
DA:38,0
DA:39,0
DA:41,0
DA:42,0
DA:44,0
DA:49,0
DA:50,0
DA:53,0
DA:54,0
DA:55,0
DA:57,0
DA:58,0
DA:61,0
DA:65,0
DA:67,0
DA:70,0
DA:75,0
DA:80,0
DA:84,1
DA:155,0
DA:177,0
DA:183,0
LF:48
LH:20
BRDA:22,0,0,0
BRDA:22,0,1,1
BRDA:22,1,0,1
BRDA:22,1,1,1
BRDA:23,2,0,0
BRDA:23,2,1,0
BRDA:33,3,0,0
BRDA:33,3,1,0
BRDA:33,4,0,0
BRDA:33,4,1,0
BRDA:49,5,0,0
BRDA:49,5,1,0
BRDA:54,6,0,0
BRDA:54,6,1,0
BRDA:57,7,0,0
BRDA:57,7,1,0
BRDA:67,8,0,0
BRDA:67,8,1,0
BRDA:72,9,0,0
BRDA:72,9,1,0
BRDA:76,10,0,0
BRDA:76,10,1,0
BRDA:84,11,0,0
BRDA:84,11,1,1
BRDA:126,12,0,1
BRDA:173,13,0,0
BRDA:173,13,1,1
BRDA:186,14,0,0
BRDA:186,14,1,1
BRDA:197,15,0,0
BRF:30
BRH:7
end_of_record
TN:
SF:src\components\shared\BrandLogo.tsx
FN:13,BrandLogo
FNF:1
FNH:1
FNDA:1,BrandLogo
DA:1,1
DA:2,1
DA:3,1
DA:13,1
LF:4
LH:4
BRDA:14,0,0,0
BRDA:15,1,0,0
BRDA:16,2,0,1
BRDA:17,3,0,1
BRDA:18,4,0,1
BRDA:30,5,0,1
BRF:6
BRH:4
end_of_record
TN:
SF:src\lib\api.ts
FN:23,(anonymous_28)
FN:70,(anonymous_29)
FN:80,(anonymous_30)
FN:104,(anonymous_31)
FN:111,(anonymous_32)
FN:127,(anonymous_33)
FN:205,(anonymous_34)
FN:207,(anonymous_35)
FN:210,(anonymous_36)
FN:214,(anonymous_37)
FN:215,(anonymous_38)
FN:219,(anonymous_39)
FN:224,(anonymous_40)
FN:228,(anonymous_41)
FN:229,(anonymous_42)
FN:233,(anonymous_43)
FN:234,(anonymous_44)
FN:238,(anonymous_45)
FN:239,(anonymous_46)
FN:243,(anonymous_47)
FN:244,(anonymous_48)
FN:250,(anonymous_49)
FN:251,(anonymous_50)
FN:255,(anonymous_51)
FN:256,(anonymous_52)
FN:260,(anonymous_53)
FN:261,(anonymous_54)
FN:265,(anonymous_55)
FN:270,(anonymous_56)
FN:271,(anonymous_57)
FN:277,(anonymous_58)
FN:278,(anonymous_59)
FN:282,(anonymous_60)
FN:283,(anonymous_61)
FN:287,(anonymous_62)
FN:292,(anonymous_63)
FN:296,(anonymous_64)
FN:297,(anonymous_65)
FN:303,(anonymous_66)
FN:305,(anonymous_67)
FN:312,(anonymous_68)
FN:317,(anonymous_69)
FN:322,(anonymous_70)
FN:329,(anonymous_71)
FN:334,(anonymous_72)
FN:339,(anonymous_73)
FN:344,(anonymous_74)
FN:351,(anonymous_75)
FN:356,(anonymous_76)
FN:361,(anonymous_77)
FN:368,(anonymous_78)
FN:373,(anonymous_79)
FN:378,(anonymous_80)
FN:383,(anonymous_81)
FN:388,(anonymous_82)
FN:395,(anonymous_83)
FN:400,(anonymous_84)
FN:405,(anonymous_85)
FN:410,(anonymous_86)
FN:418,(anonymous_87)
FN:427,(anonymous_88)
FN:432,(anonymous_89)
FN:437,(anonymous_90)
FN:442,(anonymous_91)
FN:447,(anonymous_92)
FN:454,(anonymous_93)
FN:459,(anonymous_94)
FN:464,(anonymous_95)
FN:469,(anonymous_96)
FN:473,(anonymous_97)
FN:477,(anonymous_98)
FN:481,(anonymous_99)
FN:485,(anonymous_100)
FN:489,(anonymous_101)
FN:494,(anonymous_102)
FN:498,(anonymous_103)
FN:502,(anonymous_104)
FN:507,(anonymous_105)
FN:511,(anonymous_106)
FN:515,(anonymous_107)
FN:519,(anonymous_108)
FN:524,(anonymous_109)
FN:529,(anonymous_110)
FN:533,(anonymous_111)
FN:537,(anonymous_112)
FN:545,(anonymous_113)
FN:553,(anonymous_114)
FN:559,(anonymous_115)
FN:565,(anonymous_116)
FN:571,(anonymous_117)
FN:577,(anonymous_118)
FN:583,(anonymous_119)
FN:589,(anonymous_120)
FN:598,(anonymous_121)
FN:614,(anonymous_122)
FN:620,(anonymous_123)
FN:626,(anonymous_124)
FN:632,(anonymous_125)
FN:638,(anonymous_126)
FN:657,(anonymous_127)
FN:663,(anonymous_128)
FN:669,(anonymous_129)
FN:675,(anonymous_130)
FN:686,(anonymous_131)
FN:688,(anonymous_132)
FN:696,(anonymous_133)
FN:702,(anonymous_134)
FN:708,(anonymous_135)
FN:717,(anonymous_136)
FN:719,(anonymous_137)
FN:727,(anonymous_138)
FN:733,(anonymous_139)
FN:739,(anonymous_140)
FN:745,(anonymous_141)
FN:751,(anonymous_142)
FN:757,(anonymous_143)
FN:763,(anonymous_144)
FN:769,(anonymous_145)
FN:778,(anonymous_146)
FN:780,(anonymous_147)
FN:788,(anonymous_148)
FN:794,(anonymous_149)
FN:800,(anonymous_150)
FN:806,(anonymous_151)
FN:812,(anonymous_152)
FN:818,(anonymous_153)
FN:824,(anonymous_154)
FN:829,(anonymous_155)
FN:834,(anonymous_156)
FN:839,(anonymous_157)
FN:847,(anonymous_158)
FN:853,(anonymous_159)
FN:859,(anonymous_160)
FN:865,(anonymous_161)
FN:871,(anonymous_162)
FN:877,(anonymous_163)
FN:883,(anonymous_164)
FN:889,(anonymous_165)
FN:895,(anonymous_166)
FN:901,(anonymous_167)
FN:908,(anonymous_168)
FN:915,(anonymous_169)
FN:921,(anonymous_170)
FN:927,(anonymous_171)
FN:933,(anonymous_172)
FN:941,(anonymous_173)
FN:944,(anonymous_174)
FN:947,(anonymous_175)
FN:955,(anonymous_176)
FN:961,(anonymous_177)
FN:967,(anonymous_178)
FN:973,(anonymous_179)
FN:979,(anonymous_180)
FN:985,(anonymous_181)
FN:991,(anonymous_182)
FN:997,(anonymous_183)
FN:1006,(anonymous_184)
FN:1012,(anonymous_185)
FN:1018,(anonymous_186)
FN:1020,(anonymous_187)
FN:1028,(anonymous_188)
FN:1034,(anonymous_189)
FN:1040,(anonymous_190)
FN:1042,(anonymous_191)
FN:1053,(anonymous_192)
FN:1059,(anonymous_193)
FN:1061,(anonymous_194)
FN:1069,(anonymous_195)
FN:1075,(anonymous_196)
FN:1081,(anonymous_197)
FN:1087,(anonymous_198)
FN:1096,(anonymous_199)
FN:1102,(anonymous_200)
FN:1104,(anonymous_201)
FN:1112,(anonymous_202)
FN:1114,(anonymous_203)
FN:1122,(anonymous_204)
FN:1124,(anonymous_205)
FN:1132,(anonymous_206)
FN:1134,(anonymous_207)
FN:1145,(anonymous_208)
FN:1150,(anonymous_209)
FN:1155,(anonymous_210)
FN:1160,(anonymous_211)
FN:1162,(anonymous_212)
FN:1169,(anonymous_213)
FN:1175,(anonymous_214)
FN:1180,(anonymous_215)
FN:1182,(anonymous_216)
FN:1189,(anonymous_217)
FN:1194,(anonymous_218)
FN:1199,(anonymous_219)
FN:1204,(anonymous_220)
FN:1210,(anonymous_221)
FN:1212,(anonymous_222)
FN:1219,(anonymous_223)
FN:1221,(anonymous_224)
FN:1229,(anonymous_225)
FN:1234,(anonymous_226)
FN:1240,(anonymous_227)
FN:1245,(anonymous_228)
FNF:201
FNH:1
FNDA:1,(anonymous_28)
FNDA:0,(anonymous_29)
FNDA:0,(anonymous_30)
FNDA:0,(anonymous_31)
FNDA:0,(anonymous_32)
FNDA:0,(anonymous_33)
FNDA:0,(anonymous_34)
FNDA:0,(anonymous_35)
FNDA:0,(anonymous_36)
FNDA:0,(anonymous_37)
FNDA:0,(anonymous_38)
FNDA:0,(anonymous_39)
FNDA:0,(anonymous_40)
FNDA:0,(anonymous_41)
FNDA:0,(anonymous_42)
FNDA:0,(anonymous_43)
FNDA:0,(anonymous_44)
FNDA:0,(anonymous_45)
FNDA:0,(anonymous_46)
FNDA:0,(anonymous_47)
FNDA:0,(anonymous_48)
FNDA:0,(anonymous_49)
FNDA:0,(anonymous_50)
FNDA:0,(anonymous_51)
FNDA:0,(anonymous_52)
FNDA:0,(anonymous_53)
FNDA:0,(anonymous_54)
FNDA:0,(anonymous_55)
FNDA:0,(anonymous_56)
FNDA:0,(anonymous_57)
FNDA:0,(anonymous_58)
FNDA:0,(anonymous_59)
FNDA:0,(anonymous_60)
FNDA:0,(anonymous_61)
FNDA:0,(anonymous_62)
FNDA:0,(anonymous_63)
FNDA:0,(anonymous_64)
FNDA:0,(anonymous_65)
FNDA:0,(anonymous_66)
FNDA:0,(anonymous_67)
FNDA:0,(anonymous_68)
FNDA:0,(anonymous_69)
FNDA:0,(anonymous_70)
FNDA:0,(anonymous_71)
FNDA:0,(anonymous_72)
FNDA:0,(anonymous_73)
FNDA:0,(anonymous_74)
FNDA:0,(anonymous_75)
FNDA:0,(anonymous_76)
FNDA:0,(anonymous_77)
FNDA:0,(anonymous_78)
FNDA:0,(anonymous_79)
FNDA:0,(anonymous_80)
FNDA:0,(anonymous_81)
FNDA:0,(anonymous_82)
FNDA:0,(anonymous_83)
FNDA:0,(anonymous_84)
FNDA:0,(anonymous_85)
FNDA:0,(anonymous_86)
FNDA:0,(anonymous_87)
FNDA:0,(anonymous_88)
FNDA:0,(anonymous_89)
FNDA:0,(anonymous_90)
FNDA:0,(anonymous_91)
FNDA:0,(anonymous_92)
FNDA:0,(anonymous_93)
FNDA:0,(anonymous_94)
FNDA:0,(anonymous_95)
FNDA:0,(anonymous_96)
FNDA:0,(anonymous_97)
FNDA:0,(anonymous_98)
FNDA:0,(anonymous_99)
FNDA:0,(anonymous_100)
FNDA:0,(anonymous_101)
FNDA:0,(anonymous_102)
FNDA:0,(anonymous_103)
FNDA:0,(anonymous_104)
FNDA:0,(anonymous_105)
FNDA:0,(anonymous_106)
FNDA:0,(anonymous_107)
FNDA:0,(anonymous_108)
FNDA:0,(anonymous_109)
FNDA:0,(anonymous_110)
FNDA:0,(anonymous_111)
FNDA:0,(anonymous_112)
FNDA:0,(anonymous_113)
FNDA:0,(anonymous_114)
FNDA:0,(anonymous_115)
FNDA:0,(anonymous_116)
FNDA:0,(anonymous_117)
FNDA:0,(anonymous_118)
FNDA:0,(anonymous_119)
FNDA:0,(anonymous_120)
FNDA:0,(anonymous_121)
FNDA:0,(anonymous_122)
FNDA:0,(anonymous_123)
FNDA:0,(anonymous_124)
FNDA:0,(anonymous_125)
FNDA:0,(anonymous_126)
FNDA:0,(anonymous_127)
FNDA:0,(anonymous_128)
FNDA:0,(anonymous_129)
FNDA:0,(anonymous_130)
FNDA:0,(anonymous_131)
FNDA:0,(anonymous_132)
FNDA:0,(anonymous_133)
FNDA:0,(anonymous_134)
FNDA:0,(anonymous_135)
FNDA:0,(anonymous_136)
FNDA:0,(anonymous_137)
FNDA:0,(anonymous_138)
FNDA:0,(anonymous_139)
FNDA:0,(anonymous_140)
FNDA:0,(anonymous_141)
FNDA:0,(anonymous_142)
FNDA:0,(anonymous_143)
FNDA:0,(anonymous_144)
FNDA:0,(anonymous_145)
FNDA:0,(anonymous_146)
FNDA:0,(anonymous_147)
FNDA:0,(anonymous_148)
FNDA:0,(anonymous_149)
FNDA:0,(anonymous_150)
FNDA:0,(anonymous_151)
FNDA:0,(anonymous_152)
FNDA:0,(anonymous_153)
FNDA:0,(anonymous_154)
FNDA:0,(anonymous_155)
FNDA:0,(anonymous_156)
FNDA:0,(anonymous_157)
FNDA:0,(anonymous_158)
FNDA:0,(anonymous_159)
FNDA:0,(anonymous_160)
FNDA:0,(anonymous_161)
FNDA:0,(anonymous_162)
FNDA:0,(anonymous_163)
FNDA:0,(anonymous_164)
FNDA:0,(anonymous_165)
FNDA:0,(anonymous_166)
FNDA:0,(anonymous_167)
FNDA:0,(anonymous_168)
FNDA:0,(anonymous_169)
FNDA:0,(anonymous_170)
FNDA:0,(anonymous_171)
FNDA:0,(anonymous_172)
FNDA:0,(anonymous_173)
FNDA:0,(anonymous_174)
FNDA:0,(anonymous_175)
FNDA:0,(anonymous_176)
FNDA:0,(anonymous_177)
FNDA:0,(anonymous_178)
FNDA:0,(anonymous_179)
FNDA:0,(anonymous_180)
FNDA:0,(anonymous_181)
FNDA:0,(anonymous_182)
FNDA:0,(anonymous_183)
FNDA:0,(anonymous_184)
FNDA:0,(anonymous_185)
FNDA:0,(anonymous_186)
FNDA:0,(anonymous_187)
FNDA:0,(anonymous_188)
FNDA:0,(anonymous_189)
FNDA:0,(anonymous_190)
FNDA:0,(anonymous_191)
FNDA:0,(anonymous_192)
FNDA:0,(anonymous_193)
FNDA:0,(anonymous_194)
FNDA:0,(anonymous_195)
FNDA:0,(anonymous_196)
FNDA:0,(anonymous_197)
FNDA:0,(anonymous_198)
FNDA:0,(anonymous_199)
FNDA:0,(anonymous_200)
FNDA:0,(anonymous_201)
FNDA:0,(anonymous_202)
FNDA:0,(anonymous_203)
FNDA:0,(anonymous_204)
FNDA:0,(anonymous_205)
FNDA:0,(anonymous_206)
FNDA:0,(anonymous_207)
FNDA:0,(anonymous_208)
FNDA:0,(anonymous_209)
FNDA:0,(anonymous_210)
FNDA:0,(anonymous_211)
FNDA:0,(anonymous_212)
FNDA:0,(anonymous_213)
FNDA:0,(anonymous_214)
FNDA:0,(anonymous_215)
FNDA:0,(anonymous_216)
FNDA:0,(anonymous_217)
FNDA:0,(anonymous_218)
FNDA:0,(anonymous_219)
FNDA:0,(anonymous_220)
FNDA:0,(anonymous_221)
FNDA:0,(anonymous_222)
FNDA:0,(anonymous_223)
FNDA:0,(anonymous_224)
FNDA:0,(anonymous_225)
FNDA:0,(anonymous_226)
FNDA:0,(anonymous_227)
FNDA:0,(anonymous_228)
DA:1,1
DA:2,1
DA:14,1
DA:18,1
DA:22,1
DA:24,1
DA:25,1
DA:28,1
DA:31,1
DA:32,1
DA:34,1
DA:39,1
DA:42,0
DA:43,0
DA:46,0
DA:50,0
DA:51,0
DA:53,0
DA:62,0
DA:64,1
DA:65,0
DA:69,1
DA:71,0
DA:77,1
DA:79,1
DA:81,0
DA:82,0
DA:83,0
DA:84,0
DA:86,0
DA:87,0
DA:88,0
DA:90,0
DA:91,0
DA:92,0
DA:94,0
DA:95,0
DA:96,0
DA:97,0
DA:99,0
DA:102,0
DA:104,0
DA:109,1
DA:110,1
DA:113,0
DA:114,0
DA:115,0
DA:119,0
DA:120,0
DA:121,0
DA:122,0
DA:125,0
DA:129,0
DA:130,0
DA:131,0
DA:132,0
DA:133,0
DA:134,0
DA:137,0
DA:141,0
DA:142,0
DA:146,0
DA:147,0
DA:148,0
DA:149,0
DA:150,0
DA:151,0
DA:152,0
DA:153,0
DA:154,0
DA:155,0
DA:158,0
DA:159,0
DA:164,0
DA:165,0
DA:166,0
DA:167,0
DA:168,0
DA:169,0
DA:170,0
DA:171,0
DA:177,0
DA:178,0
DA:179,0
DA:180,0
DA:181,0
DA:182,0
DA:188,0
DA:189,0
DA:190,0
DA:191,0
DA:192,0
DA:197,0
DA:203,1
DA:206,0
DA:207,0
DA:208,0
DA:210,0
DA:215,0
DA:220,0
DA:224,0
DA:229,0
DA:234,0
DA:239,0
DA:244,0
DA:248,1
DA:251,0
DA:256,0
DA:261,0
DA:266,0
DA:271,0
DA:275,1
DA:278,0
DA:283,0
DA:288,0
DA:289,0
DA:290,0
DA:292,0
DA:297,0
DA:301,1
DA:304,0
DA:305,0
DA:306,0
DA:308,0
DA:313,0
DA:318,0
DA:323,0
DA:327,1
DA:330,0
DA:335,0
DA:340,0
DA:345,0
DA:349,1
DA:352,0
DA:357,0
DA:362,0
DA:366,1
DA:369,0
DA:374,0
DA:379,0
DA:384,0
DA:389,0
DA:393,1
DA:396,0
DA:401,0
DA:406,0
DA:411,0
DA:412,0
DA:413,0
DA:414,0
DA:419,0
DA:420,0
DA:421,0
DA:425,1
DA:428,0
DA:433,0
DA:438,0
DA:443,0
DA:448,0
DA:452,1
DA:455,0
DA:460,0
DA:465,0
DA:470,0
DA:474,0
DA:478,0
DA:482,0
DA:486,0
DA:490,0
DA:495,0
DA:499,0
DA:503,0
DA:508,0
DA:512,0
DA:516,0
DA:520,0
DA:525,0
DA:530,0
DA:534,0
DA:538,0
DA:543,1
DA:546,0
DA:549,0
DA:554,0
DA:555,0
DA:560,0
DA:561,0
DA:566,0
DA:567,0
DA:572,0
DA:573,0
DA:578,0
DA:579,0
DA:584,0
DA:585,0
DA:590,0
DA:591,0
DA:596,1
DA:599,0
DA:600,0
DA:601,0
DA:602,0
DA:603,0
DA:604,0
DA:605,0
DA:606,0
DA:607,0
DA:609,0
DA:610,0
DA:615,0
DA:616,0
DA:621,0
DA:622,0
DA:627,0
DA:628,0
DA:633,0
DA:634,0
DA:639,0
DA:640,0
DA:641,0
DA:642,0
DA:643,0
DA:644,0
DA:645,0
DA:646,0
DA:648,0
DA:653,0
DA:658,0
DA:659,0
DA:664,0
DA:665,0
DA:670,0
DA:671,0
DA:676,0
DA:679,0
DA:684,1
DA:687,0
DA:688,0
DA:689,0
DA:691,0
DA:692,0
DA:697,0
DA:698,0
DA:703,0
DA:704,0
DA:709,0
DA:710,0
DA:715,1
DA:718,0
DA:719,0
DA:720,0
DA:722,0
DA:723,0
DA:728,0
DA:729,0
DA:734,0
DA:735,0
DA:740,0
DA:741,0
DA:746,0
DA:747,0
DA:752,0
DA:753,0
DA:758,0
DA:759,0
DA:764,0
DA:765,0
DA:770,0
DA:771,0
DA:776,1
DA:779,0
DA:780,0
DA:781,0
DA:783,0
DA:784,0
DA:789,0
DA:790,0
DA:795,0
DA:796,0
DA:801,0
DA:802,0
DA:807,0
DA:808,0
DA:813,0
DA:814,0
DA:819,0
DA:820,0
DA:825,0
DA:826,0
DA:830,0
DA:831,0
DA:835,0
DA:836,0
DA:840,0
DA:845,1
DA:848,0
DA:849,0
DA:854,0
DA:855,0
DA:860,0
DA:861,0
DA:866,0
DA:867,0
DA:872,0
DA:873,0
DA:878,0
DA:879,0
DA:884,0
DA:885,0
DA:890,0
DA:891,0
DA:896,0
DA:897,0
DA:902,0
DA:903,0
DA:908,1
DA:909,0
DA:913,1
DA:916,0
DA:917,0
DA:922,0
DA:923,0
DA:928,0
DA:929,0
DA:934,0
DA:935,0
DA:940,1
DA:942,0
DA:945,0
DA:948,0
DA:953,1
DA:956,0
DA:957,0
DA:962,0
DA:963,0
DA:968,0
DA:969,0
DA:974,0
DA:975,0
DA:980,0
DA:981,0
DA:986,0
DA:987,0
DA:992,0
DA:993,0
DA:998,0
DA:999,0
DA:1004,1
DA:1007,0
DA:1008,0
DA:1013,0
DA:1014,0
DA:1019,0
DA:1020,0
DA:1021,0
DA:1023,0
DA:1024,0
DA:1029,0
DA:1030,0
DA:1035,0
DA:1036,0
DA:1041,0
DA:1042,0
DA:1043,0
DA:1045,0
DA:1046,0
DA:1051,1
DA:1054,0
DA:1055,0
DA:1060,0
DA:1061,0
DA:1062,0
DA:1064,0
DA:1065,0
DA:1070,0
DA:1071,0
DA:1076,0
DA:1077,0
DA:1082,0
DA:1083,0
DA:1088,0
DA:1089,0
DA:1094,1
DA:1097,0
DA:1098,0
DA:1103,0
DA:1104,0
DA:1105,0
DA:1107,0
DA:1108,0
DA:1113,0
DA:1114,0
DA:1115,0
DA:1117,0
DA:1118,0
DA:1123,0
DA:1124,0
DA:1125,0
DA:1127,0
DA:1128,0
DA:1133,0
DA:1134,0
DA:1135,0
DA:1137,0
DA:1138,0
DA:1143,1
DA:1146,0
DA:1147,0
DA:1151,0
DA:1152,0
DA:1156,0
DA:1157,0
DA:1161,0
DA:1162,0
DA:1163,0
DA:1165,0
DA:1166,0
DA:1170,0
DA:1171,0
DA:1176,0
DA:1177,0
DA:1181,0
DA:1182,0
DA:1183,0
DA:1185,0
DA:1186,0
DA:1190,0
DA:1191,0
DA:1195,0
DA:1196,0
DA:1200,0
DA:1201,0
DA:1205,0
DA:1206,0
DA:1211,0
DA:1212,0
DA:1213,0
DA:1215,0
DA:1216,0
DA:1220,0
DA:1221,0
DA:1222,0
DA:1224,0
DA:1225,0
DA:1230,0
DA:1231,0
DA:1235,0
DA:1236,0
DA:1241,0
DA:1242,0
DA:1246,0
DA:1247,0
DA:1251,1
LF:453
LH:43
BRDA:24,0,0,1
BRDA:24,0,1,1
BRDA:28,1,0,0
BRDA:28,1,1,1
BRDA:31,2,0,1
BRDA:31,2,1,0
BRDA:34,3,0,1
BRDA:34,3,1,0
BRDA:35,4,0,1
BRDA:35,4,1,0
BRDA:35,4,2,0
BRDA:42,5,0,0
BRDA:42,5,1,0
BRDA:42,6,0,0
BRDA:42,6,1,0
BRDA:50,7,0,0
BRDA:50,7,1,0
BRDA:64,8,0,0
BRDA:64,8,1,1
BRDA:64,9,0,1
BRDA:64,9,1,1
BRDA:64,9,2,1
BRDA:77,10,0,1
BRDA:77,10,1,0
BRDA:82,11,0,0
BRDA:82,11,1,0
BRDA:83,12,0,0
BRDA:83,12,1,0
BRDA:87,13,0,0
BRDA:87,13,1,0
BRDA:88,14,0,0
BRDA:88,14,1,0
BRDA:90,15,0,0
BRDA:90,15,1,0
BRDA:92,16,0,0
BRDA:92,16,1,0
BRDA:94,17,0,0
BRDA:94,17,1,0
BRDA:94,17,2,0
BRDA:95,18,0,0
BRDA:95,18,1,0
BRDA:96,19,0,0
BRDA:96,19,1,0
BRDA:109,20,0,1
BRDA:109,20,1,0
BRDA:114,21,0,0
BRDA:114,21,1,0
BRDA:114,22,0,0
BRDA:114,22,1,0
BRDA:120,23,0,0
BRDA:120,23,1,0
BRDA:120,23,2,0
BRDA:121,24,0,0
BRDA:121,24,1,0
BRDA:121,25,0,0
BRDA:121,25,1,0
BRDA:121,25,2,0
BRDA:129,26,0,0
BRDA:129,26,1,0
BRDA:131,27,0,0
BRDA:131,27,1,0
BRDA:141,28,0,0
BRDA:141,28,1,0
BRDA:141,29,0,0
BRDA:141,29,1,0
BRDA:146,30,0,0
BRDA:146,30,1,0
BRDA:147,31,0,0
BRDA:147,31,1,0
BRDA:149,32,0,0
BRDA:149,32,1,0
BRDA:150,33,0,0
BRDA:150,33,1,0
BRDA:150,34,0,0
BRDA:150,34,1,0
BRDA:153,35,0,0
BRDA:153,35,1,0
BRDA:153,35,2,0
BRDA:154,36,0,0
BRDA:154,36,1,0
BRDA:154,37,0,0
BRDA:154,37,1,0
BRDA:164,38,0,0
BRDA:164,38,1,0
BRDA:166,39,0,0
BRDA:166,39,1,0
BRDA:169,40,0,0
BRDA:169,40,1,0
BRDA:171,41,0,0
BRDA:171,41,1,0
BRDA:177,42,0,0
BRDA:177,42,1,0
BRDA:178,43,0,0
BRDA:178,43,1,0
BRDA:179,44,0,0
BRDA:179,44,1,0
BRDA:188,45,0,0
BRDA:188,45,1,0
BRDA:189,46,0,0
BRDA:189,46,1,0
BRDA:205,47,0,0
BRDA:208,48,0,0
BRDA:208,48,1,0
BRDA:303,49,0,0
BRDA:306,50,0,0
BRDA:306,50,1,0
BRDA:410,51,0,0
BRDA:412,52,0,0
BRDA:412,52,1,0
BRDA:413,53,0,0
BRDA:413,53,1,0
BRDA:418,54,0,0
BRDA:420,55,0,0
BRDA:420,55,1,0
BRDA:553,56,0,0
BRDA:553,57,0,0
BRDA:572,58,0,0
BRDA:572,58,1,0
BRDA:600,59,0,0
BRDA:600,59,1,0
BRDA:601,60,0,0
BRDA:601,60,1,0
BRDA:602,61,0,0
BRDA:602,61,1,0
BRDA:603,62,0,0
BRDA:603,62,1,0
BRDA:604,63,0,0
BRDA:604,63,1,0
BRDA:605,64,0,0
BRDA:605,64,1,0
BRDA:606,65,0,0
BRDA:606,65,1,0
BRDA:607,66,0,0
BRDA:607,66,1,0
BRDA:644,67,0,0
BRDA:644,67,1,0
BRDA:645,68,0,0
BRDA:645,68,1,0
BRDA:688,69,0,0
BRDA:688,69,1,0
BRDA:689,70,0,0
BRDA:689,70,1,0
BRDA:689,71,0,0
BRDA:689,71,1,0
BRDA:719,72,0,0
BRDA:719,72,1,0
BRDA:720,73,0,0
BRDA:720,73,1,0
BRDA:778,74,0,0
BRDA:781,75,0,0
BRDA:781,75,1,0
BRDA:781,76,0,0
BRDA:781,76,1,0
BRDA:1020,77,0,0
BRDA:1020,77,1,0
BRDA:1021,78,0,0
BRDA:1021,78,1,0
BRDA:1042,79,0,0
BRDA:1042,79,1,0
BRDA:1043,80,0,0
BRDA:1043,80,1,0
BRDA:1061,81,0,0
BRDA:1061,81,1,0
BRDA:1062,82,0,0
BRDA:1062,82,1,0
BRDA:1104,83,0,0
BRDA:1104,83,1,0
BRDA:1105,84,0,0
BRDA:1105,84,1,0
BRDA:1114,85,0,0
BRDA:1114,85,1,0
BRDA:1115,86,0,0
BRDA:1115,86,1,0
BRDA:1124,87,0,0
BRDA:1124,87,1,0
BRDA:1125,88,0,0
BRDA:1125,88,1,0
BRDA:1134,89,0,0
BRDA:1134,89,1,0
BRDA:1135,90,0,0
BRDA:1135,90,1,0
BRDA:1162,91,0,0
BRDA:1162,91,1,0
BRDA:1163,92,0,0
BRDA:1163,92,1,0
BRDA:1182,93,0,0
BRDA:1182,93,1,0
BRDA:1183,94,0,0
BRDA:1183,94,1,0
BRDA:1212,95,0,0
BRDA:1212,95,1,0
BRDA:1213,96,0,0
BRDA:1213,96,1,0
BRDA:1221,97,0,0
BRDA:1221,97,1,0
BRDA:1222,98,0,0
BRDA:1222,98,1,0
BRF:197
BRH:12
end_of_record
TN:
SF:src\utils\logger.ts
FN:22,(anonymous_4)
FN:29,(anonymous_5)
FN:38,(anonymous_6)
FN:42,(anonymous_7)
FN:46,(anonymous_8)
FN:53,(anonymous_9)
FN:55,(anonymous_10)
FN:66,(anonymous_11)
FN:77,(anonymous_12)
FN:135,(anonymous_13)
FN:139,(anonymous_14)
FN:143,(anonymous_15)
FN:147,(anonymous_16)
FN:157,(anonymous_17)
FN:164,(anonymous_18)
FN:171,(anonymous_19)
FN:178,(anonymous_20)
FN:188,(anonymous_21)
FN:189,(anonymous_22)
FN:190,(anonymous_23)
FN:191,(anonymous_24)
FN:192,(anonymous_25)
FNF:22
FNH:3
FNDA:1,(anonymous_4)
FNDA:1,(anonymous_5)
FNDA:0,(anonymous_6)
FNDA:0,(anonymous_7)
FNDA:0,(anonymous_8)
FNDA:0,(anonymous_9)
FNDA:0,(anonymous_10)
FNDA:0,(anonymous_11)
FNDA:0,(anonymous_12)
FNDA:0,(anonymous_13)
FNDA:0,(anonymous_14)
FNDA:0,(anonymous_15)
FNDA:0,(anonymous_16)
FNDA:0,(anonymous_17)
FNDA:0,(anonymous_18)
FNDA:0,(anonymous_19)
FNDA:0,(anonymous_20)
FNDA:1,(anonymous_21)
FNDA:0,(anonymous_22)
FNDA:0,(anonymous_23)
FNDA:0,(anonymous_24)
FNDA:0,(anonymous_25)
DA:11,1
DA:23,1
DA:24,1
DA:30,1
DA:31,1
DA:32,1
DA:35,0
DA:39,0
DA:43,0
DA:47,0
DA:48,0
DA:49,0
DA:50,0
DA:54,0
DA:55,0
DA:56,0
DA:57,0
DA:59,0
DA:62,0
DA:67,0
DA:68,0
DA:70,0
DA:71,0
DA:74,0
DA:78,0
DA:80,0
DA:82,0
DA:84,0
DA:91,0
DA:92,0
DA:96,0
DA:98,0
DA:99,0
DA:100,0
DA:109,0
DA:112,0
DA:114,0
DA:115,0
DA:117,0
DA:119,0
DA:121,0
DA:122,0
DA:124,0
DA:125,0
DA:127,0
DA:128,0
DA:130,0
DA:136,0
DA:140,0
DA:144,0
DA:148,0
DA:153,1
DA:156,1
DA:158,0
DA:159,0
DA:161,0
DA:165,0
DA:166,0
DA:168,0
DA:172,0
DA:173,0
DA:175,0
DA:179,0
DA:180,0
DA:182,0
DA:188,1
DA:189,0
DA:190,0
DA:191,0
DA:192,0
DA:195,1
LF:71
LH:10
BRDA:25,0,0,1
BRDA:25,0,1,1
BRDA:25,1,0,0
BRDA:25,1,1,1
BRDA:31,2,0,1
BRDA:31,2,1,0
BRDA:31,3,0,1
BRDA:31,3,1,1
BRDA:31,3,2,1
BRDA:31,3,3,1
BRDA:35,4,0,0
BRDA:35,4,1,0
BRDA:56,5,0,0
BRDA:56,5,1,0
BRDA:70,6,0,0
BRDA:70,6,1,0
BRDA:70,7,0,0
BRDA:70,7,1,0
BRDA:78,8,0,0
BRDA:78,8,1,0
BRDA:82,9,0,0
BRDA:82,9,1,0
BRDA:91,10,0,0
BRDA:91,10,1,0
BRDA:96,11,0,0
BRDA:96,11,1,0
BRDA:99,12,0,0
BRDA:99,12,1,0
BRDA:112,13,0,0
BRDA:112,13,1,0
BRDA:112,13,2,0
BRDA:112,13,3,0
BRDA:112,13,4,0
BRDA:114,14,0,0
BRDA:114,14,1,0
BRDA:158,15,0,0
BRDA:158,15,1,0
BRDA:165,16,0,0
BRDA:165,16,1,0
BRDA:172,17,0,0
BRDA:172,17,1,0
BRDA:179,18,0,0
BRDA:179,18,1,0
BRF:43
BRH:8
end_of_record
TN:
SF:src\utils\secureStorage.ts
FN:16,(anonymous_5)
FN:39,(anonymous_6)
FN:48,(anonymous_7)
FN:65,(anonymous_8)
FN:71,(anonymous_9)
FN:87,(anonymous_10)
FN:101,(anonymous_11)
FN:112,(anonymous_12)
FN:125,(anonymous_13)
FN:142,(anonymous_14)
FN:146,(anonymous_15)
FN:150,(anonymous_16)
FN:154,(anonymous_17)
FN:158,(anonymous_18)
FN:169,(anonymous_19)
FN:173,(anonymous_20)
FN:179,(anonymous_21)
FN:183,(anonymous_22)
FN:187,(anonymous_23)
FNF:19
FNH:1
FNDA:1,(anonymous_5)
FNDA:0,(anonymous_6)
FNDA:0,(anonymous_7)
FNDA:0,(anonymous_8)
FNDA:0,(anonymous_9)
FNDA:0,(anonymous_10)
FNDA:0,(anonymous_11)
FNDA:0,(anonymous_12)
FNDA:0,(anonymous_13)
FNDA:0,(anonymous_14)
FNDA:0,(anonymous_15)
FNDA:0,(anonymous_16)
FNDA:0,(anonymous_17)
FNDA:0,(anonymous_18)
FNDA:0,(anonymous_19)
FNDA:0,(anonymous_20)
FNDA:0,(anonymous_21)
FNDA:0,(anonymous_22)
FNDA:0,(anonymous_23)
DA:9,1
DA:10,1
DA:13,1
DA:16,1
DA:17,1
DA:19,1
DA:20,1
DA:21,1
DA:22,1
DA:23,1
DA:25,0
DA:40,0
DA:42,0
DA:43,0
DA:45,0
DA:49,0
DA:51,0
DA:52,0
DA:54,0
DA:55,0
DA:56,0
DA:57,0
DA:58,0
DA:62,0
DA:66,0
DA:68,0
DA:72,0
DA:74,0
DA:76,0
DA:77,0
DA:78,0
DA:79,0
DA:80,0
DA:88,0
DA:90,0
DA:91,0
DA:93,0
DA:95,0
DA:97,0
DA:102,0
DA:104,0
DA:105,0
DA:108,0
DA:113,0
DA:115,0
DA:116,0
DA:119,0
DA:120,0
DA:126,0
DA:128,0
DA:129,0
DA:132,0
DA:138,1
DA:141,1
DA:143,0
DA:147,0
DA:151,0
DA:155,0
DA:159,0
DA:160,0
DA:162,0
DA:163,0
DA:165,0
DA:170,0
DA:174,0
DA:179,1
DA:180,0
DA:183,1
DA:184,0
DA:187,1
DA:188,0
LF:71
LH:15
BRDA:17,0,0,0
BRDA:17,0,1,1
BRDA:40,1,0,0
BRDA:40,1,1,0
BRDA:49,2,0,0
BRDA:49,2,1,0
BRDA:57,3,0,0
BRDA:57,3,1,0
BRDA:66,4,0,0
BRDA:66,4,1,0
BRDA:72,5,0,0
BRDA:72,5,1,0
BRDA:79,6,0,0
BRDA:79,6,1,0
BRDA:88,7,0,0
BRDA:88,7,1,0
BRDA:96,8,0,0
BRDA:96,8,1,0
BRDA:102,9,0,0
BRDA:102,9,1,0
BRDA:108,10,0,0
BRDA:108,10,1,0
BRDA:113,11,0,0
BRDA:113,11,1,0
BRDA:119,12,0,0
BRDA:119,12,1,0
BRDA:126,13,0,0
BRDA:126,13,1,0
BRDA:138,14,0,1
BRDA:138,14,1,0
BRDA:160,15,0,0
BRDA:160,15,1,0
BRF:32
BRH:2
end_of_record
