{"numFailedTestSuites":0,"numFailedTests":0,"numPassedTestSuites":11,"numPassedTests":59,"numPendingTestSuites":0,"numPendingTests":0,"numRuntimeErrorTestSuites":0,"numTodoTests":0,"numTotalTestSuites":11,"numTotalTests":59,"openHandles":[],"snapshot":{"added":0,"didUpdate":false,"failure":false,"filesAdded":0,"filesRemoved":0,"filesRemovedList":[],"filesUnmatched":0,"filesUpdated":0,"matched":0,"total":0,"unchecked":0,"uncheckedKeysByFile":[],"unmatched":0,"updated":0},"startTime":1761630690972,"success":true,"testResults":[{"assertionResults":[{"ancestorTitles":["VerifyEmailPage"],"duration":251,"failing":false,"failureDetails":[],"failureMessages":[],"fullName":"VerifyEmailPage shows success on successful verification","invocations":1,"location":null,"numPassingAsserts":1,"retryReasons":[],"startAt":1761630706687,"status":"passed","title":"shows success on successful verification"}],"endTime":1761630706944,"message":"","name":"C:\\Verbfy\\verbfy-app\\src\\__tests__\\pages\\verify-email.test.tsx","startTime":1761630701731,"status":"passed","summary":""},{"assertionResults":[{"ancestorTitles":["ForgotPasswordPage"],"duration":472,"failing":false,"failureDetails":[],"failureMessages":[],"fullName":"ForgotPasswordPage submits email and shows message","invocations":1,"location":null,"numPassingAsserts":1,"retryReasons":[],"startAt":1761630706644,"status":"passed","title":"submits email and shows message"}],"endTime":1761630707121,"message":"","name":"C:\\Verbfy\\verbfy-app\\src\\__tests__\\pages\\forgot-password.test.tsx","startTime":1761630701907,"status":"passed","summary":""},{"assertionResults":[{"ancestorTitles":["ResetPasswordPage"],"duration":476,"failing":false,"failureDetails":[],"failureMessages":[],"fullName":"ResetPasswordPage submits new password when valid","invocations":1,"location":null,"numPassingAsserts":1,"retryReasons":[],"startAt":1761630706644,"status":"passed","title":"submits new password when valid"}],"endTime":1761630707125,"message":"","name":"C:\\Verbfy\\verbfy-app\\src\\__tests__\\pages\\reset-password.test.tsx","startTime":1761630701854,"status":"passed","summary":""},{"assertionResults":[{"ancestorTitles":["Toast System"],"duration":173,"failing":false,"failureDetails":[],"failureMessages":[],"fullName":"Toast System should show success toast","invocations":1,"location":null,"numPassingAsserts":1,"retryReasons":[],"startAt":1761630706612,"status":"passed","title":"should show success toast"},{"ancestorTitles":["Toast System"],"duration":40,"failing":false,"failureDetails":[],"failureMessages":[],"fullName":"Toast System should show error toast","invocations":1,"location":null,"numPassingAsserts":1,"retryReasons":[],"startAt":1761630706787,"status":"passed","title":"should show error toast"},{"ancestorTitles":["Toast System"],"duration":45,"failing":false,"failureDetails":[],"failureMessages":[],"fullName":"Toast System should show warning toast","invocations":1,"location":null,"numPassingAsserts":1,"retryReasons":[],"startAt":1761630706827,"status":"passed","title":"should show warning toast"},{"ancestorTitles":["Toast System"],"duration":45,"failing":false,"failureDetails":[],"failureMessages":[],"fullName":"Toast System should show info toast","invocations":1,"location":null,"numPassingAsserts":1,"retryReasons":[],"startAt":1761630706872,"status":"passed","title":"should show info toast"},{"ancestorTitles":["Toast System"],"duration":201,"failing":false,"failureDetails":[],"failureMessages":[],"fullName":"Toast System should auto-close toast after duration","invocations":1,"location":null,"numPassingAsserts":2,"retryReasons":[],"startAt":1761630706917,"status":"passed","title":"should auto-close toast after duration"},{"ancestorTitles":["Toast System"],"duration":414,"failing":false,"failureDetails":[],"failureMessages":[],"fullName":"Toast System should allow manual close","invocations":1,"location":null,"numPassingAsserts":2,"retryReasons":[],"startAt":1761630707119,"status":"passed","title":"should allow manual close"},{"ancestorTitles":["Toast System"],"duration":126,"failing":false,"failureDetails":[],"failureMessages":[],"fullName":"Toast System should show multiple toasts","invocations":1,"location":null,"numPassingAsserts":4,"retryReasons":[],"startAt":1761630707534,"status":"passed","title":"should show multiple toasts"},{"ancestorTitles":["Toast System"],"duration":189,"failing":false,"failureDetails":[],"failureMessages":[],"fullName":"Toast System should throw error when used outside provider","invocations":1,"location":null,"numPassingAsserts":1,"retryReasons":[],"startAt":1761630707660,"status":"passed","title":"should throw error when used outside provider"}],"endTime":1761630707854,"message":"","name":"C:\\Verbfy\\verbfy-app\\src\\__tests__\\components\\common\\Toast.test.tsx","startTime":1761630701700,"status":"passed","summary":""},{"assertionResults":[{"ancestorTitles":["useLoginViewModel"],"duration":18,"failing":false,"failureDetails":[],"failureMessages":[],"fullName":"useLoginViewModel should initialize with default values","invocations":1,"location":null,"numPassingAsserts":4,"retryReasons":[],"startAt":1761630707825,"status":"passed","title":"should initialize with default values"},{"ancestorTitles":["useLoginViewModel"],"duration":22,"failing":false,"failureDetails":[],"failureMessages":[],"fullName":"useLoginViewModel should update email when setEmail is called","invocations":1,"location":null,"numPassingAsserts":1,"retryReasons":[],"startAt":1761630707844,"status":"passed","title":"should update email when setEmail is called"},{"ancestorTitles":["useLoginViewModel"],"duration":9,"failing":false,"failureDetails":[],"failureMessages":[],"fullName":"useLoginViewModel should update password when setPassword is called","invocations":1,"location":null,"numPassingAsserts":1,"retryReasons":[],"startAt":1761630707867,"status":"passed","title":"should update password when setPassword is called"},{"ancestorTitles":["useLoginViewModel"],"duration":75,"failing":false,"failureDetails":[],"failureMessages":[],"fullName":"useLoginViewModel should handle successful login","invocations":1,"location":null,"numPassingAsserts":3,"retryReasons":[],"startAt":1761630707876,"status":"passed","title":"should handle successful login"},{"ancestorTitles":["useLoginViewModel"],"duration":21,"failing":false,"failureDetails":[],"failureMessages":[],"fullName":"useLoginViewModel should handle login error","invocations":1,"location":null,"numPassingAsserts":2,"retryReasons":[],"startAt":1761630707958,"status":"passed","title":"should handle login error"},{"ancestorTitles":["useLoginViewModel"],"duration":13,"failing":false,"failureDetails":[],"failureMessages":[],"fullName":"useLoginViewModel should validate email format","invocations":1,"location":null,"numPassingAsserts":2,"retryReasons":[],"startAt":1761630707979,"status":"passed","title":"should validate email format"},{"ancestorTitles":["useLoginViewModel"],"duration":18,"failing":false,"failureDetails":[],"failureMessages":[],"fullName":"useLoginViewModel should validate form before submission","invocations":1,"location":null,"numPassingAsserts":3,"retryReasons":[],"startAt":1761630707992,"status":"passed","title":"should validate form before submission"},{"ancestorTitles":["useLoginViewModel"],"duration":9,"failing":false,"failureDetails":[],"failureMessages":[],"fullName":"useLoginViewModel should clear error when email or password changes","invocations":1,"location":null,"numPassingAsserts":3,"retryReasons":[],"startAt":1761630708011,"status":"passed","title":"should clear error when email or password changes"},{"ancestorTitles":["useLoginViewModel"],"duration":221,"failing":false,"failureDetails":[],"failureMessages":[],"fullName":"useLoginViewModel should set loading state during login","invocations":1,"location":null,"numPassingAsserts":2,"retryReasons":[],"startAt":1761630708021,"status":"passed","title":"should set loading state during login"}],"endTime":1761630708244,"message":"","name":"C:\\Verbfy\\verbfy-app\\src\\__tests__\\features\\auth\\viewmodel\\useLoginViewModel.test.ts","startTime":1761630706998,"status":"passed","summary":""},{"assertionResults":[{"ancestorTitles":["ErrorBoundary"],"duration":28,"failing":false,"failureDetails":[],"failureMessages":[],"fullName":"ErrorBoundary renders children when there is no error","invocations":1,"location":null,"numPassingAsserts":1,"retryReasons":[],"startAt":1761630707997,"status":"passed","title":"renders children when there is no error"},{"ancestorTitles":["ErrorBoundary"],"duration":228,"failing":false,"failureDetails":[],"failureMessages":[],"fullName":"ErrorBoundary renders error UI when there is an error","invocations":1,"location":null,"numPassingAsserts":2,"retryReasons":[],"startAt":1761630708025,"status":"passed","title":"renders error UI when there is an error"},{"ancestorTitles":["ErrorBoundary"],"duration":29,"failing":false,"failureDetails":[],"failureMessages":[],"fullName":"ErrorBoundary provides error details in development mode","invocations":1,"location":null,"numPassingAsserts":2,"retryReasons":[],"startAt":1761630708253,"status":"passed","title":"provides error details in development mode"},{"ancestorTitles":["ErrorBoundary"],"duration":21,"failing":false,"failureDetails":[],"failureMessages":[],"fullName":"ErrorBoundary does not show error details outside development mode","invocations":1,"location":null,"numPassingAsserts":2,"retryReasons":[],"startAt":1761630708282,"status":"passed","title":"does not show error details outside development mode"},{"ancestorTitles":["ErrorBoundary"],"duration":19,"failing":false,"failureDetails":[],"failureMessages":[],"fullName":"ErrorBoundary calls componentDidCatch when error occurs","invocations":1,"location":null,"numPassingAsserts":1,"retryReasons":[],"startAt":1761630708304,"status":"passed","title":"calls componentDidCatch when error occurs"}],"endTime":1761630708325,"message":"","name":"C:\\Verbfy\\verbfy-app\\src\\__tests__\\components\\shared\\ErrorBoundary.test.tsx","startTime":1761630707168,"status":"passed","summary":""},{"assertionResults":[{"ancestorTitles":["Component Performance Tests","ModuleManagementInterface Performance"],"duration":137,"failing":false,"failureDetails":[],"failureMessages":[],"fullName":"Component Performance Tests ModuleManagementInterface Performance should render lesson list efficiently","invocations":1,"location":null,"numPassingAsserts":1,"retryReasons":[],"startAt":1761630708180,"status":"passed","title":"should render lesson list efficiently"},{"ancestorTitles":["Component Performance Tests","ModuleManagementInterface Performance"],"duration":105,"failing":false,"failureDetails":[],"failureMessages":[],"fullName":"Component Performance Tests ModuleManagementInterface Performance should handle rapid filter changes efficiently","invocations":1,"location":null,"numPassingAsserts":1,"retryReasons":[],"startAt":1761630708317,"status":"passed","title":"should handle rapid filter changes efficiently"},{"ancestorTitles":["Component Performance Tests","AITutoringInterface Performance"],"duration":60,"failing":false,"failureDetails":[],"failureMessages":[],"fullName":"Component Performance Tests AITutoringInterface Performance should handle message history efficiently","invocations":1,"location":null,"numPassingAsserts":1,"retryReasons":[],"startAt":1761630708422,"status":"passed","title":"should handle message history efficiently"},{"ancestorTitles":["Component Performance Tests","AITutoringInterface Performance"],"duration":23,"failing":false,"failureDetails":[],"failureMessages":[],"fullName":"Component Performance Tests AITutoringInterface Performance should handle real-time message updates efficiently","invocations":1,"location":null,"numPassingAsserts":1,"retryReasons":[],"startAt":1761630708483,"status":"passed","title":"should handle real-time message updates efficiently"},{"ancestorTitles":["Component Performance Tests","AIAnalyticsDashboard Performance"],"duration":48,"failing":false,"failureDetails":[],"failureMessages":[],"fullName":"Component Performance Tests AIAnalyticsDashboard Performance should render analytics efficiently","invocations":1,"location":null,"numPassingAsserts":1,"retryReasons":[],"startAt":1761630708506,"status":"passed","title":"should render analytics efficiently"},{"ancestorTitles":["Component Performance Tests","AIAnalyticsDashboard Performance"],"duration":26,"failing":false,"failureDetails":[],"failureMessages":[],"fullName":"Component Performance Tests AIAnalyticsDashboard Performance should handle data updates efficiently","invocations":1,"location":null,"numPassingAsserts":1,"retryReasons":[],"startAt":1761630708555,"status":"passed","title":"should handle data updates efficiently"},{"ancestorTitles":["Component Performance Tests","Memory Usage Tests"],"duration":4,"failing":false,"failureDetails":[],"failureMessages":[],"fullName":"Component Performance Tests Memory Usage Tests should not cause memory leaks with large datasets","invocations":1,"location":null,"numPassingAsserts":1,"retryReasons":[],"startAt":1761630708583,"status":"passed","title":"should not cause memory leaks with large datasets"}],"endTime":1761630708590,"message":"","name":"C:\\Verbfy\\verbfy-app\\src\\__tests__\\performance\\component-performance.test.tsx","startTime":1761630707190,"status":"passed","summary":""},{"assertionResults":[{"ancestorTitles":["Admin Login Page"],"duration":1028,"failing":false,"failureDetails":[],"failureMessages":[],"fullName":"Admin Login Page logs in admin, stores token and user, and redirects to dashboard","invocations":1,"location":null,"numPassingAsserts":4,"retryReasons":[],"startAt":1761630707325,"status":"passed","title":"logs in admin, stores token and user, and redirects to dashboard"},{"ancestorTitles":["Admin Login Page"],"duration":198,"failing":false,"failureDetails":[],"failureMessages":[],"fullName":"Admin Login Page shows validation error if fields are empty","invocations":1,"location":null,"numPassingAsserts":2,"retryReasons":[],"startAt":1761630708364,"status":"passed","title":"shows validation error if fields are empty"},{"ancestorTitles":["Admin Login Page"],"duration":202,"failing":false,"failureDetails":[],"failureMessages":[],"fullName":"Admin Login Page handles API error response gracefully","invocations":1,"location":null,"numPassingAsserts":4,"retryReasons":[],"startAt":1761630708563,"status":"passed","title":"handles API error response gracefully"}],"endTime":1761630708776,"message":"","name":"C:\\Verbfy\\verbfy-app\\src\\__tests__\\pages\\admin\\login.test.tsx","startTime":1761630701609,"status":"passed","summary":""},{"assertionResults":[{"ancestorTitles":["Learning Modules Flow Integration","Teacher Module Management Flow"],"duration":396,"failing":false,"failureDetails":[],"failureMessages":[],"fullName":"Learning Modules Flow Integration Teacher Module Management Flow should load and display lessons for teacher","invocations":1,"location":null,"numPassingAsserts":6,"retryReasons":[],"startAt":1761630706944,"status":"passed","title":"should load and display lessons for teacher"},{"ancestorTitles":["Learning Modules Flow Integration","Teacher Module Management Flow"],"duration":753,"failing":false,"failureDetails":[],"failureMessages":[],"fullName":"Learning Modules Flow Integration Teacher Module Management Flow should create new lesson successfully","invocations":1,"location":null,"numPassingAsserts":2,"retryReasons":[],"startAt":1761630707342,"status":"passed","title":"should create new lesson successfully"},{"ancestorTitles":["Learning Modules Flow Integration","Teacher Module Management Flow"],"duration":341,"failing":false,"failureDetails":[],"failureMessages":[],"fullName":"Learning Modules Flow Integration Teacher Module Management Flow should delete lesson successfully","invocations":1,"location":null,"numPassingAsserts":3,"retryReasons":[],"startAt":1761630708103,"status":"passed","title":"should delete lesson successfully"},{"ancestorTitles":["Learning Modules Flow Integration","Student Learning Flow"],"duration":205,"failing":false,"failureDetails":[],"failureMessages":[],"fullName":"Learning Modules Flow Integration Student Learning Flow should start and complete lesson successfully","invocations":1,"location":null,"numPassingAsserts":3,"retryReasons":[],"startAt":1761630708444,"status":"passed","title":"should start and complete lesson successfully"},{"ancestorTitles":["Learning Modules Flow Integration","Student Learning Flow"],"duration":117,"failing":false,"failureDetails":[],"failureMessages":[],"fullName":"Learning Modules Flow Integration Student Learning Flow should handle lesson errors gracefully","invocations":1,"location":null,"numPassingAsserts":1,"retryReasons":[],"startAt":1761630708653,"status":"passed","title":"should handle lesson errors gracefully"}],"endTime":1761630708782,"message":"","name":"C:\\Verbfy\\verbfy-app\\src\\__tests__\\integration\\learning-modules-flow.test.tsx","startTime":1761630701631,"status":"passed","summary":""},{"assertionResults":[{"ancestorTitles":["API Functions","authAPI"],"duration":26,"failing":false,"failureDetails":[],"failureMessages":[],"fullName":"API Functions authAPI should login successfully","invocations":1,"location":null,"numPassingAsserts":2,"retryReasons":[],"startAt":1761630708788,"status":"passed","title":"should login successfully"},{"ancestorTitles":["API Functions","authAPI"],"duration":3,"failing":false,"failureDetails":[],"failureMessages":[],"fullName":"API Functions authAPI should register successfully","invocations":1,"location":null,"numPassingAsserts":2,"retryReasons":[],"startAt":1761630708815,"status":"passed","title":"should register successfully"},{"ancestorTitles":["API Functions","authAPI"],"duration":21,"failing":false,"failureDetails":[],"failureMessages":[],"fullName":"API Functions authAPI should handle login error","invocations":1,"location":null,"numPassingAsserts":1,"retryReasons":[],"startAt":1761630708819,"status":"passed","title":"should handle login error"},{"ancestorTitles":["API Functions","userAPI"],"duration":4,"failing":false,"failureDetails":[],"failureMessages":[],"fullName":"API Functions userAPI should get user profile","invocations":1,"location":null,"numPassingAsserts":2,"retryReasons":[],"startAt":1761630708840,"status":"passed","title":"should get user profile"},{"ancestorTitles":["API Functions","userAPI"],"duration":2,"failing":false,"failureDetails":[],"failureMessages":[],"fullName":"API Functions userAPI should update user profile","invocations":1,"location":null,"numPassingAsserts":2,"retryReasons":[],"startAt":1761630708844,"status":"passed","title":"should update user profile"},{"ancestorTitles":["API Functions","materialsAPI"],"duration":6,"failing":false,"failureDetails":[],"failureMessages":[],"fullName":"API Functions materialsAPI should get materials with filters","invocations":1,"location":null,"numPassingAsserts":2,"retryReasons":[],"startAt":1761630708846,"status":"passed","title":"should get materials with filters"},{"ancestorTitles":["API Functions","materialsAPI"],"duration":9,"failing":false,"failureDetails":[],"failureMessages":[],"fullName":"API Functions materialsAPI should upload material","invocations":1,"location":null,"numPassingAsserts":2,"retryReasons":[],"startAt":1761630708852,"status":"passed","title":"should upload material"},{"ancestorTitles":["API Functions","verbfyLessonsAPI"],"duration":6,"failing":false,"failureDetails":[],"failureMessages":[],"fullName":"API Functions verbfyLessonsAPI should get lessons with filters","invocations":1,"location":null,"numPassingAsserts":2,"retryReasons":[],"startAt":1761630708861,"status":"passed","title":"should get lessons with filters"},{"ancestorTitles":["API Functions","verbfyLessonsAPI"],"duration":2,"failing":false,"failureDetails":[],"failureMessages":[],"fullName":"API Functions verbfyLessonsAPI should start lesson","invocations":1,"location":null,"numPassingAsserts":2,"retryReasons":[],"startAt":1761630708867,"status":"passed","title":"should start lesson"},{"ancestorTitles":["API Functions","aiFeaturesAPI"],"duration":4,"failing":false,"failureDetails":[],"failureMessages":[],"fullName":"API Functions aiFeaturesAPI should start AI tutoring session","invocations":1,"location":null,"numPassingAsserts":2,"retryReasons":[],"startAt":1761630708870,"status":"passed","title":"should start AI tutoring session"},{"ancestorTitles":["API Functions","aiFeaturesAPI"],"duration":3,"failing":false,"failureDetails":[],"failureMessages":[],"fullName":"API Functions aiFeaturesAPI should send tutoring message","invocations":1,"location":null,"numPassingAsserts":2,"retryReasons":[],"startAt":1761630708874,"status":"passed","title":"should send tutoring message"},{"ancestorTitles":["API Functions","aiFeaturesAPI"],"duration":3,"failing":false,"failureDetails":[],"failureMessages":[],"fullName":"API Functions aiFeaturesAPI should generate AI content","invocations":1,"location":null,"numPassingAsserts":2,"retryReasons":[],"startAt":1761630708878,"status":"passed","title":"should generate AI content"},{"ancestorTitles":["API Functions","Error Handling"],"duration":4,"failing":false,"failureDetails":[],"failureMessages":[],"fullName":"API Functions Error Handling should handle network errors","invocations":1,"location":null,"numPassingAsserts":1,"retryReasons":[],"startAt":1761630708882,"status":"passed","title":"should handle network errors"},{"ancestorTitles":["API Functions","Error Handling"],"duration":2,"failing":false,"failureDetails":[],"failureMessages":[],"fullName":"API Functions Error Handling should handle API errors with status codes","invocations":1,"location":null,"numPassingAsserts":1,"retryReasons":[],"startAt":1761630708887,"status":"passed","title":"should handle API errors with status codes"}],"endTime":1761630708894,"message":"","name":"C:\\Verbfy\\verbfy-app\\src\\__tests__\\lib\\api.test.ts","startTime":1761630707905,"status":"passed","summary":""},{"assertionResults":[{"ancestorTitles":["Authentication Flow Integration"],"duration":1081,"failing":false,"failureDetails":[],"failureMessages":[],"fullName":"Authentication Flow Integration should complete full login flow successfully","invocations":1,"location":null,"numPassingAsserts":4,"retryReasons":[],"startAt":1761630707355,"status":"passed","title":"should complete full login flow successfully"},{"ancestorTitles":["Authentication Flow Integration"],"duration":303,"failing":false,"failureDetails":[],"failureMessages":[],"fullName":"Authentication Flow Integration should handle login errors gracefully","invocations":1,"location":null,"numPassingAsserts":2,"retryReasons":[],"startAt":1761630708442,"status":"passed","title":"should handle login errors gracefully"},{"ancestorTitles":["Authentication Flow Integration"],"duration":156,"failing":false,"failureDetails":[],"failureMessages":[],"fullName":"Authentication Flow Integration should validate form before submission","invocations":1,"location":null,"numPassingAsserts":2,"retryReasons":[],"startAt":1761630708745,"status":"passed","title":"should validate form before submission"},{"ancestorTitles":["Authentication Flow Integration"],"duration":182,"failing":false,"failureDetails":[],"failureMessages":[],"fullName":"Authentication Flow Integration should handle network errors","invocations":1,"location":null,"numPassingAsserts":1,"retryReasons":[],"startAt":1761630708901,"status":"passed","title":"should handle network errors"},{"ancestorTitles":["Authentication Flow Integration"],"duration":205,"failing":false,"failureDetails":[],"failureMessages":[],"fullName":"Authentication Flow Integration should clear errors when user starts typing","invocations":1,"location":null,"numPassingAsserts":2,"retryReasons":[],"startAt":1761630709083,"status":"passed","title":"should clear errors when user starts typing"}],"endTime":1761630709296,"message":"","name":"C:\\Verbfy\\verbfy-app\\src\\__tests__\\integration\\auth-flow.test.tsx","startTime":1761630701546,"status":"passed","summary":""}],"wasInterrupted":false}
