{"numFailedTestSuites":1,"numFailedTests":1,"numPassedTestSuites":0,"numPassedTests":4,"numPendingTestSuites":0,"numPendingTests":0,"numRuntimeErrorTestSuites":0,"numTodoTests":0,"numTotalTestSuites":1,"numTotalTests":5,"openHandles":[],"snapshot":{"added":0,"didUpdate":false,"failure":false,"filesAdded":0,"filesRemoved":0,"filesRemovedList":[],"filesUnmatched":0,"filesUpdated":0,"matched":0,"total":0,"unchecked":0,"uncheckedKeysByFile":[],"unmatched":0,"updated":0},"startTime":1759641767610,"success":false,"testResults":[{"assertionResults":[{"ancestorTitles":["Learning Modules Flow Integration","Teacher Module Management Flow"],"duration":109,"failing":false,"failureDetails":[],"failureMessages":[],"fullName":"Learning Modules Flow Integration Teacher Module Management Flow should load and display lessons for teacher","invocations":1,"location":null,"numPassingAsserts":6,"retryReasons":[],"startAt":1759641768760,"status":"passed","title":"should load and display lessons for teacher"},{"ancestorTitles":["Learning Modules Flow Integration","Teacher Module Management Flow"],"duration":142,"failing":false,"failureDetails":[],"failureMessages":[],"fullName":"Learning Modules Flow Integration Teacher Module Management Flow should create new lesson successfully","invocations":1,"location":null,"numPassingAsserts":2,"retryReasons":[],"startAt":1759641768870,"status":"passed","title":"should create new lesson successfully"},{"ancestorTitles":["Learning Modules Flow Integration","Teacher Module Management Flow"],"duration":48,"failing":false,"failureDetails":[],"failureMessages":[],"fullName":"Learning Modules Flow Integration Teacher Module Management Flow should delete lesson successfully","invocations":1,"location":null,"numPassingAsserts":3,"retryReasons":[],"startAt":1759641769013,"status":"passed","title":"should delete lesson successfully"},{"ancestorTitles":["Learning Modules Flow Integration","Student Learning Flow"],"duration":1028,"failing":false,"failureDetails":[{"name":"TestingLibraryElementError"}],"failureMessages":["Error: Unable to find an element with the text: Grammar Basics. This could be because the text is broken up by multiple elements. In this case, you can provide a function for your text matcher to make your matcher more flexible.\n\nIgnored nodes: comments, script, style\n\u001b[36m<body>\u001b[39m\n  \u001b[36m<div>\u001b[39m\n    \u001b[36m<div\u001b[39m\n      \u001b[33mclass\u001b[39m=\u001b[32m\"flex items-center justify-center min-h-screen\"\u001b[39m\n    \u001b[36m>\u001b[39m\n      \u001b[36m<div\u001b[39m\n        \u001b[33mclass\u001b[39m=\u001b[32m\"text-center\"\u001b[39m\n      \u001b[36m>\u001b[39m\n        \u001b[36m<p\u001b[39m\n          \u001b[33mclass\u001b[39m=\u001b[32m\"text-red-600\"\u001b[39m\n        \u001b[36m>\u001b[39m\n          \u001b[0mLesson not found\u001b[0m\n        \u001b[36m</p>\u001b[39m\n      \u001b[36m</div>\u001b[39m\n    \u001b[36m</div>\u001b[39m\n  \u001b[36m</div>\u001b[39m\n\u001b[36m</body>\u001b[39m\n    at waitForWrapper (C:\\Verbfy\\verbfy-app\\node_modules\\@testing-library\\dom\\dist\\wait-for.js:163:27)\n    at Object.<anonymous> (C:\\Verbfy\\verbfy-app\\src\\__tests__\\integration\\learning-modules-flow.test.tsx:302:20)\n    at Promise.finally.completed (C:\\Verbfy\\verbfy-app\\node_modules\\jest\\node_modules\\jest-circus\\build\\jestAdapterInit.js:1559:28)\n    at new Promise (<anonymous>)\n    at callAsyncCircusFn (C:\\Verbfy\\verbfy-app\\node_modules\\jest\\node_modules\\jest-circus\\build\\jestAdapterInit.js:1499:10)\n    at _callCircusTest (C:\\Verbfy\\verbfy-app\\node_modules\\jest\\node_modules\\jest-circus\\build\\jestAdapterInit.js:1009:40)\n    at _runTest (C:\\Verbfy\\verbfy-app\\node_modules\\jest\\node_modules\\jest-circus\\build\\jestAdapterInit.js:949:3)\n    at _runTestsForDescribeBlock (C:\\Verbfy\\verbfy-app\\node_modules\\jest\\node_modules\\jest-circus\\build\\jestAdapterInit.js:839:13)\n    at _runTestsForDescribeBlock (C:\\Verbfy\\verbfy-app\\node_modules\\jest\\node_modules\\jest-circus\\build\\jestAdapterInit.js:829:11)\n    at _runTestsForDescribeBlock (C:\\Verbfy\\verbfy-app\\node_modules\\jest\\node_modules\\jest-circus\\build\\jestAdapterInit.js:829:11)\n    at run (C:\\Verbfy\\verbfy-app\\node_modules\\jest\\node_modules\\jest-circus\\build\\jestAdapterInit.js:757:3)\n    at runAndTransformResultsToJestFormat (C:\\Verbfy\\verbfy-app\\node_modules\\jest\\node_modules\\jest-circus\\build\\jestAdapterInit.js:1920:21)\n    at jestAdapter (C:\\Verbfy\\verbfy-app\\node_modules\\jest\\node_modules\\jest-circus\\build\\runner.js:101:19)\n    at runTestInternal (C:\\Verbfy\\verbfy-app\\node_modules\\jest-runner\\build\\index.js:275:16)\n    at runTest (C:\\Verbfy\\verbfy-app\\node_modules\\jest-runner\\build\\index.js:343:7)"],"fullName":"Learning Modules Flow Integration Student Learning Flow should start and complete lesson successfully","invocations":1,"location":null,"numPassingAsserts":0,"retryReasons":[],"startAt":1759641769062,"status":"failed","title":"should start and complete lesson successfully"},{"ancestorTitles":["Learning Modules Flow Integration","Student Learning Flow"],"duration":47,"failing":false,"failureDetails":[],"failureMessages":[],"fullName":"Learning Modules Flow Integration Student Learning Flow should handle lesson errors gracefully","invocations":1,"location":null,"numPassingAsserts":1,"retryReasons":[],"startAt":1759641770091,"status":"passed","title":"should handle lesson errors gracefully"}],"endTime":1759641770166,"message":"\u001b[1m\u001b[31m  \u001b[1m● \u001b[22m\u001b[1mLearning Modules Flow Integration › Student Learning Flow › should start and complete lesson successfully\u001b[39m\u001b[22m\n\n    Unable to find an element with the text: Grammar Basics. This could be because the text is broken up by multiple elements. In this case, you can provide a function for your text matcher to make your matcher more flexible.\n\n    Ignored nodes: comments, script, style\n    \u001b[36m<body>\u001b[39m\n      \u001b[36m<div>\u001b[39m\n        \u001b[36m<div\u001b[39m\n          \u001b[33mclass\u001b[39m=\u001b[32m\"flex items-center justify-center min-h-screen\"\u001b[39m\n        \u001b[36m>\u001b[39m\n          \u001b[36m<div\u001b[39m\n            \u001b[33mclass\u001b[39m=\u001b[32m\"text-center\"\u001b[39m\n          \u001b[36m>\u001b[39m\n            \u001b[36m<p\u001b[39m\n              \u001b[33mclass\u001b[39m=\u001b[32m\"text-red-600\"\u001b[39m\n            \u001b[36m>\u001b[39m\n              \u001b[0mLesson not found\u001b[0m\n            \u001b[36m</p>\u001b[39m\n          \u001b[36m</div>\u001b[39m\n        \u001b[36m</div>\u001b[39m\n      \u001b[36m</div>\u001b[39m\n    \u001b[36m</body>\u001b[39m\n\u001b[2m\u001b[22m\n\u001b[2m    \u001b[0m \u001b[90m 300 |\u001b[39m\u001b[22m\n\u001b[2m     \u001b[90m 301 |\u001b[39m       \u001b[90m// Wait for lesson to load\u001b[39m\u001b[22m\n\u001b[2m    \u001b[31m\u001b[1m>\u001b[22m\u001b[2m\u001b[39m\u001b[90m 302 |\u001b[39m       \u001b[36mawait\u001b[39m waitFor(() \u001b[33m=>\u001b[39m {\u001b[22m\n\u001b[2m     \u001b[90m     |\u001b[39m                    \u001b[31m\u001b[1m^\u001b[22m\u001b[2m\u001b[39m\u001b[22m\n\u001b[2m     \u001b[90m 303 |\u001b[39m         expect(screen\u001b[33m.\u001b[39mgetByText(\u001b[32m'Grammar Basics'\u001b[39m))\u001b[33m.\u001b[39mtoBeInTheDocument()\u001b[22m\n\u001b[2m     \u001b[90m 304 |\u001b[39m       })\u001b[22m\n\u001b[2m     \u001b[90m 305 |\u001b[39m\u001b[0m\u001b[22m\n\u001b[2m\u001b[22m\n\u001b[2m      \u001b[2mat waitForWrapper (\u001b[22m\u001b[2mnode_modules/@testing-library/dom/dist/wait-for.js\u001b[2m:163:27)\u001b[22m\u001b[2m\u001b[22m\n\u001b[2m      \u001b[2mat Object.<anonymous> (\u001b[22m\u001b[2m\u001b[0m\u001b[36msrc/__tests__/integration/learning-modules-flow.test.tsx\u001b[39m\u001b[0m\u001b[2m:302:20)\u001b[22m\u001b[2m\u001b[22m\n","name":"C:\\Verbfy\\verbfy-app\\src\\__tests__\\integration\\learning-modules-flow.test.tsx","startTime":1759641768290,"status":"failed","summary":""}],"wasInterrupted":false}
