{"numFailedTestSuites":1,"numFailedTests":5,"numPassedTestSuites":0,"numPassedTests":0,"numPendingTestSuites":0,"numPendingTests":0,"numRuntimeErrorTestSuites":0,"numTodoTests":0,"numTotalTestSuites":1,"numTotalTests":5,"openHandles":[],"snapshot":{"added":0,"didUpdate":false,"failure":false,"filesAdded":0,"filesRemoved":0,"filesRemovedList":[],"filesUnmatched":0,"filesUpdated":0,"matched":0,"total":0,"unchecked":0,"uncheckedKeysByFile":[],"unmatched":0,"updated":0},"startTime":1759641775181,"success":false,"testResults":[{"assertionResults":[{"ancestorTitles":["Authentication Flow Integration"],"duration":214,"failing":false,"failureDetails":[{"name":"TestingLibraryElementError"}],"failureMessages":["TestingLibraryElementError: Found multiple elements with the role \"button\" and name `/login|sign in/i`\n\nHere are the matching elements:\n\nIgnored nodes: comments, script, style\n\u001b[36m<button\u001b[39m\n  \u001b[33mclass\u001b[39m=\u001b[32m\"group relative w-full flex justify-center py-2.5 sm:py-3 px-4 border border-transparent text-sm sm:text-base font-semibold rounded-xl text-white bg-gradient-to-r from-blue-600 to-purple-600 hover:from-blue-700 hover:to-purple-700 focus:outline-none focus:ring-2 focus:ring-offset-2 focus:ring-blue-500 disabled:opacity-50 disabled:cursor-not-allowed transform hover:scale-[1.02] transition-all duration-200 shadow-lg hover:shadow-xl\"\u001b[39m\n  \u001b[33mtype\u001b[39m=\u001b[32m\"submit\"\u001b[39m\n\u001b[36m>\u001b[39m\n  \u001b[36m<i\u001b[39m\n    \u001b[33mclass\u001b[39m=\u001b[32m\"fas fa-sign-in-alt mr-2\"\u001b[39m\n  \u001b[36m/>\u001b[39m\n  \u001b[0mSign in\u001b[0m\n\u001b[36m</button>\u001b[39m\n\nIgnored nodes: comments, script, style\n\u001b[36m<button\u001b[39m\n  \u001b[33mclass\u001b[39m=\u001b[32m\"w-full inline-flex justify-center py-2.5 sm:py-3 px-4 border border-gray-300 rounded-xl shadow-sm bg-white text-sm font-medium text-gray-700 hover:bg-gray-50 focus:outline-none focus:ring-2 focus:ring-offset-2 focus:ring-blue-500 transition-all duration-200 transform hover:scale-[1.02]\"\u001b[39m\n\u001b[36m>\u001b[39m\n  \u001b[36m<i\u001b[39m\n    \u001b[33mclass\u001b[39m=\u001b[32m\"fab fa-google text-red-500 mr-3\"\u001b[39m\n  \u001b[36m/>\u001b[39m\n  \u001b[0mSign in with Google\u001b[0m\n\u001b[36m</button>\u001b[39m\n\nIgnored nodes: comments, script, style\n\u001b[36m<button\u001b[39m\n  \u001b[33mclass\u001b[39m=\u001b[32m\"w-full inline-flex justify-center py-2.5 sm:py-3 px-4 border border-gray-300 rounded-xl shadow-sm bg-white text-sm font-medium text-gray-700 hover:bg-gray-50 focus:outline-none focus:ring-2 focus:ring-offset-2 focus:ring-blue-500 transition-all duration-200 transform hover:scale-[1.02]\"\u001b[39m\n\u001b[36m>\u001b[39m\n  \u001b[36m<i\u001b[39m\n    \u001b[33mclass\u001b[39m=\u001b[32m\"fas fa-envelope text-blue-500 mr-3\"\u001b[39m\n  \u001b[36m/>\u001b[39m\n  \u001b[0mSign in with Outlook\u001b[0m\n\u001b[36m</button>\u001b[39m\n\nIgnored nodes: comments, script, style\n\u001b[36m<button\u001b[39m\n  \u001b[33mclass\u001b[39m=\u001b[32m\"w-full inline-flex justify-center py-2.5 sm:py-3 px-4 border border-gray-300 rounded-xl shadow-sm bg-white text-sm font-medium text-gray-700 hover:bg-gray-50 focus:outline-none focus:ring-2 focus:ring-offset-2 focus:ring-blue-500 transition-all duration-200 transform hover:scale-[1.02]\"\u001b[39m\n\u001b[36m>\u001b[39m\n  \u001b[36m<i\u001b[39m\n    \u001b[33mclass\u001b[39m=\u001b[32m\"fab fa-apple text-gray-900 mr-3\"\u001b[39m\n  \u001b[36m/>\u001b[39m\n  \u001b[0mSign in with Apple\u001b[0m\n\u001b[36m</button>\u001b[39m\n\n(If this is intentional, then use the `*AllBy*` variant of the query (like `queryAllByText`, `getAllByText`, or `findAllByText`)).\n\nIgnored nodes: comments, script, style\n\u001b[36m<body>\u001b[39m\n  \u001b[36m<div>\u001b[39m\n    \u001b[36m<div\u001b[39m\n      \u001b[33mclass\u001b[39m=\u001b[32m\"min-h-screen flex items-center justify-center bg-gradient-to-br from-blue-50 via-indigo-50 to-purple-50 py-4 sm:py-8 px-4 sm:px-6 lg:px-8 relative overflow-hidden\"\u001b[39m\n    \u001b[36m>\u001b[39m\n      \u001b[36m<div\u001b[39m\n        \u001b[33mclass\u001b[39m=\u001b[32m\"absolute top-4 right-4 z-10\"\u001b[39m\n      \u001b[36m>\u001b[39m\n        \u001b[36m<button\u001b[39m\n          \u001b[33maria-label\u001b[39m=\u001b[32m\"Toggle language\"\u001b[39m\n          \u001b[33mclass\u001b[39m=\u001b[32m\"px-2 py-1 text-xs rounded-md border border-gray-300 text-gray-700 hover:bg-gray-50\"\u001b[39m\n          \u001b[33mtitle\u001b[39m=\u001b[32m\"Türkçe\"\u001b[39m\n        \u001b[36m>\u001b[39m\n          \u001b[0mTR\u001b[0m\n        \u001b[36m</button>\u001b[39m\n      \u001b[36m</div>\u001b[39m\n      \u001b[36m<div\u001b[39m\n        \u001b[33mclass\u001b[39m=\u001b[32m\"absolute inset-0 overflow-hidden\"\u001b[39m\n      \u001b[36m>\u001b[39m\n        \u001b[36m<div\u001b[39m\n          \u001b[33mclass\u001b[39m=\u001b[32m\"absolute -top-40 -right-40 w-60 h-60 sm:w-80 sm:h-80 bg-gradient-to-br from-blue-400/20 to-purple-400/20 rounded-full blur-3xl animate-pulse\"\u001b[39m\n        \u001b[36m/>\u001b[39m\n        \u001b[36m<div\u001b[39m\n          \u001b[33mclass\u001b[39m=\u001b[32m\"absolute -bottom-40 -left-40 w-60 h-60 sm:w-80 sm:h-80 bg-gradient-to-tr from-indigo-400/20 to-pink-400/20 rounded-full blur-3xl animate-pulse delay-1000\"\u001b[39m\n        \u001b[36m/>\u001b[39m\n      \u001b[36m</div>\u001b[39m\n      \u001b[36m<div\u001b[39m\n        \u001b[33mclass\u001b[39m=\u001b[32m\"relative w-full max-w-sm sm:max-w-md space-y-6 sm:space-y-8\"\u001b[39m\n      \u001b[36m>\u001b[39m\n        \u001b[36m<div\u001b[39m\n          \u001b[33mclass\u001b[39m=\u001b[32m\"text-center\"\u001b[39m\n        \u001b[36m>\u001b[39m\n          \u001b[36m<div\u001b[39m\n            \u001b[33mclass\u001b[39m=\u001b[32m\"flex justify-center mb-4 sm:mb-6\"\u001b[39m\n          \u001b[36m>\u001b[39m\n            \u001b[36m<a\u001b[39m\n              \u001b[33maria-label\u001b[39m=\u001b[32m\"Verbfy Home\"\u001b[39m\n              \u001b[33mclass\u001b[39m=\u001b[32m\"flex items-center justify-center \"\u001b[39m\n              \u001b[33mhref\u001b[39m=\u001b[32m\"/\"\u001b[39m\n            \u001b[36m>\u001b[39m\n              \u001b[36m<img\u001b[39m\n                \u001b[33malt\u001b[39m=\u001b[32m\"Verbfy logo\"\u001b[39m\n                \u001b[33mclass\u001b[39m=\u001b[32m\"mx-auto\"\u001b[39m\n                \u001b[33mheight\u001b[39m=\u001b[32m\"88\"\u001b[39m\n                \u001b[33msrc\u001b[39m=\u001b[32m\"/logo.png\"\u001b[39m\n                \u001b[33mwidth\u001b[39m=\u001b[32m\"88\"\u001b[39m\n              \u001b[36m/>\u001b[39m\n            \u001b[36m</a>\u001b[39m\n          \u001b[36m</div>\u001b[39m\n          \u001b[36m<p\u001b[39m\n            \u001b[33mclass\u001b[39m=\u001b[32m\"text-xs text-blue-600 font-semibold mb-1\"\u001b[39m\n          \u001b[36m>\u001b[39m\n            \u001b[0mVerbing Up Your Language Skills!\u001b[0m\n          \u001b[36m</p>\u001b[39m\n          \u001b[36m<p\u001b[39m\n            \u001b[33mclass\u001b[39m=\u001b[32m\"text-gray-600 text-base sm:text-lg\"\u001b[39m\n          \u001b[36m>\u001b[39m\n            \u001b[0mWelcome back to your learning journey\u001b[0m\n          \u001b[36m</p>\u001b[39m\n        \u001b[36m</div>\u001b[39m\n        \u001b[36m<div\u001b[39m\n          \u001b[33mclass\u001b[39m=\u001b[32m\"bg-white/80 backdrop-blur-sm rounded-2xl shadow-xl border border-white/20 p-6 sm:p-8 space-y-6\"\u001b[39m\n        \u001b[36m>\u001b[39m\n          \u001b[36m<div\u001b[39m\n            \u001b[33mclass\u001b[39m=\u001b[32m\"text-center\"\u001b[39m\n          \u001b[36m>\u001b[39m\n            \u001b[36m<h2\u001b[39m\n              \u001b[33mclass\u001b[39m=\u001b[32m\"text-xl sm:text-2xl font-bold text-gray-900 mb-2\"\u001b[39m\n            \u001b[36m>\u001b[39m\n              \u001b[0mSign in\u001b[0m\n            \u001b[36m</h2>\u001b[39m\n            \u001b[36m<p\u001b[39m\n              \u001b[33mclass\u001b[39m=\u001b[32m\"text-gray-600 text-sm sm:text-base\"\u001b[39m\n            \u001b[36m>\u001b[39m\n              \u001b[0mContinue your English learning adventure\u001b[0m\n            \u001b[36m</p>\u001b[39m\n          \u001b[36m</div>\u001b[39m\n          \u001b[36m<form\u001b[39m\n            \u001b[33mclass\u001b[39m=\u001b[32m\"space-y-4 sm:space-y-6\"\u001b[39m\n          \u001b[36m>\u001b[39m\n            \u001b[36m<div\u001b[39m\n              \u001b[33mclass\u001b[39m=\u001b[32m\"space-y-2\"\u001b[39m\n            \u001b[36m>\u001b[39m\n              \u001b[36m<label\u001b[39m\n                \u001b[33mclass\u001b[39m=\u001b[32m\"block text-sm font-medium text-gray-700\"\u001b[39m\n                \u001b[33mfor\u001b[39m=\u001b[32m\"email\"\u001b[39m\n              \u001b[36m>\u001b[39m\n                \u001b[0mEmail\u001b[0m\n              \u001b[36m</label>\u001b[39m\n              \u001b[36m<div\u001b[39m\n                \u001b[33mclass\u001b[39m=\u001b[32m\"relative\"\u001b[39m\n              \u001b[36m>\u001b[39m\n                \u001b[36m<input\u001b[39m\n                  \u001b[33mautocomplete\u001b[39m=\u001b[32m\"email\"\u001b[39m\n                  \u001b[33mclass\u001b[39m=\u001b[32m\"w-full px-3 sm:px-4 py-2.5 sm:py-3 border border-gray-300 rounded-xl focus:ring-2 focus:ring-blue-500 focus:border-transparent transition-all duration-200 placeholder-gray-400 text-gray-900 bg-white/50 backdrop-blur-sm text-sm sm:text-base\"\u001b[39m\n                  \u001b[33mid\u001b[39m=\u001b[32m\"email\"\u001b[39m\n                  \u001b[33mname\u001b[39m=\u001b[32m\"email\"\u001b[39m\n                  \u001b[33mplaceholder\u001b[39m=\u001b[32m\"Enter your email\"\u001b[39m\n                  \u001b[33mrequired\u001b[39m=\u001b[32m\"\"\u001b[39m\n                  \u001b[33mtype\u001b[39m=\u001b[32m\"email\"\u001b[39m\n                  \u001b[33mvalue\u001b[39m=\u001b[32m\"\"\u001b[39m\n                \u001b[36m/>\u001b[39m\n                \u001b[36m<div\u001b[39m\n                  \u001b[33mclass\u001b[39m=\u001b[32m\"absolute inset-y-0 right-0 pr-3 flex items-center\"\u001b[39m\n                \u001b[36m>\u001b[39m\n                  \u001b[36m<i\u001b[39m\n                    \u001b[33mclass\u001b[39m=\u001b[32m\"fas fa-envelope text-gray-400\"\u001b[39m\n                  \u001b[36m/>\u001b[39m\n                \u001b[36m</div>\u001b[39m\n              \u001b[36m</div>\u001b[39m\n            \u001b[36m</div>\u001b[39m\n            \u001b[36m<div\u001b[39m\n              \u001b[33mclass\u001b[39m=\u001b[32m\"space-y-2\"\u001b[39m\n            \u001b[36m>\u001b[39m\n              \u001b[36m<label\u001b[39m\n                \u001b[33mclass\u001b[39m=\u001b[32m\"block text-sm font-medium text-gray-700\"\u001b[39m\n                \u001b[33mfor\u001b[39m=\u001b[32m\"password\"\u001b[39m\n              \u001b[36m>\u001b[39m\n                \u001b[0mPassword\u001b[0m\n              \u001b[36m</label>\u001b[39m\n              \u001b[36m<div\u001b[39m\n                \u001b[33mclass\u001b[39m=\u001b[32m\"relative\"\u001b[39m\n              \u001b[36m>\u001b[39m\n                \u001b[36m<input\u001b[39m\n                  \u001b[33mautocomplete\u001b[39m=\u001b[32m\"current-password\"\u001b[39m\n                  \u001b[33mclass\u001b[39m=\u001b[32m\"w-full px-3 sm:px-4 py-2.5 sm:py-3 pr-12 border border-gray-300 rounded-xl focus:ring-2 focus:ring-blue-500 focus:border-transparent transition-all duration-200 placeholder-gray-400 text-gray-900 bg-white/50 backdrop-blur-sm text-sm sm:text-base\"\u001b[39m\n                  \u001b[33mid\u001b[39m=\u001b[32m\"password\"\u001b[39m\n                  \u001b[33mname\u001b[39m=\u001b[32m\"password\"\u001b[39m\n                  \u001b[33mplaceholder\u001b[39m=\u001b[32m\"Enter your password\"\u001b[39m\n                  \u001b[33mrequired\u001b[39m=\u001b[32m\"\"\u001b[39m\n                  \u001b[33mtype\u001b[39m=\u001b[32m\"password\"\u001b[39m\n                  \u001b[33mvalue\u001b[39m=\u001b[32m\"\"\u001b[39m\n                \u001b[36m/>\u001b[39m\n                \u001b[36m<button\u001b[39m\n                  \u001b[33mclass\u001b[39m=\u001b[32m\"absolute inset-y-0 right-0 pr-3 flex items-center\"\u001b[39m\n                  \u001b[33mtype\u001b[39m=\u001b[32m\"button\"\u001b[39m\n                \u001b[36m>\u001b[39m\n                  \u001b[36m<i\u001b[39m\n                    \u001b[33mclass\u001b[39m=\u001b[32m\"fas fa-eye text-gray-400 hover:text-gray-600 transition-colors\"\u001b[39m\n                  \u001b[36m/>\u001b[39m\n                \u001b[36m</button>\u001b[39m\n              \u001b[36m</div>\u001b[39m\n            \u001b[36m</div>\u001b[39m\n            \u001b[36m<div\u001b[39m\n              \u001b[33mclass\u001b[39m=\u001b[32m\"flex flex-col sm:flex-row sm:items-center sm:justify-between space-y-2 sm:space-y-0\"\u001b[39m\n            \u001b[36m>\u001b[39m\n              \u001b[36m<div\u001b[39m\n                \u001b[33mclass\u001b[39m=\u001b[32m\"flex items-center\"\u001b[39m\n              \u001b[36m>\u001b[39m\n                \u001b[36m<input\u001b[39m\n                  \u001b[33mclass\u001b[39m=\u001b[32m\"h-4 w-4 text-blue-600 focus:ring-blue-500 border-gray-300 rounded\"\u001b[39m\n                  \u001b[33mid\u001b[39m=\u001b[32m\"remember-me\"\u001b[39m\n                  \u001b[33mname\u001b[39m=\u001b[32m\"remember-me\"\u001b[39m\n                  \u001b[33mtype\u001b[39m=\u001b[32m\"checkbox\"\u001b[39m\n                \u001b[36m/>\u001b[39m\n                \u001b[36m<label\u001b[39m\n                  \u001b[33mclass\u001b[39m=\u001b[32m\"ml-2 block text-sm text-gray-700\"\u001b[39m\n                  \u001b[33mfor\u001b[39m=\u001b[32m\"remember-me\"\u001b[39m\n                \u001b[36m>\u001b[39m\n                  \u001b[0mRemember me\u001b[0m\n                \u001b[36m</label>\u001b[39m\n              \u001b[36m</div>\u001b[39m\n              \u001b[36m<a\u001b[39m\n                \u001b[33mclass\u001b[39m=\u001b[32m\"text-sm font-medium text-blue-600 hover:text-blue-500 transition-colors duration-200 hover:underline\"\u001b[39m\n                \u001b[33mhref\u001b[39m=\u001b[32m\"/forgot-password\"\u001b[39m\n              \u001b[36m>\u001b[39m\n                \u001b[0mForgot your password?\u001b[0m\n              \u001b[36m</a>\u001b[39m\n            \u001b[36m</div>\u001b[39m\n            \u001b[36m<button\u001b[39m\n              \u001b[33mclass\u001b[39m=\u001b[32m\"group relative w-full flex justify-center py-2.5 sm:py-3 px-4 border border-transparent text-sm sm:text-base font-semibold rounded-xl text-white bg-gradient-to-r from-blue-600 to-purple-600 hover:from-blue-700 hover:to-purple-700 focus:outline-none focus:ring-2 focus:ring-offset-2 focus:ring-blue-500 disabled:opacity-50 disabled:cursor-not-allowed transform hover:scale-[1.02] transition-all duration-200 shadow-lg hover:shadow-xl\"\u001b[39m\n              \u001b[33mtype\u001b[39m=\u001b[32m\"submit\"\u001b[39m\n            \u001b[36m>\u001b[39m\n              \u001b[36m<i\u001b[39m\n                \u001b[33mclass\u001b[39m=\u001b[32m\"fas fa-sign-in-alt mr-2\"\u001b[39m\n              \u001b[36m/>\u001b[39m\n              \u001b[0mSign in\u001b[0m\n            \u001b[36m</button>\u001b[39m\n          \u001b[36m</form>\u001b[39m\n          \u001b[36m<div\u001b[39m\n            \u001b[33mclass\u001b[39m=\u001b[32m\"relative\"\u001b[39m\n          \u001b[36m>\u001b[39m\n            \u001b[36m<div\u001b[39m\n              \u001b[33mclass\u001b[39m=\u001b[32m\"absolute inset-0 flex items-center\"\u001b[39m\n            \u001b[36m>\u001b[39m\n              \u001b[36m<div\u001b[39m\n                \u001b[33mclass\u001b[39m=\u001b[32m\"w-full border-t border-gray-300\"\u001b[39m\n              \u001b[36m/>\u001b[39m\n            \u001b[36m</div>\u001b[39m\n            \u001b[36m<div\u001b[39m\n              \u001b[33mclass\u001b[39m=\u001b[32m\"relative flex justify-center text-sm\"\u001b[39m\n            \u001b[36m>\u001b[39m\n              \u001b[36m<span\u001b[39m\n                \u001b[33mclass\u001b[39m=\u001b[32m\"px-2 bg-white text-gray-500\"\u001b[39m\n              \u001b[36m>\u001b[39m\n                \u001b[0mOr continue with\u001b[0m\n              \u001b[36m</span>\u001b[39m\n            \u001b[36m</div>\u001b[39m\n          \u001b[36m</div>\u001b[39m\n          \u001b[36m<div\u001b[39m\n            \u001b[33mclass\u001b[39m=\u001b[32m\"grid grid-cols-1 gap-3\"\u001b[39m\n          \u001b[36m>\u001b[39m\n            \u001b[36m<button\u001b[39m\n              \u001b[33mclass\u001b[39m=\u001b[32m\"w-full inline-flex justify-center py-2.5 sm:py-3 px-4 border border-gray-300 rounded-xl shadow-sm bg-white text-sm font-medium text-gray-700 hover:bg-gray-50 focus:outline-none focus:ring-2 focus:ring-offset-2 focus:ring-blue-500 transition-all duration-200 transform hover:scale-[1.02]\"\u001b[39m\n            \u001b[36m>\u001b[39m\n              \u001b[36m<i\u001b[39m\n                \u001b[33mclass\u001b[39m=\u001b[32m\"fab fa-google text-red-500 mr-3\"\u001b[39m\n              \u001b[36m/>\u001b[39m\n              \u001b[0mSign in with Google\u001b[0m\n            \u001b[36m</button>\u001b[39m\n            \u001b[36m<button\u001b[39m\n              \u001b[33mclass\u001b[39m=\u001b[32m\"w-full inline-flex justify-center py-2.5 sm:py-3 px-4 border border-gray-300 rounded-xl shadow-sm bg-white text-sm font-medium text-gray-700 hover:bg-gray-50 focus:outline-none focus:ring-2 focus:ring-offset-2 focus:ring-blue-500 transition-all duration-200 transform hover:scale-[1.02]\"\u001b[39m\n            \u001b[36m>\u001b[39m\n              \u001b[36m<i\u001b[39m\n                \u001b[33mclass\u001b[39m=\u001b[32m\"fas fa-envelope text-blue-500 mr-3\"\u001b[39m\n              \u001b[36m/>\u001b[39m\n              \u001b[0mSign in with Outlook\u001b[0m\n            \u001b[36m</button>\u001b[39m\n            \u001b[36m<button\u001b[39m\n              \u001b[33mclass\u001b[39m=\u001b[32m\"w-full inline-flex justify-center py-2.5 sm:py-3 px-4 border border-gray-300 rounded-xl shadow-sm bg-white text-sm font-medium text-gray-700 hover:bg-gray-50 focus:outline-none focus:ring-2 focus:ring-offset-2 focus:ring-blue-500 transition-all duration-200 transform hover:scale-[1.02]\"\u001b[39m\n            \u001b[36m>\u001b[39m\n              \u001b[36m<i\u001b[39m\n                \u001b[33mclass\u001b[39m=\u001b[32m\"fab fa-apple text-gray-900 mr-3\"\u001b[39m\n              \u001b[36m/>\u001b[39m\n              \u001b[0mSign in with Apple\u001b[0m\n            \u001b[36m</button>\u001b[39m\n          \u001b[36m</div>\u001b[39m\n        \u001b[36m</div>\u001b[39m\n        \u001b[36m<div\u001b[39m\n          \u001b[33mclass\u001b[39m=\u001b[32m\"text-center\"\u001b[39m\n        \u001b[36m>\u001b[39m\n          \u001b[36m<p\u001b[39m\n            \u001b[33mclass\u001b[39m=\u001b[32m\"text-gray-600 text-sm sm:text-base\"\u001b[39m\n          \u001b[36m>\u001b[39m\n            \u001b[0mNew to Verbfy?\u001b[0m\n            \u001b[0m \u001b[0m\n            \u001b[36m<a\u001b[39m\n              \u001b[33mclass\u001b[39m=\u001b[32m\"font-semibold text-blue-600 hover:text-blue-500 transition-colors duration-200 hover:underline\"\u001b[39m\n              \u001b[33mhref\u001b[39m=\u001b[32m\"/register\"\u001b[39m\n            \u001b[36m>\u001b[39m\n              \u001b[0mJoin Now\u001b[0m\n            \u001b[36m</a>\u001b[39m\n          \u001b[36m</p>\u001b[39m\n        \u001b[36m</div>\u001b[39m\n        \u001b[36m<div\u001b[39m\n          \u001b[33mclass\u001b[39m=\u001b[32m\"text-center space-y-2\"\u001b[39m\n        \u001b[36m>\u001b[39m\n          \u001b[36m<div\u001b[39m\n            \u001b[33mclass\u001b[39m=\u001b[32m\"flex flex-col sm:flex-row justify-center space-y-2 sm:space-y-0 sm:space-x-4 text-sm text-gray-500\"\u001b[39m\n          \u001b[36m>\u001b[39m\n            \u001b[36m<a\u001b[39m\n              \u001b[33mclass\u001b[39m=\u001b[32m\"hover:text-gray-700 transition-colors\"\u001b[39m\n              \u001b[33mhref\u001b[39m=\u001b[32m\"/privacy\"\u001b[39m\n            \u001b[36m>\u001b[39m\n              \u001b[0mPrivacy Policy\u001b[0m\n            \u001b[36m</a>\u001b[39m\n            \u001b[36m<a\u001b[39m\n              \u001b[33mclass\u001b[39m=\u001b[32m\"hover:text-gray-700 transition-colors\"\u001b[39m\n              \u001b[33mhref\u001b[39m=\u001b[32m\"/terms\"\u001b[39m\n            \u001b[36m>\u001b[39m\n              \u001b[0mTerms of Service\u001b[0m\n            \u001b[36m</a>\u001b[39m\n            \u001b[36m<a\u001b[39m\n              \u001b[33mclass\u001b[39m=\u001b[32m\"hover:text-gray-700 transition-colors\"\u001b[39m\n              \u001b[33mhref\u001b[39m=\u001b[32m\"/help\"\u001b[39m\n            \u001b[36m>\u001b[39m\n              \u001b[0mHelp Center\u001b[0m\n            \u001b[36m</a>\u001b[39m\n          \u001b[36m</div>\u001b[39m\n          \u001b[36m<p\u001b[39m\n            \u001b[33mclass\u001b[39m=\u001b[32m\"text-xs text-gray-400\"\u001b[39m\n          \u001b[36m>\u001b[39m\n            \u001b[0m© 2024 Verbfy. \u001b[0m\n            \u001b[0mAll rights reserved.\u001b[0m\n          \u001b[36m</p>\u001b[39m\n        \u001b[36m</div>\u001b[39m\n      \u001b[36m</div>\u001b[39m\n      \u001b[36m<a\u001b[39m\n        \u001b[33mclass\u001b[39m=\u001b[32m\"hidden lg:flex items-center px-3 py-2 text-sm font-medium text-gray-700 rounded-lg hover:bg-gray-100 hover:text-gray-900 transition-all duration-200 \"\u001b[39m\n        \u001b[33mhref\u001b[39m=\u001b[32m\"/\"\u001b[39m\n        \u001b[33mtitle\u001b[39m=\u001b[32m\"Anasayfa\"\u001b[39m\n      \u001b[36m>\u001b[39m\n        \u001b[36m<i\u001b[39m\n          \u001b[33mclass\u001b[39m=\u001b[32m\"fas fa-home w-5 h-5 mr-2\"\u001b[39m\n        \u001b[36m/>\u001b[39m\n      \u001b[36m</a>\u001b[39m\n      \u001b[36m<a\u001b[39m\n        \u001b[33mclass\u001b[39m=\u001b[32m\"lg:hidden fixed bottom-6 right-6 z-50 w-14 h-14 bg-gradient-to-r from-blue-500 to-purple-600 rounded-full flex items-center justify-center shadow-lg hover:shadow-xl transform hover:scale-105 transition-all duration-200\"\u001b[39m\n        \u001b[33mhref\u001b[39m=\u001b[32m\"/\"\u001b[39m\n        \u001b[33mtitle\u001b[39m=\u001b[32m\"Anasayfa\"\u001b[39m\n      \u001b[36m>\u001b[39m\n        \u001b[36m<span\u001b[39m\n          \u001b[33mclass\u001b[39m=\u001b[32m\"text-white text-xl\"\u001b[39m\n        \u001b[36m>\u001b[39m\n          \u001b[0m🏠\u001b[0m\n        \u001b[36m</span>\u001b[39m\n      \u001b[36m</a>\u001b[39m\n    \u001b[36m</div>\u001b[39m\n  \u001b[36m</div>\u001b[39m\n\u001b[36m</body>\u001b[39m\n    at Object.getElementError (C:\\Verbfy\\verbfy-app\\node_modules\\@testing-library\\dom\\dist\\config.js:37:19)\n    at getElementError (C:\\Verbfy\\verbfy-app\\node_modules\\@testing-library\\dom\\dist\\query-helpers.js:20:35)\n    at getMultipleElementsFoundError (C:\\Verbfy\\verbfy-app\\node_modules\\@testing-library\\dom\\dist\\query-helpers.js:23:10)\n    at C:\\Verbfy\\verbfy-app\\node_modules\\@testing-library\\dom\\dist\\query-helpers.js:55:13\n    at C:\\Verbfy\\verbfy-app\\node_modules\\@testing-library\\dom\\dist\\query-helpers.js:95:19\n    at Object.getByRole (C:\\Verbfy\\verbfy-app\\src\\__tests__\\integration\\auth-flow.test.tsx:72:32)\n    at Promise.finally.completed (C:\\Verbfy\\verbfy-app\\node_modules\\jest\\node_modules\\jest-circus\\build\\jestAdapterInit.js:1559:28)\n    at new Promise (<anonymous>)\n    at callAsyncCircusFn (C:\\Verbfy\\verbfy-app\\node_modules\\jest\\node_modules\\jest-circus\\build\\jestAdapterInit.js:1499:10)\n    at _callCircusTest (C:\\Verbfy\\verbfy-app\\node_modules\\jest\\node_modules\\jest-circus\\build\\jestAdapterInit.js:1009:40)\n    at _runTest (C:\\Verbfy\\verbfy-app\\node_modules\\jest\\node_modules\\jest-circus\\build\\jestAdapterInit.js:949:3)\n    at _runTestsForDescribeBlock (C:\\Verbfy\\verbfy-app\\node_modules\\jest\\node_modules\\jest-circus\\build\\jestAdapterInit.js:839:13)\n    at _runTestsForDescribeBlock (C:\\Verbfy\\verbfy-app\\node_modules\\jest\\node_modules\\jest-circus\\build\\jestAdapterInit.js:829:11)\n    at run (C:\\Verbfy\\verbfy-app\\node_modules\\jest\\node_modules\\jest-circus\\build\\jestAdapterInit.js:757:3)\n    at runAndTransformResultsToJestFormat (C:\\Verbfy\\verbfy-app\\node_modules\\jest\\node_modules\\jest-circus\\build\\jestAdapterInit.js:1920:21)\n    at jestAdapter (C:\\Verbfy\\verbfy-app\\node_modules\\jest\\node_modules\\jest-circus\\build\\runner.js:101:19)\n    at runTestInternal (C:\\Verbfy\\verbfy-app\\node_modules\\jest-runner\\build\\index.js:275:16)\n    at runTest (C:\\Verbfy\\verbfy-app\\node_modules\\jest-runner\\build\\index.js:343:7)"],"fullName":"Authentication Flow Integration should complete full login flow successfully","invocations":1,"location":null,"numPassingAsserts":0,"retryReasons":[],"startAt":1759641776327,"status":"failed","title":"should complete full login flow successfully"},{"ancestorTitles":["Authentication Flow Integration"],"duration":108,"failing":false,"failureDetails":[{"name":"TestingLibraryElementError"}],"failureMessages":["TestingLibraryElementError: Unable to find an accessible element with the role \"button\" and name `/login/i`\n\nHere are the accessible roles:\n\n  button:\n\n  Name \"Toggle language\":\n  \u001b[36m<button\u001b[39m\n    \u001b[33maria-label\u001b[39m=\u001b[32m\"Toggle language\"\u001b[39m\n    \u001b[33mclass\u001b[39m=\u001b[32m\"px-2 py-1 text-xs rounded-md border border-gray-300 text-gray-700 hover:bg-gray-50\"\u001b[39m\n    \u001b[33mtitle\u001b[39m=\u001b[32m\"Türkçe\"\u001b[39m\n  \u001b[36m/>\u001b[39m\n\n  Name \"\":\n  \u001b[36m<button\u001b[39m\n    \u001b[33mclass\u001b[39m=\u001b[32m\"absolute inset-y-0 right-0 pr-3 flex items-center\"\u001b[39m\n    \u001b[33mtype\u001b[39m=\u001b[32m\"button\"\u001b[39m\n  \u001b[36m/>\u001b[39m\n\n  Name \"Sign in\":\n  \u001b[36m<button\u001b[39m\n    \u001b[33mclass\u001b[39m=\u001b[32m\"group relative w-full flex justify-center py-2.5 sm:py-3 px-4 border border-transparent text-sm sm:text-base font-semibold rounded-xl text-white bg-gradient-to-r from-blue-600 to-purple-600 hover:from-blue-700 hover:to-purple-700 focus:outline-none focus:ring-2 focus:ring-offset-2 focus:ring-blue-500 disabled:opacity-50 disabled:cursor-not-allowed transform hover:scale-[1.02] transition-all duration-200 shadow-lg hover:shadow-xl\"\u001b[39m\n    \u001b[33mtype\u001b[39m=\u001b[32m\"submit\"\u001b[39m\n  \u001b[36m/>\u001b[39m\n\n  Name \"Sign in with Google\":\n  \u001b[36m<button\u001b[39m\n    \u001b[33mclass\u001b[39m=\u001b[32m\"w-full inline-flex justify-center py-2.5 sm:py-3 px-4 border border-gray-300 rounded-xl shadow-sm bg-white text-sm font-medium text-gray-700 hover:bg-gray-50 focus:outline-none focus:ring-2 focus:ring-offset-2 focus:ring-blue-500 transition-all duration-200 transform hover:scale-[1.02]\"\u001b[39m\n  \u001b[36m/>\u001b[39m\n\n  Name \"Sign in with Outlook\":\n  \u001b[36m<button\u001b[39m\n    \u001b[33mclass\u001b[39m=\u001b[32m\"w-full inline-flex justify-center py-2.5 sm:py-3 px-4 border border-gray-300 rounded-xl shadow-sm bg-white text-sm font-medium text-gray-700 hover:bg-gray-50 focus:outline-none focus:ring-2 focus:ring-offset-2 focus:ring-blue-500 transition-all duration-200 transform hover:scale-[1.02]\"\u001b[39m\n  \u001b[36m/>\u001b[39m\n\n  Name \"Sign in with Apple\":\n  \u001b[36m<button\u001b[39m\n    \u001b[33mclass\u001b[39m=\u001b[32m\"w-full inline-flex justify-center py-2.5 sm:py-3 px-4 border border-gray-300 rounded-xl shadow-sm bg-white text-sm font-medium text-gray-700 hover:bg-gray-50 focus:outline-none focus:ring-2 focus:ring-offset-2 focus:ring-blue-500 transition-all duration-200 transform hover:scale-[1.02]\"\u001b[39m\n  \u001b[36m/>\u001b[39m\n\n  --------------------------------------------------\n  link:\n\n  Name \"Verbfy Home\":\n  \u001b[36m<a\u001b[39m\n    \u001b[33maria-label\u001b[39m=\u001b[32m\"Verbfy Home\"\u001b[39m\n    \u001b[33mclass\u001b[39m=\u001b[32m\"flex items-center justify-center \"\u001b[39m\n    \u001b[33mhref\u001b[39m=\u001b[32m\"/\"\u001b[39m\n  \u001b[36m/>\u001b[39m\n\n  Name \"Forgot your password?\":\n  \u001b[36m<a\u001b[39m\n    \u001b[33mclass\u001b[39m=\u001b[32m\"text-sm font-medium text-blue-600 hover:text-blue-500 transition-colors duration-200 hover:underline\"\u001b[39m\n    \u001b[33mhref\u001b[39m=\u001b[32m\"/forgot-password\"\u001b[39m\n  \u001b[36m/>\u001b[39m\n\n  Name \"Join Now\":\n  \u001b[36m<a\u001b[39m\n    \u001b[33mclass\u001b[39m=\u001b[32m\"font-semibold text-blue-600 hover:text-blue-500 transition-colors duration-200 hover:underline\"\u001b[39m\n    \u001b[33mhref\u001b[39m=\u001b[32m\"/register\"\u001b[39m\n  \u001b[36m/>\u001b[39m\n\n  Name \"Privacy Policy\":\n  \u001b[36m<a\u001b[39m\n    \u001b[33mclass\u001b[39m=\u001b[32m\"hover:text-gray-700 transition-colors\"\u001b[39m\n    \u001b[33mhref\u001b[39m=\u001b[32m\"/privacy\"\u001b[39m\n  \u001b[36m/>\u001b[39m\n\n  Name \"Terms of Service\":\n  \u001b[36m<a\u001b[39m\n    \u001b[33mclass\u001b[39m=\u001b[32m\"hover:text-gray-700 transition-colors\"\u001b[39m\n    \u001b[33mhref\u001b[39m=\u001b[32m\"/terms\"\u001b[39m\n  \u001b[36m/>\u001b[39m\n\n  Name \"Help Center\":\n  \u001b[36m<a\u001b[39m\n    \u001b[33mclass\u001b[39m=\u001b[32m\"hover:text-gray-700 transition-colors\"\u001b[39m\n    \u001b[33mhref\u001b[39m=\u001b[32m\"/help\"\u001b[39m\n  \u001b[36m/>\u001b[39m\n\n  Name \"Anasayfa\":\n  \u001b[36m<a\u001b[39m\n    \u001b[33mclass\u001b[39m=\u001b[32m\"hidden lg:flex items-center px-3 py-2 text-sm font-medium text-gray-700 rounded-lg hover:bg-gray-100 hover:text-gray-900 transition-all duration-200 \"\u001b[39m\n    \u001b[33mhref\u001b[39m=\u001b[32m\"/\"\u001b[39m\n    \u001b[33mtitle\u001b[39m=\u001b[32m\"Anasayfa\"\u001b[39m\n  \u001b[36m/>\u001b[39m\n\n  Name \"🏠\":\n  \u001b[36m<a\u001b[39m\n    \u001b[33mclass\u001b[39m=\u001b[32m\"lg:hidden fixed bottom-6 right-6 z-50 w-14 h-14 bg-gradient-to-r from-blue-500 to-purple-600 rounded-full flex items-center justify-center shadow-lg hover:shadow-xl transform hover:scale-105 transition-all duration-200\"\u001b[39m\n    \u001b[33mhref\u001b[39m=\u001b[32m\"/\"\u001b[39m\n    \u001b[33mtitle\u001b[39m=\u001b[32m\"Anasayfa\"\u001b[39m\n  \u001b[36m/>\u001b[39m\n\n  --------------------------------------------------\n  img:\n\n  Name \"Verbfy logo\":\n  \u001b[36m<img\u001b[39m\n    \u001b[33malt\u001b[39m=\u001b[32m\"Verbfy logo\"\u001b[39m\n    \u001b[33mclass\u001b[39m=\u001b[32m\"mx-auto\"\u001b[39m\n    \u001b[33mheight\u001b[39m=\u001b[32m\"88\"\u001b[39m\n    \u001b[33msrc\u001b[39m=\u001b[32m\"/logo.png\"\u001b[39m\n    \u001b[33mwidth\u001b[39m=\u001b[32m\"88\"\u001b[39m\n  \u001b[36m/>\u001b[39m\n\n  --------------------------------------------------\n  paragraph:\n\n  Name \"\":\n  \u001b[36m<p\u001b[39m\n    \u001b[33mclass\u001b[39m=\u001b[32m\"text-xs text-blue-600 font-semibold mb-1\"\u001b[39m\n  \u001b[36m/>\u001b[39m\n\n  Name \"\":\n  \u001b[36m<p\u001b[39m\n    \u001b[33mclass\u001b[39m=\u001b[32m\"text-gray-600 text-base sm:text-lg\"\u001b[39m\n  \u001b[36m/>\u001b[39m\n\n  Name \"\":\n  \u001b[36m<p\u001b[39m\n    \u001b[33mclass\u001b[39m=\u001b[32m\"text-gray-600 text-sm sm:text-base\"\u001b[39m\n  \u001b[36m/>\u001b[39m\n\n  Name \"\":\n  \u001b[36m<p\u001b[39m\n    \u001b[33mclass\u001b[39m=\u001b[32m\"text-gray-600 text-sm sm:text-base\"\u001b[39m\n  \u001b[36m/>\u001b[39m\n\n  Name \"\":\n  \u001b[36m<p\u001b[39m\n    \u001b[33mclass\u001b[39m=\u001b[32m\"text-xs text-gray-400\"\u001b[39m\n  \u001b[36m/>\u001b[39m\n\n  --------------------------------------------------\n  heading:\n\n  Name \"Sign in\":\n  \u001b[36m<h2\u001b[39m\n    \u001b[33mclass\u001b[39m=\u001b[32m\"text-xl sm:text-2xl font-bold text-gray-900 mb-2\"\u001b[39m\n  \u001b[36m/>\u001b[39m\n\n  --------------------------------------------------\n  textbox:\n\n  Name \"Email\":\n  \u001b[36m<input\u001b[39m\n    \u001b[33mautocomplete\u001b[39m=\u001b[32m\"email\"\u001b[39m\n    \u001b[33mclass\u001b[39m=\u001b[32m\"w-full px-3 sm:px-4 py-2.5 sm:py-3 border border-gray-300 rounded-xl focus:ring-2 focus:ring-blue-500 focus:border-transparent transition-all duration-200 placeholder-gray-400 text-gray-900 bg-white/50 backdrop-blur-sm text-sm sm:text-base\"\u001b[39m\n    \u001b[33mid\u001b[39m=\u001b[32m\"email\"\u001b[39m\n    \u001b[33mname\u001b[39m=\u001b[32m\"email\"\u001b[39m\n    \u001b[33mplaceholder\u001b[39m=\u001b[32m\"Enter your email\"\u001b[39m\n    \u001b[33mrequired\u001b[39m=\u001b[32m\"\"\u001b[39m\n    \u001b[33mtype\u001b[39m=\u001b[32m\"email\"\u001b[39m\n    \u001b[33mvalue\u001b[39m=\u001b[32m\"\"\u001b[39m\n  \u001b[36m/>\u001b[39m\n\n  --------------------------------------------------\n  checkbox:\n\n  Name \"Remember me\":\n  \u001b[36m<input\u001b[39m\n    \u001b[33mclass\u001b[39m=\u001b[32m\"h-4 w-4 text-blue-600 focus:ring-blue-500 border-gray-300 rounded\"\u001b[39m\n    \u001b[33mid\u001b[39m=\u001b[32m\"remember-me\"\u001b[39m\n    \u001b[33mname\u001b[39m=\u001b[32m\"remember-me\"\u001b[39m\n    \u001b[33mtype\u001b[39m=\u001b[32m\"checkbox\"\u001b[39m\n  \u001b[36m/>\u001b[39m\n\n  --------------------------------------------------\n\nIgnored nodes: comments, script, style\n\u001b[36m<body>\u001b[39m\n  \u001b[36m<div>\u001b[39m\n    \u001b[36m<div\u001b[39m\n      \u001b[33mclass\u001b[39m=\u001b[32m\"min-h-screen flex items-center justify-center bg-gradient-to-br from-blue-50 via-indigo-50 to-purple-50 py-4 sm:py-8 px-4 sm:px-6 lg:px-8 relative overflow-hidden\"\u001b[39m\n    \u001b[36m>\u001b[39m\n      \u001b[36m<div\u001b[39m\n        \u001b[33mclass\u001b[39m=\u001b[32m\"absolute top-4 right-4 z-10\"\u001b[39m\n      \u001b[36m>\u001b[39m\n        \u001b[36m<button\u001b[39m\n          \u001b[33maria-label\u001b[39m=\u001b[32m\"Toggle language\"\u001b[39m\n          \u001b[33mclass\u001b[39m=\u001b[32m\"px-2 py-1 text-xs rounded-md border border-gray-300 text-gray-700 hover:bg-gray-50\"\u001b[39m\n          \u001b[33mtitle\u001b[39m=\u001b[32m\"Türkçe\"\u001b[39m\n        \u001b[36m>\u001b[39m\n          \u001b[0mTR\u001b[0m\n        \u001b[36m</button>\u001b[39m\n      \u001b[36m</div>\u001b[39m\n      \u001b[36m<div\u001b[39m\n        \u001b[33mclass\u001b[39m=\u001b[32m\"absolute inset-0 overflow-hidden\"\u001b[39m\n      \u001b[36m>\u001b[39m\n        \u001b[36m<div\u001b[39m\n          \u001b[33mclass\u001b[39m=\u001b[32m\"absolute -top-40 -right-40 w-60 h-60 sm:w-80 sm:h-80 bg-gradient-to-br from-blue-400/20 to-purple-400/20 rounded-full blur-3xl animate-pulse\"\u001b[39m\n        \u001b[36m/>\u001b[39m\n        \u001b[36m<div\u001b[39m\n          \u001b[33mclass\u001b[39m=\u001b[32m\"absolute -bottom-40 -left-40 w-60 h-60 sm:w-80 sm:h-80 bg-gradient-to-tr from-indigo-400/20 to-pink-400/20 rounded-full blur-3xl animate-pulse delay-1000\"\u001b[39m\n        \u001b[36m/>\u001b[39m\n      \u001b[36m</div>\u001b[39m\n      \u001b[36m<div\u001b[39m\n        \u001b[33mclass\u001b[39m=\u001b[32m\"relative w-full max-w-sm sm:max-w-md space-y-6 sm:space-y-8\"\u001b[39m\n      \u001b[36m>\u001b[39m\n        \u001b[36m<div\u001b[39m\n          \u001b[33mclass\u001b[39m=\u001b[32m\"text-center\"\u001b[39m\n        \u001b[36m>\u001b[39m\n          \u001b[36m<div\u001b[39m\n            \u001b[33mclass\u001b[39m=\u001b[32m\"flex justify-center mb-4 sm:mb-6\"\u001b[39m\n          \u001b[36m>\u001b[39m\n            \u001b[36m<a\u001b[39m\n              \u001b[33maria-label\u001b[39m=\u001b[32m\"Verbfy Home\"\u001b[39m\n              \u001b[33mclass\u001b[39m=\u001b[32m\"flex items-center justify-center \"\u001b[39m\n              \u001b[33mhref\u001b[39m=\u001b[32m\"/\"\u001b[39m\n            \u001b[36m>\u001b[39m\n              \u001b[36m<img\u001b[39m\n                \u001b[33malt\u001b[39m=\u001b[32m\"Verbfy logo\"\u001b[39m\n                \u001b[33mclass\u001b[39m=\u001b[32m\"mx-auto\"\u001b[39m\n                \u001b[33mheight\u001b[39m=\u001b[32m\"88\"\u001b[39m\n                \u001b[33msrc\u001b[39m=\u001b[32m\"/logo.png\"\u001b[39m\n                \u001b[33mwidth\u001b[39m=\u001b[32m\"88\"\u001b[39m\n              \u001b[36m/>\u001b[39m\n            \u001b[36m</a>\u001b[39m\n          \u001b[36m</div>\u001b[39m\n          \u001b[36m<p\u001b[39m\n            \u001b[33mclass\u001b[39m=\u001b[32m\"text-xs text-blue-600 font-semibold mb-1\"\u001b[39m\n          \u001b[36m>\u001b[39m\n            \u001b[0mVerbing Up Your Language Skills!\u001b[0m\n          \u001b[36m</p>\u001b[39m\n          \u001b[36m<p\u001b[39m\n            \u001b[33mclass\u001b[39m=\u001b[32m\"text-gray-600 text-base sm:text-lg\"\u001b[39m\n          \u001b[36m>\u001b[39m\n            \u001b[0mWelcome back to your learning journey\u001b[0m\n          \u001b[36m</p>\u001b[39m\n        \u001b[36m</div>\u001b[39m\n        \u001b[36m<div\u001b[39m\n          \u001b[33mclass\u001b[39m=\u001b[32m\"bg-white/80 backdrop-blur-sm rounded-2xl shadow-xl border border-white/20 p-6 sm:p-8 space-y-6\"\u001b[39m\n        \u001b[36m>\u001b[39m\n          \u001b[36m<div\u001b[39m\n            \u001b[33mclass\u001b[39m=\u001b[32m\"text-center\"\u001b[39m\n          \u001b[36m>\u001b[39m\n            \u001b[36m<h2\u001b[39m\n              \u001b[33mclass\u001b[39m=\u001b[32m\"text-xl sm:text-2xl font-bold text-gray-900 mb-2\"\u001b[39m\n            \u001b[36m>\u001b[39m\n              \u001b[0mSign in\u001b[0m\n            \u001b[36m</h2>\u001b[39m\n            \u001b[36m<p\u001b[39m\n              \u001b[33mclass\u001b[39m=\u001b[32m\"text-gray-600 text-sm sm:text-base\"\u001b[39m\n            \u001b[36m>\u001b[39m\n              \u001b[0mContinue your English learning adventure\u001b[0m\n            \u001b[36m</p>\u001b[39m\n          \u001b[36m</div>\u001b[39m\n          \u001b[36m<form\u001b[39m\n            \u001b[33mclass\u001b[39m=\u001b[32m\"space-y-4 sm:space-y-6\"\u001b[39m\n          \u001b[36m>\u001b[39m\n            \u001b[36m<div\u001b[39m\n              \u001b[33mclass\u001b[39m=\u001b[32m\"space-y-2\"\u001b[39m\n            \u001b[36m>\u001b[39m\n              \u001b[36m<label\u001b[39m\n                \u001b[33mclass\u001b[39m=\u001b[32m\"block text-sm font-medium text-gray-700\"\u001b[39m\n                \u001b[33mfor\u001b[39m=\u001b[32m\"email\"\u001b[39m\n              \u001b[36m>\u001b[39m\n                \u001b[0mEmail\u001b[0m\n              \u001b[36m</label>\u001b[39m\n              \u001b[36m<div\u001b[39m\n                \u001b[33mclass\u001b[39m=\u001b[32m\"relative\"\u001b[39m\n              \u001b[36m>\u001b[39m\n                \u001b[36m<input\u001b[39m\n                  \u001b[33mautocomplete\u001b[39m=\u001b[32m\"email\"\u001b[39m\n                  \u001b[33mclass\u001b[39m=\u001b[32m\"w-full px-3 sm:px-4 py-2.5 sm:py-3 border border-gray-300 rounded-xl focus:ring-2 focus:ring-blue-500 focus:border-transparent transition-all duration-200 placeholder-gray-400 text-gray-900 bg-white/50 backdrop-blur-sm text-sm sm:text-base\"\u001b[39m\n                  \u001b[33mid\u001b[39m=\u001b[32m\"email\"\u001b[39m\n                  \u001b[33mname\u001b[39m=\u001b[32m\"email\"\u001b[39m\n                  \u001b[33mplaceholder\u001b[39m=\u001b[32m\"Enter your email\"\u001b[39m\n                  \u001b[33mrequired\u001b[39m=\u001b[32m\"\"\u001b[39m\n                  \u001b[33mtype\u001b[39m=\u001b[32m\"email\"\u001b[39m\n                  \u001b[33mvalue\u001b[39m=\u001b[32m\"\"\u001b[39m\n                \u001b[36m/>\u001b[39m\n                \u001b[36m<div\u001b[39m\n                  \u001b[33mclass\u001b[39m=\u001b[32m\"absolute inset-y-0 right-0 pr-3 flex items-center\"\u001b[39m\n                \u001b[36m>\u001b[39m\n                  \u001b[36m<i\u001b[39m\n                    \u001b[33mclass\u001b[39m=\u001b[32m\"fas fa-envelope text-gray-400\"\u001b[39m\n                  \u001b[36m/>\u001b[39m\n                \u001b[36m</div>\u001b[39m\n              \u001b[36m</div>\u001b[39m\n            \u001b[36m</div>\u001b[39m\n            \u001b[36m<div\u001b[39m\n              \u001b[33mclass\u001b[39m=\u001b[32m\"space-y-2\"\u001b[39m\n            \u001b[36m>\u001b[39m\n              \u001b[36m<label\u001b[39m\n                \u001b[33mclass\u001b[39m=\u001b[32m\"block text-sm font-medium text-gray-700\"\u001b[39m\n                \u001b[33mfor\u001b[39m=\u001b[32m\"password\"\u001b[39m\n              \u001b[36m>\u001b[39m\n                \u001b[0mPassword\u001b[0m\n              \u001b[36m</label>\u001b[39m\n              \u001b[36m<div\u001b[39m\n                \u001b[33mclass\u001b[39m=\u001b[32m\"relative\"\u001b[39m\n              \u001b[36m>\u001b[39m\n                \u001b[36m<input\u001b[39m\n                  \u001b[33mautocomplete\u001b[39m=\u001b[32m\"current-password\"\u001b[39m\n                  \u001b[33mclass\u001b[39m=\u001b[32m\"w-full px-3 sm:px-4 py-2.5 sm:py-3 pr-12 border border-gray-300 rounded-xl focus:ring-2 focus:ring-blue-500 focus:border-transparent transition-all duration-200 placeholder-gray-400 text-gray-900 bg-white/50 backdrop-blur-sm text-sm sm:text-base\"\u001b[39m\n                  \u001b[33mid\u001b[39m=\u001b[32m\"password\"\u001b[39m\n                  \u001b[33mname\u001b[39m=\u001b[32m\"password\"\u001b[39m\n                  \u001b[33mplaceholder\u001b[39m=\u001b[32m\"Enter your password\"\u001b[39m\n                  \u001b[33mrequired\u001b[39m=\u001b[32m\"\"\u001b[39m\n                  \u001b[33mtype\u001b[39m=\u001b[32m\"password\"\u001b[39m\n                  \u001b[33mvalue\u001b[39m=\u001b[32m\"\"\u001b[39m\n                \u001b[36m/>\u001b[39m\n                \u001b[36m<button\u001b[39m\n                  \u001b[33mclass\u001b[39m=\u001b[32m\"absolute inset-y-0 right-0 pr-3 flex items-center\"\u001b[39m\n                  \u001b[33mtype\u001b[39m=\u001b[32m\"button\"\u001b[39m\n                \u001b[36m>\u001b[39m\n                  \u001b[36m<i\u001b[39m\n                    \u001b[33mclass\u001b[39m=\u001b[32m\"fas fa-eye text-gray-400 hover:text-gray-600 transition-colors\"\u001b[39m\n                  \u001b[36m/>\u001b[39m\n                \u001b[36m</button>\u001b[39m\n              \u001b[36m</div>\u001b[39m\n            \u001b[36m</div>\u001b[39m\n            \u001b[36m<div\u001b[39m\n              \u001b[33mclass\u001b[39m=\u001b[32m\"flex flex-col sm:flex-row sm:items-center sm:justify-between space-y-2 sm:space-y-0\"\u001b[39m\n            \u001b[36m>\u001b[39m\n              \u001b[36m<div\u001b[39m\n                \u001b[33mclass\u001b[39m=\u001b[32m\"flex items-center\"\u001b[39m\n              \u001b[36m>\u001b[39m\n                \u001b[36m<input\u001b[39m\n                  \u001b[33mclass\u001b[39m=\u001b[32m\"h-4 w-4 text-blue-600 focus:ring-blue-500 border-gray-300 rounded\"\u001b[39m\n                  \u001b[33mid\u001b[39m=\u001b[32m\"remember-me\"\u001b[39m\n                  \u001b[33mname\u001b[39m=\u001b[32m\"remember-me\"\u001b[39m\n                  \u001b[33mtype\u001b[39m=\u001b[32m\"checkbox\"\u001b[39m\n                \u001b[36m/>\u001b[39m\n                \u001b[36m<label\u001b[39m\n                  \u001b[33mclass\u001b[39m=\u001b[32m\"ml-2 block text-sm text-gray-700\"\u001b[39m\n                  \u001b[33mfor\u001b[39m=\u001b[32m\"remember-me\"\u001b[39m\n                \u001b[36m>\u001b[39m\n                  \u001b[0mRemember me\u001b[0m\n                \u001b[36m</label>\u001b[39m\n              \u001b[36m</div>\u001b[39m\n              \u001b[36m<a\u001b[39m\n                \u001b[33mclass\u001b[39m=\u001b[32m\"text-sm font-medium text-blue-600 hover:text-blue-500 transition-colors duration-200 hover:underline\"\u001b[39m\n                \u001b[33mhref\u001b[39m=\u001b[32m\"/forgot-password\"\u001b[39m\n              \u001b[36m>\u001b[39m\n                \u001b[0mForgot your password?\u001b[0m\n              \u001b[36m</a>\u001b[39m\n            \u001b[36m</div>\u001b[39m\n            \u001b[36m<button\u001b[39m\n              \u001b[33mclass\u001b[39m=\u001b[32m\"group relative w-full flex justify-center py-2.5 sm:py-3 px-4 border border-transparent text-sm sm:text-base font-semibold rounded-xl text-white bg-gradient-to-r from-blue-600 to-purple-600 hover:from-blue-700 hover:to-purple-700 focus:outline-none focus:ring-2 focus:ring-offset-2 focus:ring-blue-500 disabled:opacity-50 disabled:cursor-not-allowed transform hover:scale-[1.02] transition-all duration-200 shadow-lg hover:shadow-xl\"\u001b[39m\n              \u001b[33mtype\u001b[39m=\u001b[32m\"submit\"\u001b[39m\n            \u001b[36m>\u001b[39m\n              \u001b[36m<i\u001b[39m\n                \u001b[33mclass\u001b[39m=\u001b[32m\"fas fa-sign-in-alt mr-2\"\u001b[39m\n              \u001b[36m/>\u001b[39m\n              \u001b[0mSign in\u001b[0m\n            \u001b[36m</button>\u001b[39m\n          \u001b[36m</form>\u001b[39m\n          \u001b[36m<div\u001b[39m\n            \u001b[33mclass\u001b[39m=\u001b[32m\"relative\"\u001b[39m\n          \u001b[36m>\u001b[39m\n            \u001b[36m<div\u001b[39m\n              \u001b[33mclass\u001b[39m=\u001b[32m\"absolute inset-0 flex items-center\"\u001b[39m\n            \u001b[36m>\u001b[39m\n              \u001b[36m<div\u001b[39m\n                \u001b[33mclass\u001b[39m=\u001b[32m\"w-full border-t border-gray-300\"\u001b[39m\n              \u001b[36m/>\u001b[39m\n            \u001b[36m</div>\u001b[39m\n            \u001b[36m<div\u001b[39m\n              \u001b[33mclass\u001b[39m=\u001b[32m\"relative flex justify-center text-sm\"\u001b[39m\n            \u001b[36m>\u001b[39m\n              \u001b[36m<span\u001b[39m\n                \u001b[33mclass\u001b[39m=\u001b[32m\"px-2 bg-white text-gray-500\"\u001b[39m\n              \u001b[36m>\u001b[39m\n                \u001b[0mOr continue with\u001b[0m\n              \u001b[36m</span>\u001b[39m\n            \u001b[36m</div>\u001b[39m\n          \u001b[36m</div>\u001b[39m\n          \u001b[36m<div\u001b[39m\n            \u001b[33mclass\u001b[39m=\u001b[32m\"grid grid-cols-1 gap-3\"\u001b[39m\n          \u001b[36m>\u001b[39m\n            \u001b[36m<button\u001b[39m\n              \u001b[33mclass\u001b[39m=\u001b[32m\"w-full inline-flex justify-center py-2.5 sm:py-3 px-4 border border-gray-300 rounded-xl shadow-sm bg-white text-sm font-medium text-gray-700 hover:bg-gray-50 focus:outline-none focus:ring-2 focus:ring-offset-2 focus:ring-blue-500 transition-all duration-200 transform hover:scale-[1.02]\"\u001b[39m\n            \u001b[36m>\u001b[39m\n              \u001b[36m<i\u001b[39m\n                \u001b[33mclass\u001b[39m=\u001b[32m\"fab fa-google text-red-500 mr-3\"\u001b[39m\n              \u001b[36m/>\u001b[39m\n              \u001b[0mSign in with Google\u001b[0m\n            \u001b[36m</button>\u001b[39m\n            \u001b[36m<button\u001b[39m\n              \u001b[33mclass\u001b[39m=\u001b[32m\"w-full inline-flex justify-center py-2.5 sm:py-3 px-4 border border-gray-300 rounded-xl shadow-sm bg-white text-sm font-medium text-gray-700 hover:bg-gray-50 focus:outline-none focus:ring-2 focus:ring-offset-2 focus:ring-blue-500 transition-all duration-200 transform hover:scale-[1.02]\"\u001b[39m\n            \u001b[36m>\u001b[39m\n              \u001b[36m<i\u001b[39m\n                \u001b[33mclass\u001b[39m=\u001b[32m\"fas fa-envelope text-blue-500 mr-3\"\u001b[39m\n              \u001b[36m/>\u001b[39m\n              \u001b[0mSign in with Outlook\u001b[0m\n            \u001b[36m</button>\u001b[39m\n            \u001b[36m<button\u001b[39m\n              \u001b[33mclass\u001b[39m=\u001b[32m\"w-full inline-flex justify-center py-2.5 sm:py-3 px-4 border border-gray-300 rounded-xl shadow-sm bg-white text-sm font-medium text-gray-700 hover:bg-gray-50 focus:outline-none focus:ring-2 focus:ring-offset-2 focus:ring-blue-500 transition-all duration-200 transform hover:scale-[1.02]\"\u001b[39m\n            \u001b[36m>\u001b[39m\n              \u001b[36m<i\u001b[39m\n                \u001b[33mclass\u001b[39m=\u001b[32m\"fab fa-apple text-gray-900 mr-3\"\u001b[39m\n              \u001b[36m/>\u001b[39m\n              \u001b[0mSign in with Apple\u001b[0m\n            \u001b[36m</button>\u001b[39m\n          \u001b[36m</div>\u001b[39m\n        \u001b[36m</div>\u001b[39m\n        \u001b[36m<div\u001b[39m\n          \u001b[33mclass\u001b[39m=\u001b[32m\"text-center\"\u001b[39m\n        \u001b[36m>\u001b[39m\n          \u001b[36m<p\u001b[39m\n            \u001b[33mclass\u001b[39m=\u001b[32m\"text-gray-600 text-sm sm:text-base\"\u001b[39m\n          \u001b[36m>\u001b[39m\n            \u001b[0mNew to Verbfy?\u001b[0m\n            \u001b[0m \u001b[0m\n            \u001b[36m<a\u001b[39m\n              \u001b[33mclass\u001b[39m=\u001b[32m\"font-semibold text-blue-600 hover:text-blue-500 transition-colors duration-200 hover:underline\"\u001b[39m\n              \u001b[33mhref\u001b[39m=\u001b[32m\"/register\"\u001b[39m\n            \u001b[36m>\u001b[39m\n              \u001b[0mJoin Now\u001b[0m\n            \u001b[36m</a>\u001b[39m\n          \u001b[36m</p>\u001b[39m\n        \u001b[36m</div>\u001b[39m\n        \u001b[36m<div\u001b[39m\n          \u001b[33mclass\u001b[39m=\u001b[32m\"text-center space-y-2\"\u001b[39m\n        \u001b[36m>\u001b[39m\n          \u001b[36m<div\u001b[39m\n            \u001b[33mclass\u001b[39m=\u001b[32m\"flex flex-col sm:flex-row justify-center space-y-2 sm:space-y-0 sm:space-x-4 text-sm text-gray-500\"\u001b[39m\n          \u001b[36m>\u001b[39m\n            \u001b[36m<a\u001b[39m\n              \u001b[33mclass\u001b[39m=\u001b[32m\"hover:text-gray-700 transition-colors\"\u001b[39m\n              \u001b[33mhref\u001b[39m=\u001b[32m\"/privacy\"\u001b[39m\n            \u001b[36m>\u001b[39m\n              \u001b[0mPrivacy Policy\u001b[0m\n            \u001b[36m</a>\u001b[39m\n            \u001b[36m<a\u001b[39m\n              \u001b[33mclass\u001b[39m=\u001b[32m\"hover:text-gray-700 transition-colors\"\u001b[39m\n              \u001b[33mhref\u001b[39m=\u001b[32m\"/terms\"\u001b[39m\n            \u001b[36m>\u001b[39m\n              \u001b[0mTerms of Service\u001b[0m\n            \u001b[36m</a>\u001b[39m\n            \u001b[36m<a\u001b[39m\n              \u001b[33mclass\u001b[39m=\u001b[32m\"hover:text-gray-700 transition-colors\"\u001b[39m\n              \u001b[33mhref\u001b[39m=\u001b[32m\"/help\"\u001b[39m\n            \u001b[36m>\u001b[39m\n              \u001b[0mHelp Center\u001b[0m\n            \u001b[36m</a>\u001b[39m\n          \u001b[36m</div>\u001b[39m\n          \u001b[36m<p\u001b[39m\n            \u001b[33mclass\u001b[39m=\u001b[32m\"text-xs text-gray-400\"\u001b[39m\n          \u001b[36m>\u001b[39m\n            \u001b[0m© 2024 Verbfy. \u001b[0m\n            \u001b[0mAll rights reserved.\u001b[0m\n          \u001b[36m</p>\u001b[39m\n        \u001b[36m</div>\u001b[39m\n      \u001b[36m</div>\u001b[39m\n      \u001b[36m<a\u001b[39m\n        \u001b[33mclass\u001b[39m=\u001b[32m\"hidden lg:flex items-center px-3 py-2 text-sm font-medium text-gray-700 rounded-lg hover:bg-gray-100 hover:text-gray-900 transition-all duration-200 \"\u001b[39m\n        \u001b[33mhref\u001b[39m=\u001b[32m\"/\"\u001b[39m\n        \u001b[33mtitle\u001b[39m=\u001b[32m\"Anasayfa\"\u001b[39m\n      \u001b[36m>\u001b[39m\n        \u001b[36m<i\u001b[39m\n          \u001b[33mclass\u001b[39m=\u001b[32m\"fas fa-home w-5 h-5 mr-2\"\u001b[39m\n        \u001b[36m/>\u001b[39m\n      \u001b[36m</a>\u001b[39m\n      \u001b[36m<a\u001b[39m\n        \u001b[33mclass\u001b[39m=\u001b[32m\"lg:hidden fixed bottom-6 right-6 z-50 w-14 h-14 bg-gradient-to-r from-blue-500 to-purple-600 rounded-full flex items-center justify-center shadow-lg hover:shadow-xl transform hover:scale-105 transition-all duration-200\"\u001b[39m\n        \u001b[33mhref\u001b[39m=\u001b[32m\"/\"\u001b[39m\n        \u001b[33mtitle\u001b[39m=\u001b[32m\"Anasayfa\"\u001b[39m\n      \u001b[36m>\u001b[39m\n        \u001b[36m<span\u001b[39m\n          \u001b[33mclass\u001b[39m=\u001b[32m\"text-white text-xl\"\u001b[39m\n        \u001b[36m>\u001b[39m\n          \u001b[0m🏠\u001b[0m\n        \u001b[36m</span>\u001b[39m\n      \u001b[36m</a>\u001b[39m\n    \u001b[36m</div>\u001b[39m\n  \u001b[36m</div>\u001b[39m\n\u001b[36m</body>\u001b[39m\n    at Object.getElementError (C:\\Verbfy\\verbfy-app\\node_modules\\@testing-library\\dom\\dist\\config.js:37:19)\n    at C:\\Verbfy\\verbfy-app\\node_modules\\@testing-library\\dom\\dist\\query-helpers.js:76:38\n    at C:\\Verbfy\\verbfy-app\\node_modules\\@testing-library\\dom\\dist\\query-helpers.js:52:17\n    at C:\\Verbfy\\verbfy-app\\node_modules\\@testing-library\\dom\\dist\\query-helpers.js:95:19\n    at Object.getByRole (C:\\Verbfy\\verbfy-app\\src\\__tests__\\integration\\auth-flow.test.tsx:108:32)\n    at Promise.finally.completed (C:\\Verbfy\\verbfy-app\\node_modules\\jest\\node_modules\\jest-circus\\build\\jestAdapterInit.js:1559:28)\n    at new Promise (<anonymous>)\n    at callAsyncCircusFn (C:\\Verbfy\\verbfy-app\\node_modules\\jest\\node_modules\\jest-circus\\build\\jestAdapterInit.js:1499:10)\n    at _callCircusTest (C:\\Verbfy\\verbfy-app\\node_modules\\jest\\node_modules\\jest-circus\\build\\jestAdapterInit.js:1009:40)\n    at _runTest (C:\\Verbfy\\verbfy-app\\node_modules\\jest\\node_modules\\jest-circus\\build\\jestAdapterInit.js:949:3)\n    at _runTestsForDescribeBlock (C:\\Verbfy\\verbfy-app\\node_modules\\jest\\node_modules\\jest-circus\\build\\jestAdapterInit.js:839:13)\n    at _runTestsForDescribeBlock (C:\\Verbfy\\verbfy-app\\node_modules\\jest\\node_modules\\jest-circus\\build\\jestAdapterInit.js:829:11)\n    at run (C:\\Verbfy\\verbfy-app\\node_modules\\jest\\node_modules\\jest-circus\\build\\jestAdapterInit.js:757:3)\n    at runAndTransformResultsToJestFormat (C:\\Verbfy\\verbfy-app\\node_modules\\jest\\node_modules\\jest-circus\\build\\jestAdapterInit.js:1920:21)\n    at jestAdapter (C:\\Verbfy\\verbfy-app\\node_modules\\jest\\node_modules\\jest-circus\\build\\runner.js:101:19)\n    at runTestInternal (C:\\Verbfy\\verbfy-app\\node_modules\\jest-runner\\build\\index.js:275:16)\n    at runTest (C:\\Verbfy\\verbfy-app\\node_modules\\jest-runner\\build\\index.js:343:7)"],"fullName":"Authentication Flow Integration should handle login errors gracefully","invocations":1,"location":null,"numPassingAsserts":0,"retryReasons":[],"startAt":1759641776543,"status":"failed","title":"should handle login errors gracefully"},{"ancestorTitles":["Authentication Flow Integration"],"duration":84,"failing":false,"failureDetails":[{"name":"TestingLibraryElementError"}],"failureMessages":["TestingLibraryElementError: Unable to find an accessible element with the role \"button\" and name `/login/i`\n\nHere are the accessible roles:\n\n  button:\n\n  Name \"Toggle language\":\n  \u001b[36m<button\u001b[39m\n    \u001b[33maria-label\u001b[39m=\u001b[32m\"Toggle language\"\u001b[39m\n    \u001b[33mclass\u001b[39m=\u001b[32m\"px-2 py-1 text-xs rounded-md border border-gray-300 text-gray-700 hover:bg-gray-50\"\u001b[39m\n    \u001b[33mtitle\u001b[39m=\u001b[32m\"Türkçe\"\u001b[39m\n  \u001b[36m/>\u001b[39m\n\n  Name \"\":\n  \u001b[36m<button\u001b[39m\n    \u001b[33mclass\u001b[39m=\u001b[32m\"absolute inset-y-0 right-0 pr-3 flex items-center\"\u001b[39m\n    \u001b[33mtype\u001b[39m=\u001b[32m\"button\"\u001b[39m\n  \u001b[36m/>\u001b[39m\n\n  Name \"Sign in\":\n  \u001b[36m<button\u001b[39m\n    \u001b[33mclass\u001b[39m=\u001b[32m\"group relative w-full flex justify-center py-2.5 sm:py-3 px-4 border border-transparent text-sm sm:text-base font-semibold rounded-xl text-white bg-gradient-to-r from-blue-600 to-purple-600 hover:from-blue-700 hover:to-purple-700 focus:outline-none focus:ring-2 focus:ring-offset-2 focus:ring-blue-500 disabled:opacity-50 disabled:cursor-not-allowed transform hover:scale-[1.02] transition-all duration-200 shadow-lg hover:shadow-xl\"\u001b[39m\n    \u001b[33mtype\u001b[39m=\u001b[32m\"submit\"\u001b[39m\n  \u001b[36m/>\u001b[39m\n\n  Name \"Sign in with Google\":\n  \u001b[36m<button\u001b[39m\n    \u001b[33mclass\u001b[39m=\u001b[32m\"w-full inline-flex justify-center py-2.5 sm:py-3 px-4 border border-gray-300 rounded-xl shadow-sm bg-white text-sm font-medium text-gray-700 hover:bg-gray-50 focus:outline-none focus:ring-2 focus:ring-offset-2 focus:ring-blue-500 transition-all duration-200 transform hover:scale-[1.02]\"\u001b[39m\n  \u001b[36m/>\u001b[39m\n\n  Name \"Sign in with Outlook\":\n  \u001b[36m<button\u001b[39m\n    \u001b[33mclass\u001b[39m=\u001b[32m\"w-full inline-flex justify-center py-2.5 sm:py-3 px-4 border border-gray-300 rounded-xl shadow-sm bg-white text-sm font-medium text-gray-700 hover:bg-gray-50 focus:outline-none focus:ring-2 focus:ring-offset-2 focus:ring-blue-500 transition-all duration-200 transform hover:scale-[1.02]\"\u001b[39m\n  \u001b[36m/>\u001b[39m\n\n  Name \"Sign in with Apple\":\n  \u001b[36m<button\u001b[39m\n    \u001b[33mclass\u001b[39m=\u001b[32m\"w-full inline-flex justify-center py-2.5 sm:py-3 px-4 border border-gray-300 rounded-xl shadow-sm bg-white text-sm font-medium text-gray-700 hover:bg-gray-50 focus:outline-none focus:ring-2 focus:ring-offset-2 focus:ring-blue-500 transition-all duration-200 transform hover:scale-[1.02]\"\u001b[39m\n  \u001b[36m/>\u001b[39m\n\n  --------------------------------------------------\n  link:\n\n  Name \"Verbfy Home\":\n  \u001b[36m<a\u001b[39m\n    \u001b[33maria-label\u001b[39m=\u001b[32m\"Verbfy Home\"\u001b[39m\n    \u001b[33mclass\u001b[39m=\u001b[32m\"flex items-center justify-center \"\u001b[39m\n    \u001b[33mhref\u001b[39m=\u001b[32m\"/\"\u001b[39m\n  \u001b[36m/>\u001b[39m\n\n  Name \"Forgot your password?\":\n  \u001b[36m<a\u001b[39m\n    \u001b[33mclass\u001b[39m=\u001b[32m\"text-sm font-medium text-blue-600 hover:text-blue-500 transition-colors duration-200 hover:underline\"\u001b[39m\n    \u001b[33mhref\u001b[39m=\u001b[32m\"/forgot-password\"\u001b[39m\n  \u001b[36m/>\u001b[39m\n\n  Name \"Join Now\":\n  \u001b[36m<a\u001b[39m\n    \u001b[33mclass\u001b[39m=\u001b[32m\"font-semibold text-blue-600 hover:text-blue-500 transition-colors duration-200 hover:underline\"\u001b[39m\n    \u001b[33mhref\u001b[39m=\u001b[32m\"/register\"\u001b[39m\n  \u001b[36m/>\u001b[39m\n\n  Name \"Privacy Policy\":\n  \u001b[36m<a\u001b[39m\n    \u001b[33mclass\u001b[39m=\u001b[32m\"hover:text-gray-700 transition-colors\"\u001b[39m\n    \u001b[33mhref\u001b[39m=\u001b[32m\"/privacy\"\u001b[39m\n  \u001b[36m/>\u001b[39m\n\n  Name \"Terms of Service\":\n  \u001b[36m<a\u001b[39m\n    \u001b[33mclass\u001b[39m=\u001b[32m\"hover:text-gray-700 transition-colors\"\u001b[39m\n    \u001b[33mhref\u001b[39m=\u001b[32m\"/terms\"\u001b[39m\n  \u001b[36m/>\u001b[39m\n\n  Name \"Help Center\":\n  \u001b[36m<a\u001b[39m\n    \u001b[33mclass\u001b[39m=\u001b[32m\"hover:text-gray-700 transition-colors\"\u001b[39m\n    \u001b[33mhref\u001b[39m=\u001b[32m\"/help\"\u001b[39m\n  \u001b[36m/>\u001b[39m\n\n  Name \"Anasayfa\":\n  \u001b[36m<a\u001b[39m\n    \u001b[33mclass\u001b[39m=\u001b[32m\"hidden lg:flex items-center px-3 py-2 text-sm font-medium text-gray-700 rounded-lg hover:bg-gray-100 hover:text-gray-900 transition-all duration-200 \"\u001b[39m\n    \u001b[33mhref\u001b[39m=\u001b[32m\"/\"\u001b[39m\n    \u001b[33mtitle\u001b[39m=\u001b[32m\"Anasayfa\"\u001b[39m\n  \u001b[36m/>\u001b[39m\n\n  Name \"🏠\":\n  \u001b[36m<a\u001b[39m\n    \u001b[33mclass\u001b[39m=\u001b[32m\"lg:hidden fixed bottom-6 right-6 z-50 w-14 h-14 bg-gradient-to-r from-blue-500 to-purple-600 rounded-full flex items-center justify-center shadow-lg hover:shadow-xl transform hover:scale-105 transition-all duration-200\"\u001b[39m\n    \u001b[33mhref\u001b[39m=\u001b[32m\"/\"\u001b[39m\n    \u001b[33mtitle\u001b[39m=\u001b[32m\"Anasayfa\"\u001b[39m\n  \u001b[36m/>\u001b[39m\n\n  --------------------------------------------------\n  img:\n\n  Name \"Verbfy logo\":\n  \u001b[36m<img\u001b[39m\n    \u001b[33malt\u001b[39m=\u001b[32m\"Verbfy logo\"\u001b[39m\n    \u001b[33mclass\u001b[39m=\u001b[32m\"mx-auto\"\u001b[39m\n    \u001b[33mheight\u001b[39m=\u001b[32m\"88\"\u001b[39m\n    \u001b[33msrc\u001b[39m=\u001b[32m\"/logo.png\"\u001b[39m\n    \u001b[33mwidth\u001b[39m=\u001b[32m\"88\"\u001b[39m\n  \u001b[36m/>\u001b[39m\n\n  --------------------------------------------------\n  paragraph:\n\n  Name \"\":\n  \u001b[36m<p\u001b[39m\n    \u001b[33mclass\u001b[39m=\u001b[32m\"text-xs text-blue-600 font-semibold mb-1\"\u001b[39m\n  \u001b[36m/>\u001b[39m\n\n  Name \"\":\n  \u001b[36m<p\u001b[39m\n    \u001b[33mclass\u001b[39m=\u001b[32m\"text-gray-600 text-base sm:text-lg\"\u001b[39m\n  \u001b[36m/>\u001b[39m\n\n  Name \"\":\n  \u001b[36m<p\u001b[39m\n    \u001b[33mclass\u001b[39m=\u001b[32m\"text-gray-600 text-sm sm:text-base\"\u001b[39m\n  \u001b[36m/>\u001b[39m\n\n  Name \"\":\n  \u001b[36m<p\u001b[39m\n    \u001b[33mclass\u001b[39m=\u001b[32m\"text-gray-600 text-sm sm:text-base\"\u001b[39m\n  \u001b[36m/>\u001b[39m\n\n  Name \"\":\n  \u001b[36m<p\u001b[39m\n    \u001b[33mclass\u001b[39m=\u001b[32m\"text-xs text-gray-400\"\u001b[39m\n  \u001b[36m/>\u001b[39m\n\n  --------------------------------------------------\n  heading:\n\n  Name \"Sign in\":\n  \u001b[36m<h2\u001b[39m\n    \u001b[33mclass\u001b[39m=\u001b[32m\"text-xl sm:text-2xl font-bold text-gray-900 mb-2\"\u001b[39m\n  \u001b[36m/>\u001b[39m\n\n  --------------------------------------------------\n  textbox:\n\n  Name \"Email\":\n  \u001b[36m<input\u001b[39m\n    \u001b[33mautocomplete\u001b[39m=\u001b[32m\"email\"\u001b[39m\n    \u001b[33mclass\u001b[39m=\u001b[32m\"w-full px-3 sm:px-4 py-2.5 sm:py-3 border border-gray-300 rounded-xl focus:ring-2 focus:ring-blue-500 focus:border-transparent transition-all duration-200 placeholder-gray-400 text-gray-900 bg-white/50 backdrop-blur-sm text-sm sm:text-base\"\u001b[39m\n    \u001b[33mid\u001b[39m=\u001b[32m\"email\"\u001b[39m\n    \u001b[33mname\u001b[39m=\u001b[32m\"email\"\u001b[39m\n    \u001b[33mplaceholder\u001b[39m=\u001b[32m\"Enter your email\"\u001b[39m\n    \u001b[33mrequired\u001b[39m=\u001b[32m\"\"\u001b[39m\n    \u001b[33mtype\u001b[39m=\u001b[32m\"email\"\u001b[39m\n    \u001b[33mvalue\u001b[39m=\u001b[32m\"\"\u001b[39m\n  \u001b[36m/>\u001b[39m\n\n  --------------------------------------------------\n  checkbox:\n\n  Name \"Remember me\":\n  \u001b[36m<input\u001b[39m\n    \u001b[33mclass\u001b[39m=\u001b[32m\"h-4 w-4 text-blue-600 focus:ring-blue-500 border-gray-300 rounded\"\u001b[39m\n    \u001b[33mid\u001b[39m=\u001b[32m\"remember-me\"\u001b[39m\n    \u001b[33mname\u001b[39m=\u001b[32m\"remember-me\"\u001b[39m\n    \u001b[33mtype\u001b[39m=\u001b[32m\"checkbox\"\u001b[39m\n  \u001b[36m/>\u001b[39m\n\n  --------------------------------------------------\n\nIgnored nodes: comments, script, style\n\u001b[36m<body>\u001b[39m\n  \u001b[36m<div>\u001b[39m\n    \u001b[36m<div\u001b[39m\n      \u001b[33mclass\u001b[39m=\u001b[32m\"min-h-screen flex items-center justify-center bg-gradient-to-br from-blue-50 via-indigo-50 to-purple-50 py-4 sm:py-8 px-4 sm:px-6 lg:px-8 relative overflow-hidden\"\u001b[39m\n    \u001b[36m>\u001b[39m\n      \u001b[36m<div\u001b[39m\n        \u001b[33mclass\u001b[39m=\u001b[32m\"absolute top-4 right-4 z-10\"\u001b[39m\n      \u001b[36m>\u001b[39m\n        \u001b[36m<button\u001b[39m\n          \u001b[33maria-label\u001b[39m=\u001b[32m\"Toggle language\"\u001b[39m\n          \u001b[33mclass\u001b[39m=\u001b[32m\"px-2 py-1 text-xs rounded-md border border-gray-300 text-gray-700 hover:bg-gray-50\"\u001b[39m\n          \u001b[33mtitle\u001b[39m=\u001b[32m\"Türkçe\"\u001b[39m\n        \u001b[36m>\u001b[39m\n          \u001b[0mTR\u001b[0m\n        \u001b[36m</button>\u001b[39m\n      \u001b[36m</div>\u001b[39m\n      \u001b[36m<div\u001b[39m\n        \u001b[33mclass\u001b[39m=\u001b[32m\"absolute inset-0 overflow-hidden\"\u001b[39m\n      \u001b[36m>\u001b[39m\n        \u001b[36m<div\u001b[39m\n          \u001b[33mclass\u001b[39m=\u001b[32m\"absolute -top-40 -right-40 w-60 h-60 sm:w-80 sm:h-80 bg-gradient-to-br from-blue-400/20 to-purple-400/20 rounded-full blur-3xl animate-pulse\"\u001b[39m\n        \u001b[36m/>\u001b[39m\n        \u001b[36m<div\u001b[39m\n          \u001b[33mclass\u001b[39m=\u001b[32m\"absolute -bottom-40 -left-40 w-60 h-60 sm:w-80 sm:h-80 bg-gradient-to-tr from-indigo-400/20 to-pink-400/20 rounded-full blur-3xl animate-pulse delay-1000\"\u001b[39m\n        \u001b[36m/>\u001b[39m\n      \u001b[36m</div>\u001b[39m\n      \u001b[36m<div\u001b[39m\n        \u001b[33mclass\u001b[39m=\u001b[32m\"relative w-full max-w-sm sm:max-w-md space-y-6 sm:space-y-8\"\u001b[39m\n      \u001b[36m>\u001b[39m\n        \u001b[36m<div\u001b[39m\n          \u001b[33mclass\u001b[39m=\u001b[32m\"text-center\"\u001b[39m\n        \u001b[36m>\u001b[39m\n          \u001b[36m<div\u001b[39m\n            \u001b[33mclass\u001b[39m=\u001b[32m\"flex justify-center mb-4 sm:mb-6\"\u001b[39m\n          \u001b[36m>\u001b[39m\n            \u001b[36m<a\u001b[39m\n              \u001b[33maria-label\u001b[39m=\u001b[32m\"Verbfy Home\"\u001b[39m\n              \u001b[33mclass\u001b[39m=\u001b[32m\"flex items-center justify-center \"\u001b[39m\n              \u001b[33mhref\u001b[39m=\u001b[32m\"/\"\u001b[39m\n            \u001b[36m>\u001b[39m\n              \u001b[36m<img\u001b[39m\n                \u001b[33malt\u001b[39m=\u001b[32m\"Verbfy logo\"\u001b[39m\n                \u001b[33mclass\u001b[39m=\u001b[32m\"mx-auto\"\u001b[39m\n                \u001b[33mheight\u001b[39m=\u001b[32m\"88\"\u001b[39m\n                \u001b[33msrc\u001b[39m=\u001b[32m\"/logo.png\"\u001b[39m\n                \u001b[33mwidth\u001b[39m=\u001b[32m\"88\"\u001b[39m\n              \u001b[36m/>\u001b[39m\n            \u001b[36m</a>\u001b[39m\n          \u001b[36m</div>\u001b[39m\n          \u001b[36m<p\u001b[39m\n            \u001b[33mclass\u001b[39m=\u001b[32m\"text-xs text-blue-600 font-semibold mb-1\"\u001b[39m\n          \u001b[36m>\u001b[39m\n            \u001b[0mVerbing Up Your Language Skills!\u001b[0m\n          \u001b[36m</p>\u001b[39m\n          \u001b[36m<p\u001b[39m\n            \u001b[33mclass\u001b[39m=\u001b[32m\"text-gray-600 text-base sm:text-lg\"\u001b[39m\n          \u001b[36m>\u001b[39m\n            \u001b[0mWelcome back to your learning journey\u001b[0m\n          \u001b[36m</p>\u001b[39m\n        \u001b[36m</div>\u001b[39m\n        \u001b[36m<div\u001b[39m\n          \u001b[33mclass\u001b[39m=\u001b[32m\"bg-white/80 backdrop-blur-sm rounded-2xl shadow-xl border border-white/20 p-6 sm:p-8 space-y-6\"\u001b[39m\n        \u001b[36m>\u001b[39m\n          \u001b[36m<div\u001b[39m\n            \u001b[33mclass\u001b[39m=\u001b[32m\"text-center\"\u001b[39m\n          \u001b[36m>\u001b[39m\n            \u001b[36m<h2\u001b[39m\n              \u001b[33mclass\u001b[39m=\u001b[32m\"text-xl sm:text-2xl font-bold text-gray-900 mb-2\"\u001b[39m\n            \u001b[36m>\u001b[39m\n              \u001b[0mSign in\u001b[0m\n            \u001b[36m</h2>\u001b[39m\n            \u001b[36m<p\u001b[39m\n              \u001b[33mclass\u001b[39m=\u001b[32m\"text-gray-600 text-sm sm:text-base\"\u001b[39m\n            \u001b[36m>\u001b[39m\n              \u001b[0mContinue your English learning adventure\u001b[0m\n            \u001b[36m</p>\u001b[39m\n          \u001b[36m</div>\u001b[39m\n          \u001b[36m<form\u001b[39m\n            \u001b[33mclass\u001b[39m=\u001b[32m\"space-y-4 sm:space-y-6\"\u001b[39m\n          \u001b[36m>\u001b[39m\n            \u001b[36m<div\u001b[39m\n              \u001b[33mclass\u001b[39m=\u001b[32m\"space-y-2\"\u001b[39m\n            \u001b[36m>\u001b[39m\n              \u001b[36m<label\u001b[39m\n                \u001b[33mclass\u001b[39m=\u001b[32m\"block text-sm font-medium text-gray-700\"\u001b[39m\n                \u001b[33mfor\u001b[39m=\u001b[32m\"email\"\u001b[39m\n              \u001b[36m>\u001b[39m\n                \u001b[0mEmail\u001b[0m\n              \u001b[36m</label>\u001b[39m\n              \u001b[36m<div\u001b[39m\n                \u001b[33mclass\u001b[39m=\u001b[32m\"relative\"\u001b[39m\n              \u001b[36m>\u001b[39m\n                \u001b[36m<input\u001b[39m\n                  \u001b[33mautocomplete\u001b[39m=\u001b[32m\"email\"\u001b[39m\n                  \u001b[33mclass\u001b[39m=\u001b[32m\"w-full px-3 sm:px-4 py-2.5 sm:py-3 border border-gray-300 rounded-xl focus:ring-2 focus:ring-blue-500 focus:border-transparent transition-all duration-200 placeholder-gray-400 text-gray-900 bg-white/50 backdrop-blur-sm text-sm sm:text-base\"\u001b[39m\n                  \u001b[33mid\u001b[39m=\u001b[32m\"email\"\u001b[39m\n                  \u001b[33mname\u001b[39m=\u001b[32m\"email\"\u001b[39m\n                  \u001b[33mplaceholder\u001b[39m=\u001b[32m\"Enter your email\"\u001b[39m\n                  \u001b[33mrequired\u001b[39m=\u001b[32m\"\"\u001b[39m\n                  \u001b[33mtype\u001b[39m=\u001b[32m\"email\"\u001b[39m\n                  \u001b[33mvalue\u001b[39m=\u001b[32m\"\"\u001b[39m\n                \u001b[36m/>\u001b[39m\n                \u001b[36m<div\u001b[39m\n                  \u001b[33mclass\u001b[39m=\u001b[32m\"absolute inset-y-0 right-0 pr-3 flex items-center\"\u001b[39m\n                \u001b[36m>\u001b[39m\n                  \u001b[36m<i\u001b[39m\n                    \u001b[33mclass\u001b[39m=\u001b[32m\"fas fa-envelope text-gray-400\"\u001b[39m\n                  \u001b[36m/>\u001b[39m\n                \u001b[36m</div>\u001b[39m\n              \u001b[36m</div>\u001b[39m\n            \u001b[36m</div>\u001b[39m\n            \u001b[36m<div\u001b[39m\n              \u001b[33mclass\u001b[39m=\u001b[32m\"space-y-2\"\u001b[39m\n            \u001b[36m>\u001b[39m\n              \u001b[36m<label\u001b[39m\n                \u001b[33mclass\u001b[39m=\u001b[32m\"block text-sm font-medium text-gray-700\"\u001b[39m\n                \u001b[33mfor\u001b[39m=\u001b[32m\"password\"\u001b[39m\n              \u001b[36m>\u001b[39m\n                \u001b[0mPassword\u001b[0m\n              \u001b[36m</label>\u001b[39m\n              \u001b[36m<div\u001b[39m\n                \u001b[33mclass\u001b[39m=\u001b[32m\"relative\"\u001b[39m\n              \u001b[36m>\u001b[39m\n                \u001b[36m<input\u001b[39m\n                  \u001b[33mautocomplete\u001b[39m=\u001b[32m\"current-password\"\u001b[39m\n                  \u001b[33mclass\u001b[39m=\u001b[32m\"w-full px-3 sm:px-4 py-2.5 sm:py-3 pr-12 border border-gray-300 rounded-xl focus:ring-2 focus:ring-blue-500 focus:border-transparent transition-all duration-200 placeholder-gray-400 text-gray-900 bg-white/50 backdrop-blur-sm text-sm sm:text-base\"\u001b[39m\n                  \u001b[33mid\u001b[39m=\u001b[32m\"password\"\u001b[39m\n                  \u001b[33mname\u001b[39m=\u001b[32m\"password\"\u001b[39m\n                  \u001b[33mplaceholder\u001b[39m=\u001b[32m\"Enter your password\"\u001b[39m\n                  \u001b[33mrequired\u001b[39m=\u001b[32m\"\"\u001b[39m\n                  \u001b[33mtype\u001b[39m=\u001b[32m\"password\"\u001b[39m\n                  \u001b[33mvalue\u001b[39m=\u001b[32m\"\"\u001b[39m\n                \u001b[36m/>\u001b[39m\n                \u001b[36m<button\u001b[39m\n                  \u001b[33mclass\u001b[39m=\u001b[32m\"absolute inset-y-0 right-0 pr-3 flex items-center\"\u001b[39m\n                  \u001b[33mtype\u001b[39m=\u001b[32m\"button\"\u001b[39m\n                \u001b[36m>\u001b[39m\n                  \u001b[36m<i\u001b[39m\n                    \u001b[33mclass\u001b[39m=\u001b[32m\"fas fa-eye text-gray-400 hover:text-gray-600 transition-colors\"\u001b[39m\n                  \u001b[36m/>\u001b[39m\n                \u001b[36m</button>\u001b[39m\n              \u001b[36m</div>\u001b[39m\n            \u001b[36m</div>\u001b[39m\n            \u001b[36m<div\u001b[39m\n              \u001b[33mclass\u001b[39m=\u001b[32m\"flex flex-col sm:flex-row sm:items-center sm:justify-between space-y-2 sm:space-y-0\"\u001b[39m\n            \u001b[36m>\u001b[39m\n              \u001b[36m<div\u001b[39m\n                \u001b[33mclass\u001b[39m=\u001b[32m\"flex items-center\"\u001b[39m\n              \u001b[36m>\u001b[39m\n                \u001b[36m<input\u001b[39m\n                  \u001b[33mclass\u001b[39m=\u001b[32m\"h-4 w-4 text-blue-600 focus:ring-blue-500 border-gray-300 rounded\"\u001b[39m\n                  \u001b[33mid\u001b[39m=\u001b[32m\"remember-me\"\u001b[39m\n                  \u001b[33mname\u001b[39m=\u001b[32m\"remember-me\"\u001b[39m\n                  \u001b[33mtype\u001b[39m=\u001b[32m\"checkbox\"\u001b[39m\n                \u001b[36m/>\u001b[39m\n                \u001b[36m<label\u001b[39m\n                  \u001b[33mclass\u001b[39m=\u001b[32m\"ml-2 block text-sm text-gray-700\"\u001b[39m\n                  \u001b[33mfor\u001b[39m=\u001b[32m\"remember-me\"\u001b[39m\n                \u001b[36m>\u001b[39m\n                  \u001b[0mRemember me\u001b[0m\n                \u001b[36m</label>\u001b[39m\n              \u001b[36m</div>\u001b[39m\n              \u001b[36m<a\u001b[39m\n                \u001b[33mclass\u001b[39m=\u001b[32m\"text-sm font-medium text-blue-600 hover:text-blue-500 transition-colors duration-200 hover:underline\"\u001b[39m\n                \u001b[33mhref\u001b[39m=\u001b[32m\"/forgot-password\"\u001b[39m\n              \u001b[36m>\u001b[39m\n                \u001b[0mForgot your password?\u001b[0m\n              \u001b[36m</a>\u001b[39m\n            \u001b[36m</div>\u001b[39m\n            \u001b[36m<button\u001b[39m\n              \u001b[33mclass\u001b[39m=\u001b[32m\"group relative w-full flex justify-center py-2.5 sm:py-3 px-4 border border-transparent text-sm sm:text-base font-semibold rounded-xl text-white bg-gradient-to-r from-blue-600 to-purple-600 hover:from-blue-700 hover:to-purple-700 focus:outline-none focus:ring-2 focus:ring-offset-2 focus:ring-blue-500 disabled:opacity-50 disabled:cursor-not-allowed transform hover:scale-[1.02] transition-all duration-200 shadow-lg hover:shadow-xl\"\u001b[39m\n              \u001b[33mtype\u001b[39m=\u001b[32m\"submit\"\u001b[39m\n            \u001b[36m>\u001b[39m\n              \u001b[36m<i\u001b[39m\n                \u001b[33mclass\u001b[39m=\u001b[32m\"fas fa-sign-in-alt mr-2\"\u001b[39m\n              \u001b[36m/>\u001b[39m\n              \u001b[0mSign in\u001b[0m\n            \u001b[36m</button>\u001b[39m\n          \u001b[36m</form>\u001b[39m\n          \u001b[36m<div\u001b[39m\n            \u001b[33mclass\u001b[39m=\u001b[32m\"relative\"\u001b[39m\n          \u001b[36m>\u001b[39m\n            \u001b[36m<div\u001b[39m\n              \u001b[33mclass\u001b[39m=\u001b[32m\"absolute inset-0 flex items-center\"\u001b[39m\n            \u001b[36m>\u001b[39m\n              \u001b[36m<div\u001b[39m\n                \u001b[33mclass\u001b[39m=\u001b[32m\"w-full border-t border-gray-300\"\u001b[39m\n              \u001b[36m/>\u001b[39m\n            \u001b[36m</div>\u001b[39m\n            \u001b[36m<div\u001b[39m\n              \u001b[33mclass\u001b[39m=\u001b[32m\"relative flex justify-center text-sm\"\u001b[39m\n            \u001b[36m>\u001b[39m\n              \u001b[36m<span\u001b[39m\n                \u001b[33mclass\u001b[39m=\u001b[32m\"px-2 bg-white text-gray-500\"\u001b[39m\n              \u001b[36m>\u001b[39m\n                \u001b[0mOr continue with\u001b[0m\n              \u001b[36m</span>\u001b[39m\n            \u001b[36m</div>\u001b[39m\n          \u001b[36m</div>\u001b[39m\n          \u001b[36m<div\u001b[39m\n            \u001b[33mclass\u001b[39m=\u001b[32m\"grid grid-cols-1 gap-3\"\u001b[39m\n          \u001b[36m>\u001b[39m\n            \u001b[36m<button\u001b[39m\n              \u001b[33mclass\u001b[39m=\u001b[32m\"w-full inline-flex justify-center py-2.5 sm:py-3 px-4 border border-gray-300 rounded-xl shadow-sm bg-white text-sm font-medium text-gray-700 hover:bg-gray-50 focus:outline-none focus:ring-2 focus:ring-offset-2 focus:ring-blue-500 transition-all duration-200 transform hover:scale-[1.02]\"\u001b[39m\n            \u001b[36m>\u001b[39m\n              \u001b[36m<i\u001b[39m\n                \u001b[33mclass\u001b[39m=\u001b[32m\"fab fa-google text-red-500 mr-3\"\u001b[39m\n              \u001b[36m/>\u001b[39m\n              \u001b[0mSign in with Google\u001b[0m\n            \u001b[36m</button>\u001b[39m\n            \u001b[36m<button\u001b[39m\n              \u001b[33mclass\u001b[39m=\u001b[32m\"w-full inline-flex justify-center py-2.5 sm:py-3 px-4 border border-gray-300 rounded-xl shadow-sm bg-white text-sm font-medium text-gray-700 hover:bg-gray-50 focus:outline-none focus:ring-2 focus:ring-offset-2 focus:ring-blue-500 transition-all duration-200 transform hover:scale-[1.02]\"\u001b[39m\n            \u001b[36m>\u001b[39m\n              \u001b[36m<i\u001b[39m\n                \u001b[33mclass\u001b[39m=\u001b[32m\"fas fa-envelope text-blue-500 mr-3\"\u001b[39m\n              \u001b[36m/>\u001b[39m\n              \u001b[0mSign in with Outlook\u001b[0m\n            \u001b[36m</button>\u001b[39m\n            \u001b[36m<button\u001b[39m\n              \u001b[33mclass\u001b[39m=\u001b[32m\"w-full inline-flex justify-center py-2.5 sm:py-3 px-4 border border-gray-300 rounded-xl shadow-sm bg-white text-sm font-medium text-gray-700 hover:bg-gray-50 focus:outline-none focus:ring-2 focus:ring-offset-2 focus:ring-blue-500 transition-all duration-200 transform hover:scale-[1.02]\"\u001b[39m\n            \u001b[36m>\u001b[39m\n              \u001b[36m<i\u001b[39m\n                \u001b[33mclass\u001b[39m=\u001b[32m\"fab fa-apple text-gray-900 mr-3\"\u001b[39m\n              \u001b[36m/>\u001b[39m\n              \u001b[0mSign in with Apple\u001b[0m\n            \u001b[36m</button>\u001b[39m\n          \u001b[36m</div>\u001b[39m\n        \u001b[36m</div>\u001b[39m\n        \u001b[36m<div\u001b[39m\n          \u001b[33mclass\u001b[39m=\u001b[32m\"text-center\"\u001b[39m\n        \u001b[36m>\u001b[39m\n          \u001b[36m<p\u001b[39m\n            \u001b[33mclass\u001b[39m=\u001b[32m\"text-gray-600 text-sm sm:text-base\"\u001b[39m\n          \u001b[36m>\u001b[39m\n            \u001b[0mNew to Verbfy?\u001b[0m\n            \u001b[0m \u001b[0m\n            \u001b[36m<a\u001b[39m\n              \u001b[33mclass\u001b[39m=\u001b[32m\"font-semibold text-blue-600 hover:text-blue-500 transition-colors duration-200 hover:underline\"\u001b[39m\n              \u001b[33mhref\u001b[39m=\u001b[32m\"/register\"\u001b[39m\n            \u001b[36m>\u001b[39m\n              \u001b[0mJoin Now\u001b[0m\n            \u001b[36m</a>\u001b[39m\n          \u001b[36m</p>\u001b[39m\n        \u001b[36m</div>\u001b[39m\n        \u001b[36m<div\u001b[39m\n          \u001b[33mclass\u001b[39m=\u001b[32m\"text-center space-y-2\"\u001b[39m\n        \u001b[36m>\u001b[39m\n          \u001b[36m<div\u001b[39m\n            \u001b[33mclass\u001b[39m=\u001b[32m\"flex flex-col sm:flex-row justify-center space-y-2 sm:space-y-0 sm:space-x-4 text-sm text-gray-500\"\u001b[39m\n          \u001b[36m>\u001b[39m\n            \u001b[36m<a\u001b[39m\n              \u001b[33mclass\u001b[39m=\u001b[32m\"hover:text-gray-700 transition-colors\"\u001b[39m\n              \u001b[33mhref\u001b[39m=\u001b[32m\"/privacy\"\u001b[39m\n            \u001b[36m>\u001b[39m\n              \u001b[0mPrivacy Policy\u001b[0m\n            \u001b[36m</a>\u001b[39m\n            \u001b[36m<a\u001b[39m\n              \u001b[33mclass\u001b[39m=\u001b[32m\"hover:text-gray-700 transition-colors\"\u001b[39m\n              \u001b[33mhref\u001b[39m=\u001b[32m\"/terms\"\u001b[39m\n            \u001b[36m>\u001b[39m\n              \u001b[0mTerms of Service\u001b[0m\n    
[...]
3mclass\u001b[39m=\u001b[32m\"flex items-center justify-center \"\u001b[39m\n                  \u001b[33mhref\u001b[39m=\u001b[32m\"/\"\u001b[39m\n                \u001b[36m>\u001b[39m\n                  \u001b[36m<img\u001b[39m\n                    \u001b[33malt\u001b[39m=\u001b[32m\"Verbfy logo\"\u001b[39m\n                    \u001b[33mclass\u001b[39m=\u001b[32m\"mx-auto\"\u001b[39m\n                    \u001b[33mheight\u001b[39m=\u001b[32m\"88\"\u001b[39m\n                    \u001b[33msrc\u001b[39m=\u001b[32m\"/logo.png\"\u001b[39m\n                    \u001b[33mwidth\u001b[39m=\u001b[32m\"88\"\u001b[39m\n                  \u001b[36m/>\u001b[39m\n                \u001b[36m</a>\u001b[39m\n              \u001b[36m</div>\u001b[39m\n              \u001b[36m<p\u001b[39m\n                \u001b[33mclass\u001b[39m=\u001b[32m\"text-xs text-blue-600 font-semibold mb-1\"\u001b[39m\n              \u001b[36m>\u001b[39m\n                \u001b[0mVerbing Up Your Language Skills!\u001b[0m\n              \u001b[36m</p>\u001b[39m\n              \u001b[36m<p\u001b[39m\n                \u001b[33mclass\u001b[39m=\u001b[32m\"text-gray-600 text-base sm:text-lg\"\u001b[39m\n              \u001b[36m>\u001b[39m\n                \u001b[0mWelcome back to your learning journey\u001b[0m\n              \u001b[36m</p>\u001b[39m\n            \u001b[36m</div>\u001b[39m\n            \u001b[36m<div\u001b[39m\n              \u001b[33mclass\u001b[39m=\u001b[32m\"bg-white/80 backdrop-blur-sm rounded-2xl shadow-xl border border-white/20 p-6 sm:p-8 space-y-6\"\u001b[39m\n            \u001b[36m>\u001b[39m\n              \u001b[36m<div\u001b[39m\n                \u001b[33mclass\u001b[39m=\u001b[32m\"text-center\"\u001b[39m\n              \u001b[36m>\u001b[39m\n                \u001b[36m<h2\u001b[39m\n                  \u001b[33mclass\u001b[39m=\u001b[32m\"text-xl sm:text-2xl font-bold text-gray-900 mb-2\"\u001b[39m\n                \u001b[36m>\u001b[39m\n                  \u001b[0mSign in\u001b[0m\n                \u001b[36m</h2>\u001b[39m\n                \u001b[36m<p\u001b[39m\n                  \u001b[33mclass\u001b[39m=\u001b[32m\"text-gray-600 text-sm sm:text-base\"\u001b[39m\n                \u001b[36m>\u001b[39m\n                  \u001b[0mContinue your English learning adventure\u001b[0m\n                \u001b[36m</p>\u001b[39m\n              \u001b[36m</div>\u001b[39m\n              \u001b[36m<form\u001b[39m\n                \u001b[33mclass\u001b[39m=\u001b[32m\"space-y-4 sm:space-y-6\"\u001b[39m\n              \u001b[36m>\u001b[39m\n                \u001b[36m<div\u001b[39m\n                  \u001b[33mclass\u001b[39m=\u001b[32m\"space-y-2\"\u001b[39m\n                \u001b[36m>\u001b[39m\n                  \u001b[36m<label\u001b[39m\n                    \u001b[33mclass\u001b[39m=\u001b[32m\"block text-sm font-medium text-gray-700\"\u001b[39m\n                    \u001b[33mfor\u001b[39m=\u001b[32m\"email\"\u001b[39m\n                  \u001b[36m>\u001b[39m\n                    \u001b[0mEmail\u001b[0m\n                  \u001b[36m</label>\u001b[39m\n                  \u001b[36m<div\u001b[39m\n                    \u001b[33mclass\u001b[39m=\u001b[32m\"relative\"\u001b[39m\n                  \u001b[36m>\u001b[39m\n                    \u001b[36m<input\u001b[39m\n                      \u001b[33mautocomplete\u001b[39m=\u001b[32m\"email\"\u001b[39m\n                      \u001b[33mclass\u001b[39m=\u001b[32m\"w-full px-3 sm:px-4 py-2.5 sm:py-3 border border-gray-300 rounded-xl focus:ring-2 focus:ring-blue-500 focus:border-transparent transition-all duration-200 placeholder-gray-400 text-gray-900 bg-white/50 backdrop-blur-sm text-sm sm:text-base\"\u001b[39m\n                      \u001b[33mid\u001b[39m=\u001b[32m\"email\"\u001b[39m\n                      \u001b[33mname\u001b[39m=\u001b[32m\"email\"\u001b[39m\n                      \u001b[33mplaceholder\u001b[39m=\u001b[32m\"Enter your email\"\u001b[39m\n                      \u001b[33mrequired\u001b[39m=\u001b[32m\"\"\u001b[39m\n                      \u001b[33mtype\u001b[39m=\u001b[32m\"email\"\u001b[39m\n                      \u001b[33mvalue\u001b[39m=\u001b[32m\"\"\u001b[39m\n                    \u001b[36m/>\u001b[39m\n                    \u001b[36m<div\u001b[39m\n                      \u001b[33mclass\u001b[39m=\u001b[32m\"absolute inset-y-0 right-0 pr-3 flex items-center\"\u001b[39m\n                    \u001b[36m>\u001b[39m\n                      \u001b[36m<i\u001b[39m\n                        \u001b[33mclass\u001b[39m=\u001b[32m\"fas fa-envelope text-gray-400\"\u001b[39m\n                      \u001b[36m/>\u001b[39m\n                    \u001b[36m</div>\u001b[39m\n                  \u001b[36m</div>\u001b[39m\n                \u001b[36m</div>\u001b[39m\n                \u001b[36m<div\u001b[39m\n                  \u001b[33mclass\u001b[39m=\u001b[32m\"space-y-2\"\u001b[39m\n                \u001b[36m>\u001b[39m\n                  \u001b[36m<label\u001b[39m\n                    \u001b[33mclass\u001b[39m=\u001b[32m\"block text-sm font-medium text-gray-700\"\u001b[39m\n                    \u001b[33mfor\u001b[39m=\u001b[32m\"password\"\u001b[39m\n                  \u001b[36m>\u001b[39m\n                    \u001b[0mPassword\u001b[0m\n                  \u001b[36m</label>\u001b[39m\n                  \u001b[36m<div\u001b[39m\n                    \u001b[33mclass\u001b[39m=\u001b[32m\"relative\"\u001b[39m\n                  \u001b[36m>\u001b[39m\n                    \u001b[36m<input\u001b[39m\n                      \u001b[33mautocomplete\u001b[39m=\u001b[32m\"current-password\"\u001b[39m\n                      \u001b[33mclass\u001b[39m=\u001b[32m\"w-full px-3 sm:px-4 py-2.5 sm:py-3 pr-12 border border-gray-300 rounded-xl focus:ring-2 focus:ring-blue-500 focus:border-transparent transition-all duration-200 placeholder-gray-400 text-gray-900 bg-white/50 backdrop-blur-sm text-sm sm:text-base\"\u001b[39m\n                      \u001b[33mid\u001b[39m=\u001b[32m\"password\"\u001b[39m\n                      \u001b[33mname\u001b[39m=\u001b[32m\"password\"\u001b[39m\n                      \u001b[33mplaceholder\u001b[39m=\u001b[32m\"Enter your password\"\u001b[39m\n                      \u001b[33mrequired\u001b[39m=\u001b[32m\"\"\u001b[39m\n                      \u001b[33mtype\u001b[39m=\u001b[32m\"password\"\u001b[39m\n                      \u001b[33mvalue\u001b[39m=\u001b[32m\"\"\u001b[39m\n                    \u001b[36m/>\u001b[39m\n                    \u001b[36m<button\u001b[39m\n                      \u001b[33mclass\u001b[39m=\u001b[32m\"absolute inset-y-0 right-0 pr-3 flex items-center\"\u001b[39m\n                      \u001b[33mtype\u001b[39m=\u001b[32m\"button\"\u001b[39m\n                    \u001b[36m>\u001b[39m\n                      \u001b[36m<i\u001b[39m\n                        \u001b[33mclass\u001b[39m=\u001b[32m\"fas fa-eye text-gray-400 hover:text-gray-600 transition-colors\"\u001b[39m\n                      \u001b[36m/>\u001b[39m\n                    \u001b[36m</button>\u001b[39m\n                  \u001b[36m</div>\u001b[39m\n                \u001b[36m</div>\u001b[39m\n                \u001b[36m<div\u001b[39m\n                  \u001b[33mclass\u001b[39m=\u001b[32m\"flex flex-col sm:flex-row sm:items-center sm:justify-between space-y-2 sm:space-y-0\"\u001b[39m\n                \u001b[36m>\u001b[39m\n                  \u001b[36m<div\u001b[39m\n                    \u001b[33mclass\u001b[39m=\u001b[32m\"flex items-center\"\u001b[39m\n                  \u001b[36m>\u001b[39m\n                    \u001b[36m<input\u001b[39m\n                      \u001b[33mclass\u001b[39m=\u001b[32m\"h-4 w-4 text-blue-600 focus:ring-blue-500 border-gray-300 rounded\"\u001b[39m\n                      \u001b[33mid\u001b[39m=\u001b[32m\"remember-me\"\u001b[39m\n                      \u001b[33mname\u001b[39m=\u001b[32m\"remember-me\"\u001b[39m\n                      \u001b[33mtype\u001b[39m=\u001b[32m\"checkbox\"\u001b[39m\n                    \u001b[36m/>\u001b[39m\n                    \u001b[36m<label\u001b[39m\n                      \u001b[33mclass\u001b[39m=\u001b[32m\"ml-2 block text-sm text-gray-700\"\u001b[39m\n                      \u001b[33mfor\u001b[39m=\u001b[32m\"remember-me\"\u001b[39m\n                    \u001b[36m>\u001b[39m\n                      \u001b[0mRemember me\u001b[0m\n                    \u001b[36m</label>\u001b[39m\n                  \u001b[36m</div>\u001b[39m\n                  \u001b[36m<a\u001b[39m\n                    \u001b[33mclass\u001b[39m=\u001b[32m\"text-sm font-medium text-blue-600 hover:text-blue-500 transition-colors duration-200 hover:underline\"\u001b[39m\n                    \u001b[33mhref\u001b[39m=\u001b[32m\"/forgot-password\"\u001b[39m\n                  \u001b[36m>\u001b[39m\n                    \u001b[0mForgot your password?\u001b[0m\n                  \u001b[36m</a>\u001b[39m\n                \u001b[36m</div>\u001b[39m\n                \u001b[36m<button\u001b[39m\n                  \u001b[33mclass\u001b[39m=\u001b[32m\"group relative w-full flex justify-center py-2.5 sm:py-3 px-4 border border-transparent text-sm sm:text-base font-semibold rounded-xl text-white bg-gradient-to-r from-blue-600 to-purple-600 hover:from-blue-700 hover:to-purple-700 focus:outline-none focus:ring-2 focus:ring-offset-2 focus:ring-blue-500 disabled:opacity-50 disabled:cursor-not-allowed transform hover:scale-[1.02] transition-all duration-200 shadow-lg hover:shadow-xl\"\u001b[39m\n                  \u001b[33mtype\u001b[39m=\u001b[32m\"submit\"\u001b[39m\n                \u001b[36m>\u001b[39m\n                  \u001b[36m<i\u001b[39m\n                    \u001b[33mclass\u001b[39m=\u001b[32m\"fas fa-sign-in-alt mr-2\"\u001b[39m\n                  \u001b[36m/>\u001b[39m\n                  \u001b[0mSign in\u001b[0m\n                \u001b[36m</button>\u001b[39m\n              \u001b[36m</form>\u001b[39m\n              \u001b[36m<div\u001b[39m\n                \u001b[33mclass\u001b[39m=\u001b[32m\"relative\"\u001b[39m\n              \u001b[36m>\u001b[39m\n                \u001b[36m<div\u001b[39m\n                  \u001b[33mclass\u001b[39m=\u001b[32m\"absolute inset-0 flex items-center\"\u001b[39m\n                \u001b[36m>\u001b[39m\n                  \u001b[36m<div\u001b[39m\n                    \u001b[33mclass\u001b[39m=\u001b[32m\"w-full border-t border-gray-300\"\u001b[39m\n                  \u001b[36m/>\u001b[39m\n                \u001b[36m</div>\u001b[39m\n                \u001b[36m<div\u001b[39m\n                  \u001b[33mclass\u001b[39m=\u001b[32m\"relative flex justify-center text-sm\"\u001b[39m\n                \u001b[36m>\u001b[39m\n                  \u001b[36m<span\u001b[39m\n                    \u001b[33mclass\u001b[39m=\u001b[32m\"px-2 bg-white text-gray-500\"\u001b[39m\n                  \u001b[36m>\u001b[39m\n                    \u001b[0mOr continue with\u001b[0m\n                  \u001b[36m</span>\u001b[39m\n                \u001b[36m</div>\u001b[39m\n              \u001b[36m</div>\u001b[39m\n              \u001b[36m<div\u001b[39m\n                \u001b[33mclass\u001b[39m=\u001b[32m\"grid grid-cols-1 gap-3\"\u001b[39m\n              \u001b[36m>\u001b[39m\n                \u001b[36m<button\u001b[39m\n                  \u001b[33mclass\u001b[39m=\u001b[32m\"w-full inline-flex justify-center py-2.5 sm:py-3 px-4 border border-gray-300 rounded-xl shadow-sm bg-white text-sm font-medium text-gray-700 hover:bg-gray-50 focus:outline-none focus:ring-2 focus:ring-offset-2 focus:ring-blue-500 transition-all duration-200 transform hover:scale-[1.02]\"\u001b[39m\n                \u001b[36m>\u001b[39m\n                  \u001b[36m<i\u001b[39m\n                    \u001b[33mclass\u001b[39m=\u001b[32m\"fab fa-google text-red-500 mr-3\"\u001b[39m\n                  \u001b[36m/>\u001b[39m\n                  \u001b[0mSign in with Google\u001b[0m\n                \u001b[36m</button>\u001b[39m\n                \u001b[36m<button\u001b[39m\n                  \u001b[33mclass\u001b[39m=\u001b[32m\"w-full inline-flex justify-center py-2.5 sm:py-3 px-4 border border-gray-300 rounded-xl shadow-sm bg-white text-sm font-medium text-gray-700 hover:bg-gray-50 focus:outline-none focus:ring-2 focus:ring-offset-2 focus:ring-blue-500 transition-all duration-200 transform hover:scale-[1.02]\"\u001b[39m\n                \u001b[36m>\u001b[39m\n                  \u001b[36m<i\u001b[39m\n                    \u001b[33mclass\u001b[39m=\u001b[32m\"fas fa-envelope text-blue-500 mr-3\"\u001b[39m\n                  \u001b[36m/>\u001b[39m\n                  \u001b[0mSign in with Outlook\u001b[0m\n                \u001b[36m</button>\u001b[39m\n                \u001b[36m<button\u001b[39m\n                  \u001b[33mclass\u001b[39m=\u001b[32m\"w-full inline-flex justify-center py-2.5 sm:py-3 px-4 border border-gray-300 rounded-xl shadow-sm bg-white text-sm font-medium text-gray-700 hover:bg-gray-50 focus:outline-none focus:ring-2 focus:ring-offset-2 focus:ring-blue-500 transition-all duration-200 transform hover:scale-[1.02]\"\u001b[39m\n                \u001b[36m>\u001b[39m\n                  \u001b[36m<i\u001b[39m\n                    \u001b[33mclass\u001b[39m=\u001b[32m\"fab fa-apple text-gray-900 mr-3\"\u001b[39m\n                  \u001b[36m/>\u001b[39m\n                  \u001b[0mSign in with Apple\u001b[0m\n                \u001b[36m</button>\u001b[39m\n              \u001b[36m</div>\u001b[39m\n            \u001b[36m</div>\u001b[39m\n            \u001b[36m<div\u001b[39m\n              \u001b[33mclass\u001b[39m=\u001b[32m\"text-center\"\u001b[39m\n            \u001b[36m>\u001b[39m\n              \u001b[36m<p\u001b[39m\n                \u001b[33mclass\u001b[39m=\u001b[32m\"text-gray-600 text-sm sm:text-base\"\u001b[39m\n              \u001b[36m>\u001b[39m\n                \u001b[0mNew to Verbfy?\u001b[0m\n                \u001b[0m \u001b[0m\n                \u001b[36m<a\u001b[39m\n                  \u001b[33mclass\u001b[39m=\u001b[32m\"font-semibold text-blue-600 hover:text-blue-500 transition-colors duration-200 hover:underline\"\u001b[39m\n                  \u001b[33mhref\u001b[39m=\u001b[32m\"/register\"\u001b[39m\n                \u001b[36m>\u001b[39m\n                  \u001b[0mJoin Now\u001b[0m\n                \u001b[36m</a>\u001b[39m\n              \u001b[36m</p>\u001b[39m\n            \u001b[36m</div>\u001b[39m\n            \u001b[36m<div\u001b[39m\n              \u001b[33mclass\u001b[39m=\u001b[32m\"text-center space-y-2\"\u001b[39m\n            \u001b[36m>\u001b[39m\n              \u001b[36m<div\u001b[39m\n                \u001b[33mclass\u001b[39m=\u001b[32m\"flex flex-col sm:flex-row justify-center space-y-2 sm:space-y-0 sm:space-x-4 text-sm text-gray-500\"\u001b[39m\n              \u001b[36m>\u001b[39m\n                \u001b[36m<a\u001b[39m\n                  \u001b[33mclass\u001b[39m=\u001b[32m\"hover:text-gray-700 transition-colors\"\u001b[39m\n                  \u001b[33mhref\u001b[39m=\u001b[32m\"/privacy\"\u001b[39m\n                \u001b[36m>\u001b[39m\n                  \u001b[0mPrivacy Policy\u001b[0m\n                \u001b[36m</a>\u001b[39m\n                \u001b[36m<a\u001b[39m\n                  \u001b[33mclass\u001b[39m=\u001b[32m\"hover:text-gray-700 transition-colors\"\u001b[39m\n                  \u001b[33mhref\u001b[39m=\u001b[32m\"/terms\"\u001b[39m\n                \u001b[36m>\u001b[39m\n                  \u001b[0mTerms of Service\u001b[0m\n                \u001b[36m</a>\u001b[39m\n                \u001b[36m<a\u001b[39m\n                  \u001b[33mclass\u001b[39m=\u001b[32m\"hover:text-gray-700 transition-colors\"\u001b[39m\n                  \u001b[33mhref\u001b[39m=\u001b[32m\"/help\"\u001b[39m\n                \u001b[36m>\u001b[39m\n                  \u001b[0mHelp Center\u001b[0m\n                \u001b[36m</a>\u001b[39m\n              \u001b[36m</div>\u001b[39m\n              \u001b[36m<p\u001b[39m\n                \u001b[33mclass\u001b[39m=\u001b[32m\"text-xs text-gray-400\"\u001b[39m\n              \u001b[36m>\u001b[39m\n                \u001b[0m© 2024 Verbfy. \u001b[0m\n                \u001b[0mAll rights reserved.\u001b[0m\n              \u001b[36m</p>\u001b[39m\n            \u001b[36m</div>\u001b[39m\n          \u001b[36m</div>\u001b[39m\n          \u001b[36m<a\u001b[39m\n            \u001b[33mclass\u001b[39m=\u001b[32m\"hidden lg:flex items-center px-3 py-2 text-sm font-medium text-gray-700 rounded-lg hover:bg-gray-100 hover:text-gray-900 transition-all duration-200 \"\u001b[39m\n            \u001b[33mhref\u001b[39m=\u001b[32m\"/\"\u001b[39m\n            \u001b[33mtitle\u001b[39m=\u001b[32m\"Anasayfa\"\u001b[39m\n          \u001b[36m>\u001b[39m\n            \u001b[36m<i\u001b[39m\n              \u001b[33mclass\u001b[39m=\u001b[32m\"fas fa-home w-5 h-5 mr-2\"\u001b[39m\n            \u001b[36m/>\u001b[39m\n          \u001b[36m</a>\u001b[39m\n          \u001b[36m<a\u001b[39m\n            \u001b[33mclass\u001b[39m=\u001b[32m\"lg:hidden fixed bottom-6 right-6 z-50 w-14 h-14 bg-gradient-to-r from-blue-500 to-purple-600 rounded-full flex items-center justify-center shadow-lg hover:shadow-xl transform hover:scale-105 transition-all duration-200\"\u001b[39m\n            \u001b[33mhref\u001b[39m=\u001b[32m\"/\"\u001b[39m\n            \u001b[33mtitle\u001b[39m=\u001b[32m\"Anasayfa\"\u001b[39m\n          \u001b[36m>\u001b[39m\n            \u001b[36m<span\u001b[39m\n              \u001b[33mclass\u001b[39m=\u001b[32m\"text-white text-xl\"\u001b[39m\n            \u001b[36m>\u001b[39m\n              \u001b[0m🏠\u001b[0m\n            \u001b[36m</span>\u001b[39m\n          \u001b[36m</a>\u001b[39m\n        \u001b[36m</div>\u001b[39m\n      \u001b[36m</div>\u001b[39m\n    \u001b[36m</body>\u001b[39m\n\u001b[2m\u001b[22m\n\u001b[2m    \u001b[0m \u001b[90m 184 |\u001b[39m     \u001b[36mconst\u001b[39m emailInput \u001b[33m=\u001b[39m screen\u001b[33m.\u001b[39mgetByLabelText(\u001b[35m/email/i\u001b[39m)\u001b[22m\n\u001b[2m     \u001b[90m 185 |\u001b[39m     \u001b[36mconst\u001b[39m passwordInput \u001b[33m=\u001b[39m screen\u001b[33m.\u001b[39mgetByLabelText(\u001b[35m/password/i\u001b[39m)\u001b[22m\n\u001b[2m    \u001b[31m\u001b[1m>\u001b[22m\u001b[2m\u001b[39m\u001b[90m 186 |\u001b[39m     \u001b[36mconst\u001b[39m loginButton \u001b[33m=\u001b[39m screen\u001b[33m.\u001b[39mgetByRole(\u001b[32m'button'\u001b[39m\u001b[33m,\u001b[39m { name\u001b[33m:\u001b[39m \u001b[35m/login/i\u001b[39m })\u001b[22m\n\u001b[2m     \u001b[90m     |\u001b[39m                                \u001b[31m\u001b[1m^\u001b[22m\u001b[2m\u001b[39m\u001b[22m\n\u001b[2m     \u001b[90m 187 |\u001b[39m\u001b[22m\n\u001b[2m     \u001b[90m 188 |\u001b[39m     \u001b[90m// Submit form with invalid credentials\u001b[39m\u001b[22m\n\u001b[2m     \u001b[90m 189 |\u001b[39m     fireEvent\u001b[33m.\u001b[39mchange(emailInput\u001b[33m,\u001b[39m { target\u001b[33m:\u001b[39m { value\u001b[33m:\u001b[39m \u001b[32m'test@example.com'\u001b[39m } })\u001b[0m\u001b[22m\n\u001b[2m\u001b[22m\n\u001b[2m      \u001b[2mat Object.getElementError (\u001b[22m\u001b[2mnode_modules/@testing-library/dom/dist/config.js\u001b[2m:37:19)\u001b[22m\u001b[2m\u001b[22m\n\u001b[2m      \u001b[2mat \u001b[22m\u001b[2mnode_modules/@testing-library/dom/dist/query-helpers.js\u001b[2m:76:38\u001b[22m\u001b[2m\u001b[22m\n\u001b[2m      \u001b[2mat \u001b[22m\u001b[2mnode_modules/@testing-library/dom/dist/query-helpers.js\u001b[2m:52:17\u001b[22m\u001b[2m\u001b[22m\n\u001b[2m      \u001b[2mat \u001b[22m\u001b[2mnode_modules/@testing-library/dom/dist/query-helpers.js\u001b[2m:95:19\u001b[22m\u001b[2m\u001b[22m\n\u001b[2m      \u001b[2mat Object.getByRole (\u001b[22m\u001b[2m\u001b[0m\u001b[36msrc/__tests__/integration/auth-flow.test.tsx\u001b[39m\u001b[0m\u001b[2m:186:32)\u001b[22m\u001b[2m\u001b[22m\n","name":"C:\\Verbfy\\verbfy-app\\src\\__tests__\\integration\\auth-flow.test.tsx","startTime":1759641775880,"status":"failed","summary":""}],"wasInterrupted":false}
